#
# A fatal error has been detected by the Java Runtime Environment:
#
#  SIGSEGV (0xb) at pc=0x00007fbf12e9c0cd, pid=7785, tid=140458452776704
#
# JRE version: 6.0_26-b03
# Java VM: Java HotSpot(TM) 64-Bit Server VM (20.1-b02 mixed mode linux-amd64 compressed oops)
# Problematic frame:
# V  [libjvm.so+0x5990cd]  unsigned+0x11d
#
# If you would like to submit a bug report, please visit:
#   http://java.sun.com/webapps/bugreport/crash.jsp
#

---------------  T H R E A D  ---------------

Current thread (0x00007fbf0c0a0000):  JavaThread "JDWP Transport Listener: dt_socket" daemon [_thread_in_vm, id=7805, stack(0x00007fbf081ef000,0x00007fbf082f0000)]

siginfo:si_signo=SIGSEGV: si_errno=0, si_code=128 (), si_addr=0x0000000000000000

Registers:
RAX=0x0000000000000001, RBX=0x0000000000000000, RCX=0x00007fbf1339d000, RDX=0x0000000000000000
RSP=0x00007fbf082ee800, RBP=0x00007fbf082ee870, RSI=0x00007fbf0c0a0000, RDI=0x00007fbf0c005710
R8 =0x00007fbf13f0d000, R9 =0x00007fbf1339cfe8, R10=0x0000000000000ffc, R11=0x00007fbf1339cff0
R12=0x00007fbf0c005710, R13=0x3b7265746e756f43, R14=0x00007fbf082ee8bf, R15=0x00007fbf082ee800
RIP=0x00007fbf12e9c0cd, EFLAGS=0x0000000000010202, CSGSFS=0x0000000000000033, ERR=0x0000000000000000
  TRAPNO=0x000000000000000d

Top of Stack: (sp=0x00007fbf082ee800)
0x00007fbf082ee800:   00007fbf0c0a0000 0000000000000000
0x00007fbf082ee810:   00007fbf00000000 0000000000000000
0x00007fbf082ee820:   00007fbf0c0a0000 000000000000001c
0x00007fbf082ee830:   00007fbf0c0a0000 00007fbf082ee950
0x00007fbf082ee840:   00007fbf0c073bc8 3b7265746e756f43
0x00007fbf082ee850:   00007fbf11e9d0f0 0000000000000001
0x00007fbf082ee860:   0000000000000001 0000000000000007
0x00007fbf082ee870:   00007fbf082ee8bf 00007fbf11d902ce
0x00007fbf082ee880:   3b7265746e756f43 00007fbf082ee950
0x00007fbf082ee890:   0000000000000001 00007fbf11d6da73
0x00007fbf082ee8a0:   0000000000000000 0000000000000000
0x00007fbf082ee8b0:   0000000000000000 000000000000000a
0x00007fbf082ee8c0:   0000000000000004 00007fbf082ee950
0x00007fbf082ee8d0:   00007fbed8004e80 00007fbf11d6dc36
0x00007fbf082ee8e0:   00007fbf082ee950 00000004082eeb10
0x00007fbf082ee8f0:   00007fbed8005af0 00007fbf082ee950
0x00007fbf082ee900:   00007fbf082eeb10 00007fbf082eeae0
0x00007fbf082ee910:   00007fbf11e9d0f0 00007fbf11d6dcae
0x00007fbf082ee920:   00007fbf082eeae0 00007fbf11d788fb
0x00007fbf082ee930:   0000407400000013 00007fbec80f0200
0x00007fbf082ee940:   00007fbec8001030 00007fbf082ee950
0x00007fbf082ee950:   00007fbf082eeaa5 00007fbf00000027
0x00007fbf082ee960:   00007fbf082ee968 00007fbe00000105
0x00007fbf082ee970:   00007fbf082ee9a0 0000000000000000
0x00007fbf082ee980:   00007f0000000000 000040740000001c
0x00007fbf082ee990:   00007fbf00007e80 00007fbf082ee9a0
0x00007fbf082ee9a0:   bf7f000004000000 09000000883d070c
0x00007fbf082ee9b0:   72616f4264616572 6a4c282a00000064
0x00007fbf082ee9c0:   6c6974752f617661 72656e6e6163532f
0x00007fbf082ee9d0:   2f6176616a4c293b 7272412f6c697475
0x00007fbf082ee9e0:   003b7473694c7961 76616a4c282e0000
0x00007fbf082ee9f0:   532f6c6974752f61 293b72656e6e6163 

Instructions: (pc=0x00007fbf12e9c0cd)
0x00007fbf12e9c0ad:   84 c7 03 00 00 41 0f b6 9c 24 68 01 00 00 80 e3
0x00007fbf12e9c0bd:   10 84 db 0f 84 ed 02 00 00 31 db 4d 85 ed 74 23
0x00007fbf12e9c0cd:   49 8b 45 00 48 85 c0 0f 84 d2 02 00 00 49 bd fe
0x00007fbf12e9c0dd:   fe fe fe fe fe fe fe 48 89 c3 4c 39 e8 0f 84 bc 

Register to memory mapping:

RAX=0x0000000000000001 is an unknown value
RBX=0x0000000000000000 is an unknown value
RCX=0x00007fbf1339d000: <offset 0xa9a000> in /usr/lib/jvm/java-6-sun-1.6.0.26/jre/lib/amd64/server/libjvm.so at 0x00007fbf12903000
RDX=0x0000000000000000 is an unknown value
RSP=0x00007fbf082ee800 is pointing into the stack for thread: 0x00007fbf0c0a0000
RBP=0x00007fbf082ee870 is pointing into the stack for thread: 0x00007fbf0c0a0000
RSI=0x00007fbf0c0a0000 is a thread
RDI=0x00007fbf0c005710 is an unknown value
R8 =0x00007fbf13f0d000 is an unknown value
R9 =0x00007fbf1339cfe8: <offset 0xa99fe8> in /usr/lib/jvm/java-6-sun-1.6.0.26/jre/lib/amd64/server/libjvm.so at 0x00007fbf12903000
R10=0x0000000000000ffc is an unknown value
R11=0x00007fbf1339cff0: <offset 0xa99ff0> in /usr/lib/jvm/java-6-sun-1.6.0.26/jre/lib/amd64/server/libjvm.so at 0x00007fbf12903000
R12=0x00007fbf0c005710 is an unknown value
R13=0x3b7265746e756f43 is an unknown value
R14=0x00007fbf082ee8bf is pointing into the stack for thread: 0x00007fbf0c0a0000
R15=0x00007fbf082ee800 is pointing into the stack for thread: 0x00007fbf0c0a0000


Stack: [0x00007fbf081ef000,0x00007fbf082f0000],  sp=0x00007fbf082ee800,  free space=1022k
Native frames: (J=compiled Java code, j=interpreted, Vv=VM code, C=native code)
V  [libjvm.so+0x5990cd]  unsigned+0x11d


---------------  P R O C E S S  ---------------

Java Threads: ( => current thread )
  0x00007fbf0c0ab000 JavaThread "Low Memory Detector" daemon [_thread_blocked, id=7813, stack(0x00007fbed3bfc000,0x00007fbed3cfd000)]
  0x00007fbf0c0a8800 JavaThread "C2 CompilerThread1" daemon [_thread_blocked, id=7812, stack(0x00007fbed3cfd000,0x00007fbed3dfe000)]
  0x00007fbf0c0a5800 JavaThread "C2 CompilerThread0" daemon [_thread_blocked, id=7811, stack(0x00007fbed3dfe000,0x00007fbed3eff000)]
  0x00007fbed8001000 JavaThread "JDWP Command Reader" daemon [_thread_in_native, id=7809, stack(0x00007fbed3eff000,0x00007fbed4000000)]
  0x00007fbf0c0a3800 JavaThread "JDWP Event Helper Thread" daemon [_thread_blocked, id=7806, stack(0x00007fbf080ee000,0x00007fbf081ef000)]
=>0x00007fbf0c0a0000 JavaThread "JDWP Transport Listener: dt_socket" daemon [_thread_in_vm, id=7805, stack(0x00007fbf081ef000,0x00007fbf082f0000)]
  0x00007fbf0c094000 JavaThread "Signal Dispatcher" daemon [_thread_blocked, id=7803, stack(0x00007fbf083f4000,0x00007fbf084f5000)]
  0x00007fbf0c078000 JavaThread "Finalizer" daemon [_thread_blocked, id=7802, stack(0x00007fbf084f5000,0x00007fbf085f6000)]
  0x00007fbf0c076000 JavaThread "Reference Handler" daemon [_thread_blocked, id=7801, stack(0x00007fbf085f6000,0x00007fbf086f7000)]
  0x00007fbf0c00a000 JavaThread "main" [_thread_in_native, id=7790, stack(0x00007fbf12506000,0x00007fbf12607000)]

Other Threads:
  0x00007fbf0c06f800 VMThread [stack: 0x00007fbf086f7000,0x00007fbf087f8000] [id=7800]
  0x00007fbf0c0b5800 WatcherThread [stack: 0x00007fbed3afb000,0x00007fbed3bfc000] [id=7814]

VM state:not at safepoint (normal execution)

VM Mutex/Monitor currently owned by a thread: None

Heap
 PSYoungGen      total 36736K, used 1262K [0x00000007d7000000, 0x00000007d98f0000, 0x0000000800000000)
  eden space 31552K, 4% used [0x00000007d7000000,0x00000007d713b880,0x00000007d8ed0000)
  from space 5184K, 0% used [0x00000007d93e0000,0x00000007d93e0000,0x00000007d98f0000)
  to   space 5184K, 0% used [0x00000007d8ed0000,0x00000007d8ed0000,0x00000007d93e0000)
 PSOldGen        total 83968K, used 0K [0x0000000785000000, 0x000000078a200000, 0x00000007d7000000)
  object space 83968K, 0% used [0x0000000785000000,0x0000000785000000,0x000000078a200000)
 PSPermGen       total 21248K, used 3262K [0x000000077fe00000, 0x00000007812c0000, 0x0000000785000000)
  object space 21248K, 15% used [0x000000077fe00000,0x000000078012fb30,0x00000007812c0000)

Code Cache  [0x00007fbf09000000, 0x00007fbf09270000, 0x00007fbf0c000000)
 total_blobs=153 nmethods=0 adapters=129 free_code_cache=49950848 largest_free_block=384

Dynamic libraries:
40000000-40009000 r-xp 00000000 08:06 1164130                            /usr/lib/jvm/java-6-sun-1.6.0.26/jre/bin/java
40108000-4010a000 rwxp 00008000 08:06 1164130                            /usr/lib/jvm/java-6-sun-1.6.0.26/jre/bin/java
40c78000-40c99000 rwxp 00000000 00:00 0                                  [heap]
77fe00000-7812c0000 rwxp 00000000 00:00 0 
7812c0000-785000000 rwxp 00000000 00:00 0 
785000000-78a200000 rwxp 00000000 00:00 0 
78a200000-7d7000000 rwxp 00000000 00:00 0 
7d7000000-7d98f0000 rwxp 00000000 00:00 0 
7d98f0000-800000000 rwxp 00000000 00:00 0 
7fbeb8000000-7fbeb8021000 rwxp 00000000 00:00 0 
7fbeb8021000-7fbebc000000 ---p 00000000 00:00 0 
7fbebc000000-7fbebc021000 rwxp 00000000 00:00 0 
7fbebc021000-7fbec0000000 ---p 00000000 00:00 0 
7fbec0000000-7fbec0021000 rwxp 00000000 00:00 0 
7fbec0021000-7fbec4000000 ---p 00000000 00:00 0 
7fbec4000000-7fbec4021000 rwxp 00000000 00:00 0 
7fbec4021000-7fbec8000000 ---p 00000000 00:00 0 
7fbec8000000-7fbec8021000 rwxp 00000000 00:00 0 
7fbec8021000-7fbecc000000 ---p 00000000 00:00 0 
7fbecc000000-7fbecc021000 rwxp 00000000 00:00 0 
7fbecc021000-7fbed0000000 ---p 00000000 00:00 0 
7fbed3afb000-7fbed3afc000 ---p 00000000 00:00 0 
7fbed3afc000-7fbed3bfc000 rwxp 00000000 00:00 0 
7fbed3bfc000-7fbed3bff000 ---p 00000000 00:00 0 
7fbed3bff000-7fbed3cfd000 rwxp 00000000 00:00 0 
7fbed3cfd000-7fbed3d00000 ---p 00000000 00:00 0 
7fbed3d00000-7fbed3dfe000 rwxp 00000000 00:00 0 
7fbed3dfe000-7fbed3e01000 ---p 00000000 00:00 0 
7fbed3e01000-7fbed3eff000 rwxp 00000000 00:00 0 
7fbed3eff000-7fbed3f02000 ---p 00000000 00:00 0 
7fbed3f02000-7fbed4000000 rwxp 00000000 00:00 0 
7fbed4000000-7fbed4021000 rwxp 00000000 00:00 0 
7fbed4021000-7fbed8000000 ---p 00000000 00:00 0 
7fbed8000000-7fbed8023000 rwxp 00000000 00:00 0 
7fbed8023000-7fbedc000000 ---p 00000000 00:00 0 
7fbedc000000-7fbedc021000 rwxp 00000000 00:00 0 
7fbedc021000-7fbee0000000 ---p 00000000 00:00 0 
7fbee0000000-7fbee0021000 rwxp 00000000 00:00 0 
7fbee0021000-7fbee4000000 ---p 00000000 00:00 0 
7fbee4000000-7fbee4021000 rwxp 00000000 00:00 0 
7fbee4021000-7fbee8000000 ---p 00000000 00:00 0 
7fbee8000000-7fbee8021000 rwxp 00000000 00:00 0 
7fbee8021000-7fbeec000000 ---p 00000000 00:00 0 
7fbeec000000-7fbeec021000 rwxp 00000000 00:00 0 
7fbeec021000-7fbef0000000 ---p 00000000 00:00 0 
7fbef0000000-7fbef0021000 rwxp 00000000 00:00 0 
7fbef0021000-7fbef4000000 ---p 00000000 00:00 0 
7fbef4000000-7fbef4021000 rwxp 00000000 00:00 0 
7fbef4021000-7fbef8000000 ---p 00000000 00:00 0 
7fbef8000000-7fbef8021000 rwxp 00000000 00:00 0 
7fbef8021000-7fbefc000000 ---p 00000000 00:00 0 
7fbefc000000-7fbefc021000 rwxp 00000000 00:00 0 
7fbefc021000-7fbf00000000 ---p 00000000 00:00 0 
7fbf00000000-7fbf00021000 rwxp 00000000 00:00 0 
7fbf00021000-7fbf04000000 ---p 00000000 00:00 0 
7fbf04000000-7fbf04021000 rwxp 00000000 00:00 0 
7fbf04021000-7fbf08000000 ---p 00000000 00:00 0 
7fbf080ee000-7fbf080f1000 ---p 00000000 00:00 0 
7fbf080f1000-7fbf081ef000 rwxp 00000000 00:00 0 
7fbf081ef000-7fbf081f2000 ---p 00000000 00:00 0 
7fbf081f2000-7fbf082f0000 rwxp 00000000 00:00 0 
7fbf082f0000-7fbf082f3000 r-xp 00000000 08:06 1164233                    /usr/lib/jvm/java-6-sun-1.6.0.26/jre/lib/amd64/libdt_socket.so
7fbf082f3000-7fbf083f2000 ---p 00003000 08:06 1164233                    /usr/lib/jvm/java-6-sun-1.6.0.26/jre/lib/amd64/libdt_socket.so
7fbf083f2000-7fbf083f4000 rwxp 00002000 08:06 1164233                    /usr/lib/jvm/java-6-sun-1.6.0.26/jre/lib/amd64/libdt_socket.so
7fbf083f4000-7fbf083f7000 ---p 00000000 00:00 0 
7fbf083f7000-7fbf084f5000 rwxp 00000000 00:00 0 
7fbf084f5000-7fbf084f8000 ---p 00000000 00:00 0 
7fbf084f8000-7fbf085f6000 rwxp 00000000 00:00 0 
7fbf085f6000-7fbf085f9000 ---p 00000000 00:00 0 
7fbf085f9000-7fbf086f7000 rwxp 00000000 00:00 0 
7fbf086f7000-7fbf086f8000 ---p 00000000 00:00 0 
7fbf086f8000-7fbf09270000 rwxp 00000000 00:00 0 
7fbf09270000-7fbf0c0d0000 rwxp 00000000 00:00 0 
7fbf0c0d0000-7fbf10000000 ---p 00000000 00:00 0 
7fbf100aa000-7fbf101df000 rwxp 00000000 00:00 0 
7fbf101df000-7fbf10377000 r-xs 03029000 08:06 1164312                    /usr/lib/jvm/java-6-sun-1.6.0.26/jre/lib/rt.jar
7fbf10377000-7fbf1039f000 rwxp 00000000 00:00 0 
7fbf1039f000-7fbf103a0000 ---p 00000000 00:00 0 
7fbf103a0000-7fbf104a0000 rwxp 00000000 00:00 0 
7fbf104a0000-7fbf104a1000 ---p 00000000 00:00 0 
7fbf104a1000-7fbf105a1000 rwxp 00000000 00:00 0 
7fbf105a1000-7fbf105a2000 ---p 00000000 00:00 0 
7fbf105a2000-7fbf106a2000 rwxp 00000000 00:00 0 
7fbf106a2000-7fbf106a3000 ---p 00000000 00:00 0 
7fbf106a3000-7fbf107a3000 rwxp 00000000 00:00 0 
7fbf107a3000-7fbf107a4000 ---p 00000000 00:00 0 
7fbf107a4000-7fbf108a4000 rwxp 00000000 00:00 0 
7fbf108a4000-7fbf108a5000 ---p 00000000 00:00 0 
7fbf108a5000-7fbf109a5000 rwxp 00000000 00:00 0 
7fbf109a5000-7fbf109a6000 ---p 00000000 00:00 0 
7fbf109a6000-7fbf10aa6000 rwxp 00000000 00:00 0 
7fbf10aa6000-7fbf10aa7000 ---p 00000000 00:00 0 
7fbf10aa7000-7fbf10bb2000 rwxp 00000000 00:00 0 
7fbf10bb2000-7fbf10bd0000 rwxp 00000000 00:00 0 
7fbf10bd0000-7fbf10bf9000 rwxp 00000000 00:00 0 
7fbf10bf9000-7fbf10e60000 rwxp 00000000 00:00 0 
7fbf10e60000-7fbf10e6b000 rwxp 00000000 00:00 0 
7fbf10e6b000-7fbf10e89000 rwxp 00000000 00:00 0 
7fbf10e89000-7fbf10eb2000 rwxp 00000000 00:00 0 
7fbf10eb2000-7fbf11119000 rwxp 00000000 00:00 0 
7fbf11119000-7fbf1112e000 rwxp 00000000 00:00 0 
7fbf1112e000-7fbf11261000 rwxp 00000000 00:00 0 
7fbf11261000-7fbf11262000 rwxp 00000000 00:00 0 
7fbf11262000-7fbf11270000 r-xp 00000000 08:06 1164270                    /usr/lib/jvm/java-6-sun-1.6.0.26/jre/lib/amd64/libzip.so
7fbf11270000-7fbf11372000 ---p 0000e000 08:06 1164270                    /usr/lib/jvm/java-6-sun-1.6.0.26/jre/lib/amd64/libzip.so
7fbf11372000-7fbf11375000 rwxp 00010000 08:06 1164270                    /usr/lib/jvm/java-6-sun-1.6.0.26/jre/lib/amd64/libzip.so
7fbf11375000-7fbf11376000 rwxp 00000000 00:00 0 
7fbf11376000-7fbf11382000 r-xp 00000000 08:06 17096728                   /lib/x86_64-linux-gnu/libnss_files-2.15.so
7fbf11382000-7fbf11581000 ---p 0000c000 08:06 17096728                   /lib/x86_64-linux-gnu/libnss_files-2.15.so
7fbf11581000-7fbf11582000 r-xp 0000b000 08:06 17096728                   /lib/x86_64-linux-gnu/libnss_files-2.15.so
7fbf11582000-7fbf11583000 rwxp 0000c000 08:06 17096728                   /lib/x86_64-linux-gnu/libnss_files-2.15.so
7fbf11583000-7fbf1158d000 r-xp 00000000 08:06 17096732                   /lib/x86_64-linux-gnu/libnss_nis-2.15.so
7fbf1158d000-7fbf1178d000 ---p 0000a000 08:06 17096732                   /lib/x86_64-linux-gnu/libnss_nis-2.15.so
7fbf1178d000-7fbf1178e000 r-xp 0000a000 08:06 17096732                   /lib/x86_64-linux-gnu/libnss_nis-2.15.so
7fbf1178e000-7fbf1178f000 rwxp 0000b000 08:06 17096732                   /lib/x86_64-linux-gnu/libnss_nis-2.15.so
7fbf1178f000-7fbf11797000 r-xp 00000000 08:06 17096726                   /lib/x86_64-linux-gnu/libnss_compat-2.15.so
7fbf11797000-7fbf11996000 ---p 00008000 08:06 17096726                   /lib/x86_64-linux-gnu/libnss_compat-2.15.so
7fbf11996000-7fbf11997000 r-xp 00007000 08:06 17096726                   /lib/x86_64-linux-gnu/libnss_compat-2.15.so
7fbf11997000-7fbf11998000 rwxp 00008000 08:06 17096726                   /lib/x86_64-linux-gnu/libnss_compat-2.15.so
7fbf11998000-7fbf11c64000 r-xp 00000000 08:06 41301                      /usr/lib/locale/locale-archive
7fbf11c64000-7fbf11c67000 r-xp 00000000 08:06 1164258                    /usr/lib/jvm/java-6-sun-1.6.0.26/jre/lib/amd64/libnpt.so
7fbf11c67000-7fbf11d66000 ---p 00003000 08:06 1164258                    /usr/lib/jvm/java-6-sun-1.6.0.26/jre/lib/amd64/libnpt.so
7fbf11d66000-7fbf11d67000 rwxp 00002000 08:06 1164258                    /usr/lib/jvm/java-6-sun-1.6.0.26/jre/lib/amd64/libnpt.so
7fbf11d67000-7fbf11d9d000 r-xp 00000000 08:06 1164257                    /usr/lib/jvm/java-6-sun-1.6.0.26/jre/lib/amd64/libjdwp.so
7fbf11d9d000-7fbf11e9c000 ---p 00036000 08:06 1164257                    /usr/lib/jvm/java-6-sun-1.6.0.26/jre/lib/amd64/libjdwp.so
7fbf11e9c000-7fbf11ea6000 rwxp 00035000 08:06 1164257                    /usr/lib/jvm/java-6-sun-1.6.0.26/jre/lib/amd64/libjdwp.so
7fbf11ea6000-7fbf11ebd000 r-xp 00000000 08:06 17096756                   /lib/x86_64-linux-gnu/libnsl-2.15.so
7fbf11ebd000-7fbf120bc000 ---p 00017000 08:06 17096756                   /lib/x86_64-linux-gnu/libnsl-2.15.so
7fbf120bc000-7fbf120bd000 r-xp 00016000 08:06 17096756                   /lib/x86_64-linux-gnu/libnsl-2.15.so
7fbf120bd000-7fbf120be000 rwxp 00017000 08:06 17096756                   /lib/x86_64-linux-gnu/libnsl-2.15.so
7fbf120be000-7fbf120c0000 rwxp 00000000 00:00 0 
7fbf120c0000-7fbf120e9000 r-xp 00000000 08:06 1164269                    /usr/lib/jvm/java-6-sun-1.6.0.26/jre/lib/amd64/libjava.so
7fbf120e9000-7fbf121e8000 ---p 00029000 08:06 1164269                    /usr/lib/jvm/java-6-sun-1.6.0.26/jre/lib/amd64/libjava.so
7fbf121e8000-7fbf121ef000 rwxp 00028000 08:06 1164269                    /usr/lib/jvm/java-6-sun-1.6.0.26/jre/lib/amd64/libjava.so
7fbf121ef000-7fbf121fc000 r-xp 00000000 08:06 1164247                    /usr/lib/jvm/java-6-sun-1.6.0.26/jre/lib/amd64/libverify.so
7fbf121fc000-7fbf122fb000 ---p 0000d000 08:06 1164247                    /usr/lib/jvm/java-6-sun-1.6.0.26/jre/lib/amd64/libverify.so
7fbf122fb000-7fbf122fe000 rwxp 0000c000 08:06 1164247                    /usr/lib/jvm/java-6-sun-1.6.0.26/jre/lib/amd64/libverify.so
7fbf122fe000-7fbf12305000 r-xp 00000000 08:06 17096731                   /lib/x86_64-linux-gnu/librt-2.15.so
7fbf12305000-7fbf12504000 ---p 00007000 08:06 17096731                   /lib/x86_64-linux-gnu/librt-2.15.so
7fbf12504000-7fbf12505000 r-xp 00006000 08:06 17096731                   /lib/x86_64-linux-gnu/librt-2.15.so
7fbf12505000-7fbf12506000 rwxp 00007000 08:06 17096731                   /lib/x86_64-linux-gnu/librt-2.15.so
7fbf12506000-7fbf12509000 ---p 00000000 00:00 0 
7fbf12509000-7fbf12607000 rwxp 00000000 00:00 0 
7fbf12607000-7fbf12702000 r-xp 00000000 08:06 17096735                   /lib/x86_64-linux-gnu/libm-2.15.so
7fbf12702000-7fbf12901000 ---p 000fb000 08:06 17096735                   /lib/x86_64-linux-gnu/libm-2.15.so
7fbf12901000-7fbf12902000 r-xp 000fa000 08:06 17096735                   /lib/x86_64-linux-gnu/libm-2.15.so
7fbf12902000-7fbf12903000 rwxp 000fb000 08:06 17096735                   /lib/x86_64-linux-gnu/libm-2.15.so
7fbf12903000-7fbf1321d000 r-xp 00000000 08:06 1164273                    /usr/lib/jvm/java-6-sun-1.6.0.26/jre/lib/amd64/server/libjvm.so
7fbf1321d000-7fbf1331f000 ---p 0091a000 08:06 1164273                    /usr/lib/jvm/java-6-sun-1.6.0.26/jre/lib/amd64/server/libjvm.so
7fbf1331f000-7fbf134d4000 rwxp 0091c000 08:06 1164273                    /usr/lib/jvm/java-6-sun-1.6.0.26/jre/lib/amd64/server/libjvm.so
7fbf134d4000-7fbf1350e000 rwxp 00000000 00:00 0 
7fbf1350e000-7fbf136c3000 r-xp 00000000 08:06 17096724                   /lib/x86_64-linux-gnu/libc-2.15.so
7fbf136c3000-7fbf138c3000 ---p 001b5000 08:06 17096724                   /lib/x86_64-linux-gnu/libc-2.15.so
7fbf138c3000-7fbf138c7000 r-xp 001b5000 08:06 17096724                   /lib/x86_64-linux-gnu/libc-2.15.so
7fbf138c7000-7fbf138c9000 rwxp 001b9000 08:06 17096724                   /lib/x86_64-linux-gnu/libc-2.15.so
7fbf138c9000-7fbf138ce000 rwxp 00000000 00:00 0 
7fbf138ce000-7fbf138d0000 r-xp 00000000 08:06 17096751                   /lib/x86_64-linux-gnu/libdl-2.15.so
7fbf138d0000-7fbf13ad0000 ---p 00002000 08:06 17096751                   /lib/x86_64-linux-gnu/libdl-2.15.so
7fbf13ad0000-7fbf13ad1000 r-xp 00002000 08:06 17096751                   /lib/x86_64-linux-gnu/libdl-2.15.so
7fbf13ad1000-7fbf13ad2000 rwxp 00003000 08:06 17096751                   /lib/x86_64-linux-gnu/libdl-2.15.so
7fbf13ad2000-7fbf13aea000 r-xp 00000000 08:06 17096733                   /lib/x86_64-linux-gnu/libpthread-2.15.so
7fbf13aea000-7fbf13ce9000 ---p 00018000 08:06 17096733                   /lib/x86_64-linux-gnu/libpthread-2.15.so
7fbf13ce9000-7fbf13cea000 r-xp 00017000 08:06 17096733                   /lib/x86_64-linux-gnu/libpthread-2.15.so
7fbf13cea000-7fbf13ceb000 rwxp 00018000 08:06 17096733                   /lib/x86_64-linux-gnu/libpthread-2.15.so
7fbf13ceb000-7fbf13cef000 rwxp 00000000 00:00 0 
7fbf13cef000-7fbf13d11000 r-xp 00000000 08:06 17096736                   /lib/x86_64-linux-gnu/ld-2.15.so
7fbf13d20000-7fbf13d2a000 rwxp 00000000 00:00 0 
7fbf13d2a000-7fbf13de0000 rwxp 00000000 00:00 0 
7fbf13de0000-7fbf13de3000 rwxp 00000000 00:00 0 
7fbf13de3000-7fbf13dea000 r-xp 00000000 08:06 1164244                    /usr/lib/jvm/java-6-sun-1.6.0.26/jre/lib/amd64/jli/libjli.so
7fbf13dea000-7fbf13eeb000 ---p 00007000 08:06 1164244                    /usr/lib/jvm/java-6-sun-1.6.0.26/jre/lib/amd64/jli/libjli.so
7fbf13eeb000-7fbf13eed000 rwxp 00008000 08:06 1164244                    /usr/lib/jvm/java-6-sun-1.6.0.26/jre/lib/amd64/jli/libjli.so
7fbf13eed000-7fbf13eee000 rwxp 00000000 00:00 0 
7fbf13f05000-7fbf13f0d000 rwxs 00000000 08:06 16891906                   /tmp/hsperfdata_davidg/7785
7fbf13f0d000-7fbf13f0e000 rwxp 00000000 00:00 0 
7fbf13f0e000-7fbf13f0f000 r-xp 00000000 00:00 0 
7fbf13f0f000-7fbf13f11000 rwxp 00000000 00:00 0 
7fbf13f11000-7fbf13f12000 r-xp 00022000 08:06 17096736                   /lib/x86_64-linux-gnu/ld-2.15.so
7fbf13f12000-7fbf13f14000 rwxp 00023000 08:06 17096736                   /lib/x86_64-linux-gnu/ld-2.15.so
7fffa802d000-7fffa804e000 rwxp 00000000 00:00 0                          [stack]
7fffa8150000-7fffa8151000 r-xp 00000000 00:00 0                          [vdso]
ffffffffff600000-ffffffffff601000 r-xp 00000000 00:00 0                  [vsyscall]

VM Arguments:
jvm_args: -agentlib:jdwp=transport=dt_socket,suspend=y,address=localhost:33154 -Dfile.encoding=UTF-8 
java_command: src.core.MainBoardCellsCounter
Launcher Type: SUN_STANDARD

Environment Variables:
PATH=/usr/lib/lightdm/lightdm:/usr/local/sbin:/usr/local/bin:/usr/sbin:/usr/bin:/sbin:/bin:/usr/games
LD_LIBRARY_PATH=/usr/lib/jvm/java-6-sun-1.6.0.26/jre/lib/amd64/server:/usr/lib/jvm/java-6-sun-1.6.0.26/jre/lib/amd64:/usr/lib/jvm/java-6-sun-1.6.0.26/jre/../lib/amd64:/usr/lib/jvm/java-6-openjdk-amd64/jre/lib/amd64/server:/usr/lib/jvm/java-6-openjdk-amd64/jre/lib/amd64:/usr/lib/jvm/java-6-openjdk-amd64/jre/../lib/amd64
SHELL=/bin/bash
DISPLAY=:0

Signal Handlers:
SIGSEGV: [libjvm.so+0x85f800], sa_mask[0]=0x7ffbfeff, sa_flags=0x10000004
SIGBUS: [libjvm.so+0x85f800], sa_mask[0]=0x7ffbfeff, sa_flags=0x10000004
SIGFPE: [libjvm.so+0x70e300], sa_mask[0]=0x7ffbfeff, sa_flags=0x10000004
SIGPIPE: [libjvm.so+0x70e300], sa_mask[0]=0x7ffbfeff, sa_flags=0x10000004
SIGXFSZ: [libjvm.so+0x70e300], sa_mask[0]=0x7ffbfeff, sa_flags=0x10000004
SIGILL: [libjvm.so+0x70e300], sa_mask[0]=0x7ffbfeff, sa_flags=0x10000004
SIGUSR1: SIG_DFL, sa_mask[0]=0x00000000, sa_flags=0x00000000
SIGUSR2: [libjvm.so+0x711110], sa_mask[0]=0x00000004, sa_flags=0x10000004
SIGHUP: [libjvm.so+0x710d10], sa_mask[0]=0x7ffbfeff, sa_flags=0x10000004
SIGINT: [libjvm.so+0x710d10], sa_mask[0]=0x7ffbfeff, sa_flags=0x10000004
SIGTERM: [libjvm.so+0x710d10], sa_mask[0]=0x7ffbfeff, sa_flags=0x10000004
SIGQUIT: [libjvm.so+0x710d10], sa_mask[0]=0x7ffbfeff, sa_flags=0x10000004


---------------  S Y S T E M  ---------------

OS:wheezy/sid

uname:Linux 3.2.0-61-generic #93-Ubuntu SMP Fri May 2 21:31:50 UTC 2014 x86_64
libc:glibc 2.15 NPTL 2.15 
rlimit: STACK 8192k, CORE 0k, NPROC 62793, NOFILE 4096, AS infinity
load average:0.21 0.34 0.33

/proc/meminfo:
MemTotal:        8055140 kB
MemFree:         5994612 kB
Buffers:          180784 kB
Cached:           840052 kB
SwapCached:            0 kB
Active:          1211348 kB
Inactive:         617784 kB
Active(anon):     817272 kB
Inactive(anon):   150640 kB
Active(file):     394076 kB
Inactive(file):   467144 kB
Unevictable:           0 kB
Mlocked:               0 kB
SwapTotal:             0 kB
SwapFree:              0 kB
Dirty:                28 kB
Writeback:             0 kB
AnonPages:        807988 kB
Mapped:           152560 kB
Shmem:            159628 kB
Slab:              76352 kB
SReclaimable:      43660 kB
SUnreclaim:        32692 kB
KernelStack:        4280 kB
PageTables:        24708 kB
NFS_Unstable:          0 kB
Bounce:                0 kB
WritebackTmp:          0 kB
CommitLimit:     4027568 kB
Committed_AS:    2772712 kB
VmallocTotal:   34359738367 kB
VmallocUsed:      371432 kB
VmallocChunk:   34359356412 kB
HardwareCorrupted:     0 kB
AnonHugePages:         0 kB
HugePages_Total:       0
HugePages_Free:        0
HugePages_Rsvd:        0
HugePages_Surp:        0
Hugepagesize:       2048 kB
DirectMap4k:       75776 kB
DirectMap2M:     8198144 kB


CPU:total 8 (4 cores per cpu, 2 threads per core) family 6 model 42 stepping 7, cmov, cx8, fxsr, mmx, sse, sse2, sse3, ssse3, sse4.1, sse4.2, popcnt, ht

/proc/cpuinfo:
processor	: 0
vendor_id	: GenuineIntel
cpu family	: 6
model		: 42
model name	: Intel(R) Core(TM) i7-2720QM CPU @ 2.20GHz
stepping	: 7
microcode	: 0x28
cpu MHz		: 800.000
cache size	: 6144 KB
physical id	: 0
siblings	: 8
core id		: 0
cpu cores	: 4
apicid		: 0
initial apicid	: 0
fpu		: yes
fpu_exception	: yes
cpuid level	: 13
wp		: yes
flags		: fpu vme de pse tsc msr pae mce cx8 apic sep mtrr pge mca cmov pat pse36 clflush dts acpi mmx fxsr sse sse2 ss ht tm pbe syscall nx rdtscp lm constant_tsc arch_perfmon pebs bts rep_good nopl xtopology nonstop_tsc aperfmperf pni pclmulqdq dtes64 monitor ds_cpl vmx smx est tm2 ssse3 cx16 xtpr pdcm pcid sse4_1 sse4_2 x2apic popcnt tsc_deadline_timer aes xsave avx lahf_lm ida arat epb xsaveopt pln pts dtherm tpr_shadow vnmi flexpriority ept vpid
bogomips	: 4390.09
clflush size	: 64
cache_alignment	: 64
address sizes	: 36 bits physical, 48 bits virtual
power management:

processor	: 1
vendor_id	: GenuineIntel
cpu family	: 6
model		: 42
model name	: Intel(R) Core(TM) i7-2720QM CPU @ 2.20GHz
stepping	: 7
microcode	: 0x28
cpu MHz		: 800.000
cache size	: 6144 KB
physical id	: 0
siblings	: 8
core id		: 1
cpu cores	: 4
apicid		: 2
initial apicid	: 2
fpu		: yes
fpu_exception	: yes
cpuid level	: 13
wp		: yes
flags		: fpu vme de pse tsc msr pae mce cx8 apic sep mtrr pge mca cmov pat pse36 clflush dts acpi mmx fxsr sse sse2 ss ht tm pbe syscall nx rdtscp lm constant_tsc arch_perfmon pebs bts rep_good nopl xtopology nonstop_tsc aperfmperf pni pclmulqdq dtes64 monitor ds_cpl vmx smx est tm2 ssse3 cx16 xtpr pdcm pcid sse4_1 sse4_2 x2apic popcnt tsc_deadline_timer aes xsave avx lahf_lm ida arat epb xsaveopt pln pts dtherm tpr_shadow vnmi flexpriority ept vpid
bogomips	: 4389.83
clflush size	: 64
cache_alignment	: 64
address sizes	: 36 bits physical, 48 bits virtual
power management:

processor	: 2
vendor_id	: GenuineIntel
cpu family	: 6
model		: 42
model name	: Intel(R) Core(TM) i7-2720QM CPU @ 2.20GHz
stepping	: 7
microcode	: 0x28
cpu MHz		: 800.000
cache size	: 6144 KB
physical id	: 0
siblings	: 8
core id		: 2
cpu cores	: 4
apicid		: 4
initial apicid	: 4
fpu		: yes
fpu_exception	: yes
cpuid level	: 13
wp		: yes
flags		: fpu vme de pse tsc msr pae mce cx8 apic sep mtrr pge mca cmov pat pse36 clflush dts acpi mmx fxsr sse sse2 ss ht tm pbe syscall nx rdtscp lm constant_tsc arch_perfmon pebs bts rep_good nopl xtopology nonstop_tsc aperfmperf pni pclmulqdq dtes64 monitor ds_cpl vmx smx est tm2 ssse3 cx16 xtpr pdcm pcid sse4_1 sse4_2 x2apic popcnt tsc_deadline_timer aes xsave avx lahf_lm ida arat epb xsaveopt pln pts dtherm tpr_shadow vnmi flexpriority ept vpid
bogomips	: 4389.84
clflush size	: 64
cache_alignment	: 64
address sizes	: 36 bits physical, 48 bits virtual
power management:

processor	: 3
vendor_id	: GenuineIntel
cpu family	: 6
model		: 42
model name	: Intel(R) Core(TM) i7-2720QM CPU @ 2.20GHz
stepping	: 7
microcode	: 0x28
cpu MHz		: 800.000
cache size	: 6144 KB
physical id	: 0
siblings	: 8
core id		: 3
cpu cores	: 4
apicid		: 6
initial apicid	: 6
fpu		: yes
fpu_exception	: yes
cpuid level	: 13
wp		: yes
flags		: fpu vme de pse tsc msr pae mce cx8 apic sep mtrr pge mca cmov pat pse36 clflush dts acpi mmx fxsr sse sse2 ss ht tm pbe syscall nx rdtscp lm constant_tsc arch_perfmon pebs bts rep_good nopl xtopology nonstop_tsc aperfmperf pni pclmulqdq dtes64 monitor ds_cpl vmx smx est tm2 ssse3 cx16 xtpr pdcm pcid sse4_1 sse4_2 x2apic popcnt tsc_deadline_timer aes xsave avx lahf_lm ida arat epb xsaveopt pln pts dtherm tpr_shadow vnmi flexpriority ept vpid
bogomips	: 4389.83
clflush size	: 64
cache_alignment	: 64
address sizes	: 36 bits physical, 48 bits virtual
power management:

processor	: 4
vendor_id	: GenuineIntel
cpu family	: 6
model		: 42
model name	: Intel(R) Core(TM) i7-2720QM CPU @ 2.20GHz
stepping	: 7
microcode	: 0x28
cpu MHz		: 800.000
cache size	: 6144 KB
physical id	: 0
siblings	: 8
core id		: 0
cpu cores	: 4
apicid		: 1
initial apicid	: 1
fpu		: yes
fpu_exception	: yes
cpuid level	: 13
wp		: yes
flags		: fpu vme de pse tsc msr pae mce cx8 apic sep mtrr pge mca cmov pat pse36 clflush dts acpi mmx fxsr sse sse2 ss ht tm pbe syscall nx rdtscp lm constant_tsc arch_perfmon pebs bts rep_good nopl xtopology nonstop_tsc aperfmperf pni pclmulqdq dtes64 monitor ds_cpl vmx smx est tm2 ssse3 cx16 xtpr pdcm pcid sse4_1 sse4_2 x2apic popcnt tsc_deadline_timer aes xsave avx lahf_lm ida arat epb xsaveopt pln pts dtherm tpr_shadow vnmi flexpriority ept vpid
bogomips	: 4389.83
clflush size	: 64
cache_alignment	: 64
address sizes	: 36 bits physical, 48 bits virtual
power management:

processor	: 5
vendor_id	: GenuineIntel
cpu family	: 6
model		: 42
model name	: Intel(R) Core(TM) i7-2720QM CPU @ 2.20GHz
stepping	: 7
microcode	: 0x28
cpu MHz		: 2201.000
cache size	: 6144 KB
physical id	: 0
siblings	: 8
core id		: 1
cpu cores	: 4
apicid		: 3
initial apicid	: 3
fpu		: yes
fpu_exception	: yes
cpuid level	: 13
wp		: yes
flags		: fpu vme de pse tsc msr pae mce cx8 apic sep mtrr pge mca cmov pat pse36 clflush dts acpi mmx fxsr sse sse2 ss ht tm pbe syscall nx rdtscp lm constant_tsc arch_perfmon pebs bts rep_good nopl xtopology nonstop_tsc aperfmperf pni pclmulqdq dtes64 monitor ds_cpl vmx smx est tm2 ssse3 cx16 xtpr pdcm pcid sse4_1 sse4_2 x2apic popcnt tsc_deadline_timer aes xsave avx lahf_lm ida arat epb xsaveopt pln pts dtherm tpr_shadow vnmi flexpriority ept vpid
bogomips	: 4389.84
clflush size	: 64
cache_alignment	: 64
address sizes	: 36 bits physical, 48 bits virtual
power management:

processor	: 6
vendor_id	: GenuineIntel
cpu family	: 6
model		: 42
model name	: Intel(R) Core(TM) i7-2720QM CPU @ 2.20GHz
stepping	: 7
microcode	: 0x28
cpu MHz		: 800.000
cache size	: 6144 KB
physical id	: 0
siblings	: 8
core id		: 2
cpu cores	: 4
apicid		: 5
initial apicid	: 5
fpu		: yes
fpu_exception	: yes
cpuid level	: 13
wp		: yes
flags		: fpu vme de pse tsc msr pae mce cx8 apic sep mtrr pge mca cmov pat pse36 clflush dts acpi mmx fxsr sse sse2 ss ht tm pbe syscall nx rdtscp lm constant_tsc arch_perfmon pebs bts rep_good nopl xtopology nonstop_tsc aperfmperf pni pclmulqdq dtes64 monitor ds_cpl vmx smx est tm2 ssse3 cx16 xtpr pdcm pcid sse4_1 sse4_2 x2apic popcnt tsc_deadline_timer aes xsave avx lahf_lm ida arat epb xsaveopt pln pts dtherm tpr_shadow vnmi flexpriority ept vpid
bogomips	: 4389.82
clflush size	: 64
cache_alignment	: 64
address sizes	: 36 bits physical, 48 bits virtual
power management:

processor	: 7
vendor_id	: GenuineIntel
cpu family	: 6
model		: 42
model name	: Intel(R) Core(TM) i7-2720QM CPU @ 2.20GHz
stepping	: 7
microcode	: 0x28
cpu MHz		: 800.000
cache size	: 6144 KB
physical id	: 0
siblings	: 8
core id		: 3
cpu cores	: 4
apicid		: 7
initial apicid	: 7
fpu		: yes
fpu_exception	: yes
cpuid level	: 13
wp		: yes
flags		: fpu vme de pse tsc msr pae mce cx8 apic sep mtrr pge mca cmov pat pse36 clflush dts acpi mmx fxsr sse sse2 ss ht tm pbe syscall nx rdtscp lm constant_tsc arch_perfmon pebs bts rep_good nopl xtopology nonstop_tsc aperfmperf pni pclmulqdq dtes64 monitor ds_cpl vmx smx est tm2 ssse3 cx16 xtpr pdcm pcid sse4_1 sse4_2 x2apic popcnt tsc_deadline_timer aes xsave avx lahf_lm ida arat epb xsaveopt pln pts dtherm tpr_shadow vnmi flexpriority ept vpid
bogomips	: 4389.83
clflush size	: 64
cache_alignment	: 64
address sizes	: 36 bits physical, 48 bits virtual
power management:



Memory: 4k page, physical 8055140k(5994612k free), swap 0k(0k free)

vm_info: Java HotSpot(TM) 64-Bit Server VM (20.1-b02) for linux-amd64 JRE (1.6.0_26-b03), built on May  4 2011 01:13:47 by "java_re" with gcc 3.2.2 (SuSE Linux)

time: Thu Sep 11 16:18:15 2014
elapsed time: 538 seconds

