#
# A fatal error has been detected by the Java Runtime Environment:
#
#  SIGSEGV (0xb) at pc=0x00007f95ad4ce0cd, pid=4001, tid=140280587417344
#
# JRE version: 6.0_26-b03
# Java VM: Java HotSpot(TM) 64-Bit Server VM (20.1-b02 mixed mode linux-amd64 compressed oops)
# Problematic frame:
# V  [libjvm.so+0x5990cd]  unsigned+0x11d
#
# If you would like to submit a bug report, please visit:
#   http://java.sun.com/webapps/bugreport/crash.jsp
#

---------------  T H R E A D  ---------------

Current thread (0x00007f95a80a0000):  JavaThread "JDWP Transport Listener: dt_socket" daemon [_thread_in_vm, id=4021, stack(0x00007f959e84f000,0x00007f959e950000)]

siginfo:si_signo=SIGSEGV: si_errno=0, si_code=128 (), si_addr=0x0000000000000000

Registers:
RAX=0x0000000000000001, RBX=0x0000000000000000, RCX=0x00007f95ad9cf000, RDX=0x0000000000000000
RSP=0x00007f959e94e800, RBP=0x00007f959e94e870, RSI=0x00007f95a80a0000, RDI=0x00007f95a8005710
R8 =0x00007f95ae53f000, R9 =0x00007f95ad9cefe8, R10=0x0000000000000ffc, R11=0x00007f95ad9ceff0
R12=0x00007f95a8005710, R13=0x6e7265747461502f, R14=0x00007f959e94e8bf, R15=0x00007f959e94e800
RIP=0x00007f95ad4ce0cd, EFLAGS=0x0000000000010202, CSGSFS=0x0000000000000033, ERR=0x0000000000000000
  TRAPNO=0x000000000000000d

Top of Stack: (sp=0x00007f959e94e800)
0x00007f959e94e800:   00007f95a80a0000 0000000000000000
0x00007f959e94e810:   00007f9500000000 0000000000000000
0x00007f959e94e820:   00007f95a80a0000 000000000000001c
0x00007f959e94e830:   00007f95a80a0000 00007f959e94e950
0x00007f959e94e840:   00007f9578001188 6e7265747461502f
0x00007f959e94e850:   00007f95ac4cf0f0 0000000000000001
0x00007f959e94e860:   0000000000000001 0000000000000007
0x00007f959e94e870:   00007f959e94e8bf 00007f95ac3c22ce
0x00007f959e94e880:   6e7265747461502f 00007f959e94e950
0x00007f959e94e890:   0000000000000001 00007f95ac39fa73
0x00007f959e94e8a0:   0000000000000000 0000000000000000
0x00007f959e94e8b0:   0000000000000000 000000000000000a
0x00007f959e94e8c0:   0000000000000003 00007f959e94e950
0x00007f959e94e8d0:   00007f95680050f8 00007f95ac39fc36
0x00007f959e94e8e0:   00007f959e94e950 000000039e94eb10
0x00007f959e94e8f0:   00007f9568005ca0 00007f959e94e950
0x00007f959e94e900:   00007f959e94eb10 00007f959e94eae0
0x00007f959e94e910:   00007f95ac4cf0f0 00007f95ac39fcae
0x00007f959e94e920:   00007f959e94eae0 00007f95ac3aa8fb
0x00007f959e94e930:   00003a1f00000013 00007f95600f0200
0x00007f959e94e940:   00007f9560001070 00007f959e94e950
0x00007f959e94e950:   00007f959e94ea1b 00007f95000000b1
0x00007f959e94e960:   00007f959e94e968 00007f950000007b
0x00007f959e94e970:   00007f959e94e9a0 0000000000000000
0x00007f959e94e980:   00007f0000000000 00003a1f0000001c
0x00007f959e94e990:   00007f9500007e80 00007f959e94e9a0
0x00007f959e94e9a0:   957f000003000000 0600000080110078
0x00007f959e94e9b0:   00003e74696e693c 0000005629280300
0x00007f959e94e9c0:   7f00000100000000 0000008811007895
0x00007f959e94e9d0:   6f42746e6972700a 2818000000647261
0x00007f959e94e9e0:   74752f6176616a4c 79617272412f6c69
0x00007f959e94e9f0:   0056293b7473694c 76616a4c281c0000 

Instructions: (pc=0x00007f95ad4ce0cd)
0x00007f95ad4ce0ad:   84 c7 03 00 00 41 0f b6 9c 24 68 01 00 00 80 e3
0x00007f95ad4ce0bd:   10 84 db 0f 84 ed 02 00 00 31 db 4d 85 ed 74 23
0x00007f95ad4ce0cd:   49 8b 45 00 48 85 c0 0f 84 d2 02 00 00 49 bd fe
0x00007f95ad4ce0dd:   fe fe fe fe fe fe fe 48 89 c3 4c 39 e8 0f 84 bc 

Register to memory mapping:

RAX=0x0000000000000001 is an unknown value
RBX=0x0000000000000000 is an unknown value
RCX=0x00007f95ad9cf000: <offset 0xa9a000> in /usr/lib/jvm/java-6-sun-1.6.0.26/jre/lib/amd64/server/libjvm.so at 0x00007f95acf35000
RDX=0x0000000000000000 is an unknown value
RSP=0x00007f959e94e800 is pointing into the stack for thread: 0x00007f95a80a0000
RBP=0x00007f959e94e870 is pointing into the stack for thread: 0x00007f95a80a0000
RSI=0x00007f95a80a0000 is a thread
RDI=0x00007f95a8005710 is an unknown value
R8 =0x00007f95ae53f000 is an unknown value
R9 =0x00007f95ad9cefe8: <offset 0xa99fe8> in /usr/lib/jvm/java-6-sun-1.6.0.26/jre/lib/amd64/server/libjvm.so at 0x00007f95acf35000
R10=0x0000000000000ffc is an unknown value
R11=0x00007f95ad9ceff0: <offset 0xa99ff0> in /usr/lib/jvm/java-6-sun-1.6.0.26/jre/lib/amd64/server/libjvm.so at 0x00007f95acf35000
R12=0x00007f95a8005710 is an unknown value
R13=0x6e7265747461502f is an unknown value
R14=0x00007f959e94e8bf is pointing into the stack for thread: 0x00007f95a80a0000
R15=0x00007f959e94e800 is pointing into the stack for thread: 0x00007f95a80a0000


Stack: [0x00007f959e84f000,0x00007f959e950000],  sp=0x00007f959e94e800,  free space=1022k
Native frames: (J=compiled Java code, j=interpreted, Vv=VM code, C=native code)
V  [libjvm.so+0x5990cd]  unsigned+0x11d


---------------  P R O C E S S  ---------------

Java Threads: ( => current thread )
  0x00007f95a80ab000 JavaThread "Low Memory Detector" daemon [_thread_blocked, id=4031, stack(0x00007f959e34a000,0x00007f959e44b000)]
  0x00007f95a80a8800 JavaThread "C2 CompilerThread1" daemon [_thread_blocked, id=4030, stack(0x00007f959e44b000,0x00007f959e54c000)]
  0x00007f95a80a5800 JavaThread "C2 CompilerThread0" daemon [_thread_blocked, id=4029, stack(0x00007f959e54c000,0x00007f959e64d000)]
  0x00007f9568001000 JavaThread "JDWP Command Reader" daemon [_thread_in_native, id=4025, stack(0x00007f959e64d000,0x00007f959e74e000)]
  0x00007f95a80a3800 JavaThread "JDWP Event Helper Thread" daemon [_thread_blocked, id=4023, stack(0x00007f959e74e000,0x00007f959e84f000)]
=>0x00007f95a80a0000 JavaThread "JDWP Transport Listener: dt_socket" daemon [_thread_in_vm, id=4021, stack(0x00007f959e84f000,0x00007f959e950000)]
  0x00007f95a8094000 JavaThread "Signal Dispatcher" daemon [_thread_blocked, id=4019, stack(0x00007f959ea54000,0x00007f959eb55000)]
  0x00007f95a8078000 JavaThread "Finalizer" daemon [_thread_blocked, id=4018, stack(0x00007f959eb55000,0x00007f959ec56000)]
  0x00007f95a8076000 JavaThread "Reference Handler" daemon [_thread_blocked, id=4017, stack(0x00007f959ec56000,0x00007f959ed57000)]
  0x00007f95a800a000 JavaThread "main" [_thread_in_native, id=4006, stack(0x00007f95acb38000,0x00007f95acc39000)]

Other Threads:
  0x00007f95a806f800 VMThread [stack: 0x00007f959ed57000,0x00007f959ee58000] [id=4016]
  0x00007f95a80b5800 WatcherThread [stack: 0x00007f959e249000,0x00007f959e34a000] [id=4032]

VM state:not at safepoint (normal execution)

VM Mutex/Monitor currently owned by a thread: None

Heap
 PSYoungGen      total 36736K, used 1262K [0x00000007d7000000, 0x00000007d98f0000, 0x0000000800000000)
  eden space 31552K, 4% used [0x00000007d7000000,0x00000007d713b880,0x00000007d8ed0000)
  from space 5184K, 0% used [0x00000007d93e0000,0x00000007d93e0000,0x00000007d98f0000)
  to   space 5184K, 0% used [0x00000007d8ed0000,0x00000007d8ed0000,0x00000007d93e0000)
 PSOldGen        total 83968K, used 0K [0x0000000785000000, 0x000000078a200000, 0x00000007d7000000)
  object space 83968K, 0% used [0x0000000785000000,0x0000000785000000,0x000000078a200000)
 PSPermGen       total 21248K, used 3336K [0x000000077fe00000, 0x00000007812c0000, 0x0000000785000000)
  object space 21248K, 15% used [0x000000077fe00000,0x0000000780142160,0x00000007812c0000)

Code Cache  [0x00007f95a4807000, 0x00007f95a4a77000, 0x00007f95a7807000)
 total_blobs=153 nmethods=0 adapters=129 free_code_cache=49950848 largest_free_block=384

Dynamic libraries:
40000000-40009000 r-xp 00000000 08:06 1164130                            /usr/lib/jvm/java-6-sun-1.6.0.26/jre/bin/java
40108000-4010a000 rwxp 00008000 08:06 1164130                            /usr/lib/jvm/java-6-sun-1.6.0.26/jre/bin/java
41cad000-41cce000 rwxp 00000000 00:00 0                                  [heap]
77fe00000-7812c0000 rwxp 00000000 00:00 0 
7812c0000-785000000 rwxp 00000000 00:00 0 
785000000-78a200000 rwxp 00000000 00:00 0 
78a200000-7d7000000 rwxp 00000000 00:00 0 
7d7000000-7d98f0000 rwxp 00000000 00:00 0 
7d98f0000-800000000 rwxp 00000000 00:00 0 
7f9550000000-7f9550021000 rwxp 00000000 00:00 0 
7f9550021000-7f9554000000 ---p 00000000 00:00 0 
7f9558000000-7f9558021000 rwxp 00000000 00:00 0 
7f9558021000-7f955c000000 ---p 00000000 00:00 0 
7f955c000000-7f955c021000 rwxp 00000000 00:00 0 
7f955c021000-7f9560000000 ---p 00000000 00:00 0 
7f9560000000-7f9560021000 rwxp 00000000 00:00 0 
7f9560021000-7f9564000000 ---p 00000000 00:00 0 
7f9564000000-7f9564021000 rwxp 00000000 00:00 0 
7f9564021000-7f9568000000 ---p 00000000 00:00 0 
7f9568000000-7f9568024000 rwxp 00000000 00:00 0 
7f9568024000-7f956c000000 ---p 00000000 00:00 0 
7f956c000000-7f956c021000 rwxp 00000000 00:00 0 
7f956c021000-7f9570000000 ---p 00000000 00:00 0 
7f9570000000-7f9570021000 rwxp 00000000 00:00 0 
7f9570021000-7f9574000000 ---p 00000000 00:00 0 
7f9574000000-7f9574021000 rwxp 00000000 00:00 0 
7f9574021000-7f9578000000 ---p 00000000 00:00 0 
7f9578000000-7f9578021000 rwxp 00000000 00:00 0 
7f9578021000-7f957c000000 ---p 00000000 00:00 0 
7f957c000000-7f957c021000 rwxp 00000000 00:00 0 
7f957c021000-7f9580000000 ---p 00000000 00:00 0 
7f9580000000-7f9580021000 rwxp 00000000 00:00 0 
7f9580021000-7f9584000000 ---p 00000000 00:00 0 
7f9584000000-7f9584021000 rwxp 00000000 00:00 0 
7f9584021000-7f9588000000 ---p 00000000 00:00 0 
7f9588000000-7f9588021000 rwxp 00000000 00:00 0 
7f9588021000-7f958c000000 ---p 00000000 00:00 0 
7f958c000000-7f958c021000 rwxp 00000000 00:00 0 
7f958c021000-7f9590000000 ---p 00000000 00:00 0 
7f9590000000-7f9590021000 rwxp 00000000 00:00 0 
7f9590021000-7f9594000000 ---p 00000000 00:00 0 
7f9594000000-7f9594021000 rwxp 00000000 00:00 0 
7f9594021000-7f9598000000 ---p 00000000 00:00 0 
7f9598000000-7f9598021000 rwxp 00000000 00:00 0 
7f9598021000-7f959c000000 ---p 00000000 00:00 0 
7f959e249000-7f959e24a000 ---p 00000000 00:00 0 
7f959e24a000-7f959e34a000 rwxp 00000000 00:00 0 
7f959e34a000-7f959e34d000 ---p 00000000 00:00 0 
7f959e34d000-7f959e44b000 rwxp 00000000 00:00 0 
7f959e44b000-7f959e44e000 ---p 00000000 00:00 0 
7f959e44e000-7f959e54c000 rwxp 00000000 00:00 0 
7f959e54c000-7f959e54f000 ---p 00000000 00:00 0 
7f959e54f000-7f959e64d000 rwxp 00000000 00:00 0 
7f959e64d000-7f959e650000 ---p 00000000 00:00 0 
7f959e650000-7f959e74e000 rwxp 00000000 00:00 0 
7f959e74e000-7f959e751000 ---p 00000000 00:00 0 
7f959e751000-7f959e84f000 rwxp 00000000 00:00 0 
7f959e84f000-7f959e852000 ---p 00000000 00:00 0 
7f959e852000-7f959e950000 rwxp 00000000 00:00 0 
7f959e950000-7f959e953000 r-xp 00000000 08:06 1164233                    /usr/lib/jvm/java-6-sun-1.6.0.26/jre/lib/amd64/libdt_socket.so
7f959e953000-7f959ea52000 ---p 00003000 08:06 1164233                    /usr/lib/jvm/java-6-sun-1.6.0.26/jre/lib/amd64/libdt_socket.so
7f959ea52000-7f959ea54000 rwxp 00002000 08:06 1164233                    /usr/lib/jvm/java-6-sun-1.6.0.26/jre/lib/amd64/libdt_socket.so
7f959ea54000-7f959ea57000 ---p 00000000 00:00 0 
7f959ea57000-7f959eb55000 rwxp 00000000 00:00 0 
7f959eb55000-7f959eb58000 ---p 00000000 00:00 0 
7f959eb58000-7f959ec56000 rwxp 00000000 00:00 0 
7f959ec56000-7f959ec59000 ---p 00000000 00:00 0 
7f959ec59000-7f959ed57000 rwxp 00000000 00:00 0 
7f959ed57000-7f959ed58000 ---p 00000000 00:00 0 
7f959ed58000-7f959f761000 rwxp 00000000 00:00 0 
7f959f761000-7f959f8f9000 r-xs 03029000 08:06 1164312                    /usr/lib/jvm/java-6-sun-1.6.0.26/jre/lib/rt.jar
7f959f8f9000-7f959f8fa000 ---p 00000000 00:00 0 
7f959f8fa000-7f959f9fa000 rwxp 00000000 00:00 0 
7f959f9fa000-7f959f9fb000 ---p 00000000 00:00 0 
7f959f9fb000-7f959fafb000 rwxp 00000000 00:00 0 
7f959fafb000-7f959fafc000 ---p 00000000 00:00 0 
7f959fafc000-7f959fbfc000 rwxp 00000000 00:00 0 
7f959fbfc000-7f959fbfd000 ---p 00000000 00:00 0 
7f959fbfd000-7f959fcfd000 rwxp 00000000 00:00 0 
7f959fcfd000-7f959fcfe000 ---p 00000000 00:00 0 
7f959fcfe000-7f959fdfe000 rwxp 00000000 00:00 0 
7f959fdfe000-7f959fdff000 ---p 00000000 00:00 0 
7f959fdff000-7f959feff000 rwxp 00000000 00:00 0 
7f959feff000-7f959ff00000 ---p 00000000 00:00 0 
7f959ff00000-7f95a0000000 rwxp 00000000 00:00 0 
7f95a0000000-7f95a0021000 rwxp 00000000 00:00 0 
7f95a0021000-7f95a4000000 ---p 00000000 00:00 0 
7f95a4074000-7f95a4075000 ---p 00000000 00:00 0 
7f95a4075000-7f95a419e000 rwxp 00000000 00:00 0 
7f95a419e000-7f95a4405000 rwxp 00000000 00:00 0 
7f95a4405000-7f95a4410000 rwxp 00000000 00:00 0 
7f95a4410000-7f95a442e000 rwxp 00000000 00:00 0 
7f95a442e000-7f95a4457000 rwxp 00000000 00:00 0 
7f95a4457000-7f95a46be000 rwxp 00000000 00:00 0 
7f95a46be000-7f95a46d3000 rwxp 00000000 00:00 0 
7f95a46d3000-7f95a4806000 rwxp 00000000 00:00 0 
7f95a4806000-7f95a4a77000 rwxp 00000000 00:00 0 
7f95a4a77000-7f95a7807000 rwxp 00000000 00:00 0 
7f95a7807000-7f95a7815000 r-xp 00000000 08:06 1164270                    /usr/lib/jvm/java-6-sun-1.6.0.26/jre/lib/amd64/libzip.so
7f95a7815000-7f95a7917000 ---p 0000e000 08:06 1164270                    /usr/lib/jvm/java-6-sun-1.6.0.26/jre/lib/amd64/libzip.so
7f95a7917000-7f95a791a000 rwxp 00010000 08:06 1164270                    /usr/lib/jvm/java-6-sun-1.6.0.26/jre/lib/amd64/libzip.so
7f95a791a000-7f95a791b000 rwxp 00000000 00:00 0 
7f95a791b000-7f95a7927000 r-xp 00000000 08:06 17096728                   /lib/x86_64-linux-gnu/libnss_files-2.15.so
7f95a7927000-7f95a7b26000 ---p 0000c000 08:06 17096728                   /lib/x86_64-linux-gnu/libnss_files-2.15.so
7f95a7b26000-7f95a7b27000 r-xp 0000b000 08:06 17096728                   /lib/x86_64-linux-gnu/libnss_files-2.15.so
7f95a7b27000-7f95a7b28000 rwxp 0000c000 08:06 17096728                   /lib/x86_64-linux-gnu/libnss_files-2.15.so
7f95a7b28000-7f95a7b32000 r-xp 00000000 08:06 17096732                   /lib/x86_64-linux-gnu/libnss_nis-2.15.so
7f95a7b32000-7f95a7d32000 ---p 0000a000 08:06 17096732                   /lib/x86_64-linux-gnu/libnss_nis-2.15.so
7f95a7d32000-7f95a7d33000 r-xp 0000a000 08:06 17096732                   /lib/x86_64-linux-gnu/libnss_nis-2.15.so
7f95a7d33000-7f95a7d34000 rwxp 0000b000 08:06 17096732                   /lib/x86_64-linux-gnu/libnss_nis-2.15.so
7f95a7d34000-7f95a8000000 r-xp 00000000 08:06 41301                      /usr/lib/locale/locale-archive
7f95a8000000-7f95a80d0000 rwxp 00000000 00:00 0 
7f95a80d0000-7f95ac000000 ---p 00000000 00:00 0 
7f95ac008000-7f95ac06f000 rwxp 00000000 00:00 0 
7f95ac06f000-7f95ac08d000 rwxp 00000000 00:00 0 
7f95ac08d000-7f95ac095000 r-xp 00000000 08:06 17096726                   /lib/x86_64-linux-gnu/libnss_compat-2.15.so
7f95ac095000-7f95ac294000 ---p 00008000 08:06 17096726                   /lib/x86_64-linux-gnu/libnss_compat-2.15.so
7f95ac294000-7f95ac295000 r-xp 00007000 08:06 17096726                   /lib/x86_64-linux-gnu/libnss_compat-2.15.so
7f95ac295000-7f95ac296000 rwxp 00008000 08:06 17096726                   /lib/x86_64-linux-gnu/libnss_compat-2.15.so
7f95ac296000-7f95ac299000 r-xp 00000000 08:06 1164258                    /usr/lib/jvm/java-6-sun-1.6.0.26/jre/lib/amd64/libnpt.so
7f95ac299000-7f95ac398000 ---p 00003000 08:06 1164258                    /usr/lib/jvm/java-6-sun-1.6.0.26/jre/lib/amd64/libnpt.so
7f95ac398000-7f95ac399000 rwxp 00002000 08:06 1164258                    /usr/lib/jvm/java-6-sun-1.6.0.26/jre/lib/amd64/libnpt.so
7f95ac399000-7f95ac3cf000 r-xp 00000000 08:06 1164257                    /usr/lib/jvm/java-6-sun-1.6.0.26/jre/lib/amd64/libjdwp.so
7f95ac3cf000-7f95ac4ce000 ---p 00036000 08:06 1164257                    /usr/lib/jvm/java-6-sun-1.6.0.26/jre/lib/amd64/libjdwp.so
7f95ac4ce000-7f95ac4d8000 rwxp 00035000 08:06 1164257                    /usr/lib/jvm/java-6-sun-1.6.0.26/jre/lib/amd64/libjdwp.so
7f95ac4d8000-7f95ac4ef000 r-xp 00000000 08:06 17096756                   /lib/x86_64-linux-gnu/libnsl-2.15.so
7f95ac4ef000-7f95ac6ee000 ---p 00017000 08:06 17096756                   /lib/x86_64-linux-gnu/libnsl-2.15.so
7f95ac6ee000-7f95ac6ef000 r-xp 00016000 08:06 17096756                   /lib/x86_64-linux-gnu/libnsl-2.15.so
7f95ac6ef000-7f95ac6f0000 rwxp 00017000 08:06 17096756                   /lib/x86_64-linux-gnu/libnsl-2.15.so
7f95ac6f0000-7f95ac6f2000 rwxp 00000000 00:00 0 
7f95ac6f2000-7f95ac71b000 r-xp 00000000 08:06 1164269                    /usr/lib/jvm/java-6-sun-1.6.0.26/jre/lib/amd64/libjava.so
7f95ac71b000-7f95ac81a000 ---p 00029000 08:06 1164269                    /usr/lib/jvm/java-6-sun-1.6.0.26/jre/lib/amd64/libjava.so
7f95ac81a000-7f95ac821000 rwxp 00028000 08:06 1164269                    /usr/lib/jvm/java-6-sun-1.6.0.26/jre/lib/amd64/libjava.so
7f95ac821000-7f95ac82e000 r-xp 00000000 08:06 1164247                    /usr/lib/jvm/java-6-sun-1.6.0.26/jre/lib/amd64/libverify.so
7f95ac82e000-7f95ac92d000 ---p 0000d000 08:06 1164247                    /usr/lib/jvm/java-6-sun-1.6.0.26/jre/lib/amd64/libverify.so
7f95ac92d000-7f95ac930000 rwxp 0000c000 08:06 1164247                    /usr/lib/jvm/java-6-sun-1.6.0.26/jre/lib/amd64/libverify.so
7f95ac930000-7f95ac937000 r-xp 00000000 08:06 17096731                   /lib/x86_64-linux-gnu/librt-2.15.so
7f95ac937000-7f95acb36000 ---p 00007000 08:06 17096731                   /lib/x86_64-linux-gnu/librt-2.15.so
7f95acb36000-7f95acb37000 r-xp 00006000 08:06 17096731                   /lib/x86_64-linux-gnu/librt-2.15.so
7f95acb37000-7f95acb38000 rwxp 00007000 08:06 17096731                   /lib/x86_64-linux-gnu/librt-2.15.so
7f95acb38000-7f95acb3b000 ---p 00000000 00:00 0 
7f95acb3b000-7f95acc39000 rwxp 00000000 00:00 0 
7f95acc39000-7f95acd34000 r-xp 00000000 08:06 17096735                   /lib/x86_64-linux-gnu/libm-2.15.so
7f95acd34000-7f95acf33000 ---p 000fb000 08:06 17096735                   /lib/x86_64-linux-gnu/libm-2.15.so
7f95acf33000-7f95acf34000 r-xp 000fa000 08:06 17096735                   /lib/x86_64-linux-gnu/libm-2.15.so
7f95acf34000-7f95acf35000 rwxp 000fb000 08:06 17096735                   /lib/x86_64-linux-gnu/libm-2.15.so
7f95acf35000-7f95ad84f000 r-xp 00000000 08:06 1164273                    /usr/lib/jvm/java-6-sun-1.6.0.26/jre/lib/amd64/server/libjvm.so
7f95ad84f000-7f95ad951000 ---p 0091a000 08:06 1164273                    /usr/lib/jvm/java-6-sun-1.6.0.26/jre/lib/amd64/server/libjvm.so
7f95ad951000-7f95adb06000 rwxp 0091c000 08:06 1164273                    /usr/lib/jvm/java-6-sun-1.6.0.26/jre/lib/amd64/server/libjvm.so
7f95adb06000-7f95adb40000 rwxp 00000000 00:00 0 
7f95adb40000-7f95adcf5000 r-xp 00000000 08:06 17096724                   /lib/x86_64-linux-gnu/libc-2.15.so
7f95adcf5000-7f95adef5000 ---p 001b5000 08:06 17096724                   /lib/x86_64-linux-gnu/libc-2.15.so
7f95adef5000-7f95adef9000 r-xp 001b5000 08:06 17096724                   /lib/x86_64-linux-gnu/libc-2.15.so
7f95adef9000-7f95adefb000 rwxp 001b9000 08:06 17096724                   /lib/x86_64-linux-gnu/libc-2.15.so
7f95adefb000-7f95adf00000 rwxp 00000000 00:00 0 
7f95adf00000-7f95adf02000 r-xp 00000000 08:06 17096751                   /lib/x86_64-linux-gnu/libdl-2.15.so
7f95adf02000-7f95ae102000 ---p 00002000 08:06 17096751                   /lib/x86_64-linux-gnu/libdl-2.15.so
7f95ae102000-7f95ae103000 r-xp 00002000 08:06 17096751                   /lib/x86_64-linux-gnu/libdl-2.15.so
7f95ae103000-7f95ae104000 rwxp 00003000 08:06 17096751                   /lib/x86_64-linux-gnu/libdl-2.15.so
7f95ae104000-7f95ae11c000 r-xp 00000000 08:06 17096733                   /lib/x86_64-linux-gnu/libpthread-2.15.so
7f95ae11c000-7f95ae31b000 ---p 00018000 08:06 17096733                   /lib/x86_64-linux-gnu/libpthread-2.15.so
7f95ae31b000-7f95ae31c000 r-xp 00017000 08:06 17096733                   /lib/x86_64-linux-gnu/libpthread-2.15.so
7f95ae31c000-7f95ae31d000 rwxp 00018000 08:06 17096733                   /lib/x86_64-linux-gnu/libpthread-2.15.so
7f95ae31d000-7f95ae321000 rwxp 00000000 00:00 0 
7f95ae321000-7f95ae343000 r-xp 00000000 08:06 17096736                   /lib/x86_64-linux-gnu/ld-2.15.so
7f95ae352000-7f95ae35c000 rwxp 00000000 00:00 0 
7f95ae35c000-7f95ae412000 rwxp 00000000 00:00 0 
7f95ae412000-7f95ae415000 rwxp 00000000 00:00 0 
7f95ae415000-7f95ae41c000 r-xp 00000000 08:06 1164244                    /usr/lib/jvm/java-6-sun-1.6.0.26/jre/lib/amd64/jli/libjli.so
7f95ae41c000-7f95ae51d000 ---p 00007000 08:06 1164244                    /usr/lib/jvm/java-6-sun-1.6.0.26/jre/lib/amd64/jli/libjli.so
7f95ae51d000-7f95ae51f000 rwxp 00008000 08:06 1164244                    /usr/lib/jvm/java-6-sun-1.6.0.26/jre/lib/amd64/jli/libjli.so
7f95ae51f000-7f95ae520000 rwxp 00000000 00:00 0 
7f95ae537000-7f95ae53f000 rwxs 00000000 08:06 16892160                   /tmp/hsperfdata_davidg/4001
7f95ae53f000-7f95ae540000 rwxp 00000000 00:00 0 
7f95ae540000-7f95ae541000 r-xp 00000000 00:00 0 
7f95ae541000-7f95ae543000 rwxp 00000000 00:00 0 
7f95ae543000-7f95ae544000 r-xp 00022000 08:06 17096736                   /lib/x86_64-linux-gnu/ld-2.15.so
7f95ae544000-7f95ae546000 rwxp 00023000 08:06 17096736                   /lib/x86_64-linux-gnu/ld-2.15.so
7fffb5517000-7fffb5538000 rwxp 00000000 00:00 0                          [stack]
7fffb55ff000-7fffb5600000 r-xp 00000000 00:00 0                          [vdso]
ffffffffff600000-ffffffffff601000 r-xp 00000000 00:00 0                  [vsyscall]

VM Arguments:
jvm_args: -agentlib:jdwp=transport=dt_socket,suspend=y,address=localhost:41597 -Dfile.encoding=UTF-8 
java_command: src.core.MainBoardCellsCounter
Launcher Type: SUN_STANDARD

Environment Variables:
PATH=/usr/lib/lightdm/lightdm:/usr/local/sbin:/usr/local/bin:/usr/sbin:/usr/bin:/sbin:/bin:/usr/games
LD_LIBRARY_PATH=/usr/lib/jvm/java-6-sun-1.6.0.26/jre/lib/amd64/server:/usr/lib/jvm/java-6-sun-1.6.0.26/jre/lib/amd64:/usr/lib/jvm/java-6-sun-1.6.0.26/jre/../lib/amd64:/usr/lib/jvm/java-6-openjdk-amd64/jre/lib/amd64/server:/usr/lib/jvm/java-6-openjdk-amd64/jre/lib/amd64:/usr/lib/jvm/java-6-openjdk-amd64/jre/../lib/amd64
SHELL=/bin/bash
DISPLAY=:0

Signal Handlers:
SIGSEGV: [libjvm.so+0x85f800], sa_mask[0]=0x7ffbfeff, sa_flags=0x10000004
SIGBUS: [libjvm.so+0x85f800], sa_mask[0]=0x7ffbfeff, sa_flags=0x10000004
SIGFPE: [libjvm.so+0x70e300], sa_mask[0]=0x7ffbfeff, sa_flags=0x10000004
SIGPIPE: [libjvm.so+0x70e300], sa_mask[0]=0x7ffbfeff, sa_flags=0x10000004
SIGXFSZ: [libjvm.so+0x70e300], sa_mask[0]=0x7ffbfeff, sa_flags=0x10000004
SIGILL: [libjvm.so+0x70e300], sa_mask[0]=0x7ffbfeff, sa_flags=0x10000004
SIGUSR1: SIG_DFL, sa_mask[0]=0x00000000, sa_flags=0x00000000
SIGUSR2: [libjvm.so+0x711110], sa_mask[0]=0x00000004, sa_flags=0x10000004
SIGHUP: [libjvm.so+0x710d10], sa_mask[0]=0x7ffbfeff, sa_flags=0x10000004
SIGINT: [libjvm.so+0x710d10], sa_mask[0]=0x7ffbfeff, sa_flags=0x10000004
SIGTERM: [libjvm.so+0x710d10], sa_mask[0]=0x7ffbfeff, sa_flags=0x10000004
SIGQUIT: [libjvm.so+0x710d10], sa_mask[0]=0x7ffbfeff, sa_flags=0x10000004


---------------  S Y S T E M  ---------------

OS:wheezy/sid

uname:Linux 3.2.0-61-generic #93-Ubuntu SMP Fri May 2 21:31:50 UTC 2014 x86_64
libc:glibc 2.15 NPTL 2.15 
rlimit: STACK 8192k, CORE 0k, NPROC 62793, NOFILE 4096, AS infinity
load average:1.92 0.53 0.26

/proc/meminfo:
MemTotal:        8055140 kB
MemFree:         6135124 kB
Buffers:          176172 kB
Cached:           702992 kB
SwapCached:            0 kB
Active:          1088272 kB
Inactive:         603768 kB
Active(anon):     813916 kB
Inactive(anon):   142704 kB
Active(file):     274356 kB
Inactive(file):   461064 kB
Unevictable:           0 kB
Mlocked:               0 kB
SwapTotal:             0 kB
SwapFree:              0 kB
Dirty:              1084 kB
Writeback:             0 kB
AnonPages:        812796 kB
Mapped:           152656 kB
Shmem:            143684 kB
Slab:              72024 kB
SReclaimable:      39348 kB
SUnreclaim:        32676 kB
KernelStack:        4360 kB
PageTables:        25408 kB
NFS_Unstable:          0 kB
Bounce:                0 kB
WritebackTmp:          0 kB
CommitLimit:     4027568 kB
Committed_AS:    3110896 kB
VmallocTotal:   34359738367 kB
VmallocUsed:      371452 kB
VmallocChunk:   34359356412 kB
HardwareCorrupted:     0 kB
AnonHugePages:         0 kB
HugePages_Total:       0
HugePages_Free:        0
HugePages_Rsvd:        0
HugePages_Surp:        0
Hugepagesize:       2048 kB
DirectMap4k:       75776 kB
DirectMap2M:     8198144 kB


CPU:total 8 (4 cores per cpu, 2 threads per core) family 6 model 42 stepping 7, cmov, cx8, fxsr, mmx, sse, sse2, sse3, ssse3, sse4.1, sse4.2, popcnt, ht

/proc/cpuinfo:
processor	: 0
vendor_id	: GenuineIntel
cpu family	: 6
model		: 42
model name	: Intel(R) Core(TM) i7-2720QM CPU @ 2.20GHz
stepping	: 7
microcode	: 0x28
cpu MHz		: 800.000
cache size	: 6144 KB
physical id	: 0
siblings	: 8
core id		: 0
cpu cores	: 4
apicid		: 0
initial apicid	: 0
fpu		: yes
fpu_exception	: yes
cpuid level	: 13
wp		: yes
flags		: fpu vme de pse tsc msr pae mce cx8 apic sep mtrr pge mca cmov pat pse36 clflush dts acpi mmx fxsr sse sse2 ss ht tm pbe syscall nx rdtscp lm constant_tsc arch_perfmon pebs bts rep_good nopl xtopology nonstop_tsc aperfmperf pni pclmulqdq dtes64 monitor ds_cpl vmx smx est tm2 ssse3 cx16 xtpr pdcm pcid sse4_1 sse4_2 x2apic popcnt tsc_deadline_timer aes xsave avx lahf_lm ida arat epb xsaveopt pln pts dtherm tpr_shadow vnmi flexpriority ept vpid
bogomips	: 4390.09
clflush size	: 64
cache_alignment	: 64
address sizes	: 36 bits physical, 48 bits virtual
power management:

processor	: 1
vendor_id	: GenuineIntel
cpu family	: 6
model		: 42
model name	: Intel(R) Core(TM) i7-2720QM CPU @ 2.20GHz
stepping	: 7
microcode	: 0x28
cpu MHz		: 800.000
cache size	: 6144 KB
physical id	: 0
siblings	: 8
core id		: 1
cpu cores	: 4
apicid		: 2
initial apicid	: 2
fpu		: yes
fpu_exception	: yes
cpuid level	: 13
wp		: yes
flags		: fpu vme de pse tsc msr pae mce cx8 apic sep mtrr pge mca cmov pat pse36 clflush dts acpi mmx fxsr sse sse2 ss ht tm pbe syscall nx rdtscp lm constant_tsc arch_perfmon pebs bts rep_good nopl xtopology nonstop_tsc aperfmperf pni pclmulqdq dtes64 monitor ds_cpl vmx smx est tm2 ssse3 cx16 xtpr pdcm pcid sse4_1 sse4_2 x2apic popcnt tsc_deadline_timer aes xsave avx lahf_lm ida arat epb xsaveopt pln pts dtherm tpr_shadow vnmi flexpriority ept vpid
bogomips	: 4389.83
clflush size	: 64
cache_alignment	: 64
address sizes	: 36 bits physical, 48 bits virtual
power management:

processor	: 2
vendor_id	: GenuineIntel
cpu family	: 6
model		: 42
model name	: Intel(R) Core(TM) i7-2720QM CPU @ 2.20GHz
stepping	: 7
microcode	: 0x28
cpu MHz		: 800.000
cache size	: 6144 KB
physical id	: 0
siblings	: 8
core id		: 2
cpu cores	: 4
apicid		: 4
initial apicid	: 4
fpu		: yes
fpu_exception	: yes
cpuid level	: 13
wp		: yes
flags		: fpu vme de pse tsc msr pae mce cx8 apic sep mtrr pge mca cmov pat pse36 clflush dts acpi mmx fxsr sse sse2 ss ht tm pbe syscall nx rdtscp lm constant_tsc arch_perfmon pebs bts rep_good nopl xtopology nonstop_tsc aperfmperf pni pclmulqdq dtes64 monitor ds_cpl vmx smx est tm2 ssse3 cx16 xtpr pdcm pcid sse4_1 sse4_2 x2apic popcnt tsc_deadline_timer aes xsave avx lahf_lm ida arat epb xsaveopt pln pts dtherm tpr_shadow vnmi flexpriority ept vpid
bogomips	: 4389.84
clflush size	: 64
cache_alignment	: 64
address sizes	: 36 bits physical, 48 bits virtual
power management:

processor	: 3
vendor_id	: GenuineIntel
cpu family	: 6
model		: 42
model name	: Intel(R) Core(TM) i7-2720QM CPU @ 2.20GHz
stepping	: 7
microcode	: 0x28
cpu MHz		: 800.000
cache size	: 6144 KB
physical id	: 0
siblings	: 8
core id		: 3
cpu cores	: 4
apicid		: 6
initial apicid	: 6
fpu		: yes
fpu_exception	: yes
cpuid level	: 13
wp		: yes
flags		: fpu vme de pse tsc msr pae mce cx8 apic sep mtrr pge mca cmov pat pse36 clflush dts acpi mmx fxsr sse sse2 ss ht tm pbe syscall nx rdtscp lm constant_tsc arch_perfmon pebs bts rep_good nopl xtopology nonstop_tsc aperfmperf pni pclmulqdq dtes64 monitor ds_cpl vmx smx est tm2 ssse3 cx16 xtpr pdcm pcid sse4_1 sse4_2 x2apic popcnt tsc_deadline_timer aes xsave avx lahf_lm ida arat epb xsaveopt pln pts dtherm tpr_shadow vnmi flexpriority ept vpid
bogomips	: 4389.83
clflush size	: 64
cache_alignment	: 64
address sizes	: 36 bits physical, 48 bits virtual
power management:

processor	: 4
vendor_id	: GenuineIntel
cpu family	: 6
model		: 42
model name	: Intel(R) Core(TM) i7-2720QM CPU @ 2.20GHz
stepping	: 7
microcode	: 0x28
cpu MHz		: 800.000
cache size	: 6144 KB
physical id	: 0
siblings	: 8
core id		: 0
cpu cores	: 4
apicid		: 1
initial apicid	: 1
fpu		: yes
fpu_exception	: yes
cpuid level	: 13
wp		: yes
flags		: fpu vme de pse tsc msr pae mce cx8 apic sep mtrr pge mca cmov pat pse36 clflush dts acpi mmx fxsr sse sse2 ss ht tm pbe syscall nx rdtscp lm constant_tsc arch_perfmon pebs bts rep_good nopl xtopology nonstop_tsc aperfmperf pni pclmulqdq dtes64 monitor ds_cpl vmx smx est tm2 ssse3 cx16 xtpr pdcm pcid sse4_1 sse4_2 x2apic popcnt tsc_deadline_timer aes xsave avx lahf_lm ida arat epb xsaveopt pln pts dtherm tpr_shadow vnmi flexpriority ept vpid
bogomips	: 4389.83
clflush size	: 64
cache_alignment	: 64
address sizes	: 36 bits physical, 48 bits virtual
power management:

processor	: 5
vendor_id	: GenuineIntel
cpu family	: 6
model		: 42
model name	: Intel(R) Core(TM) i7-2720QM CPU @ 2.20GHz
stepping	: 7
microcode	: 0x28
cpu MHz		: 800.000
cache size	: 6144 KB
physical id	: 0
siblings	: 8
core id		: 1
cpu cores	: 4
apicid		: 3
initial apicid	: 3
fpu		: yes
fpu_exception	: yes
cpuid level	: 13
wp		: yes
flags		: fpu vme de pse tsc msr pae mce cx8 apic sep mtrr pge mca cmov pat pse36 clflush dts acpi mmx fxsr sse sse2 ss ht tm pbe syscall nx rdtscp lm constant_tsc arch_perfmon pebs bts rep_good nopl xtopology nonstop_tsc aperfmperf pni pclmulqdq dtes64 monitor ds_cpl vmx smx est tm2 ssse3 cx16 xtpr pdcm pcid sse4_1 sse4_2 x2apic popcnt tsc_deadline_timer aes xsave avx lahf_lm ida arat epb xsaveopt pln pts dtherm tpr_shadow vnmi flexpriority ept vpid
bogomips	: 4389.84
clflush size	: 64
cache_alignment	: 64
address sizes	: 36 bits physical, 48 bits virtual
power management:

processor	: 6
vendor_id	: GenuineIntel
cpu family	: 6
model		: 42
model name	: Intel(R) Core(TM) i7-2720QM CPU @ 2.20GHz
stepping	: 7
microcode	: 0x28
cpu MHz		: 800.000
cache size	: 6144 KB
physical id	: 0
siblings	: 8
core id		: 2
cpu cores	: 4
apicid		: 5
initial apicid	: 5
fpu		: yes
fpu_exception	: yes
cpuid level	: 13
wp		: yes
flags		: fpu vme de pse tsc msr pae mce cx8 apic sep mtrr pge mca cmov pat pse36 clflush dts acpi mmx fxsr sse sse2 ss ht tm pbe syscall nx rdtscp lm constant_tsc arch_perfmon pebs bts rep_good nopl xtopology nonstop_tsc aperfmperf pni pclmulqdq dtes64 monitor ds_cpl vmx smx est tm2 ssse3 cx16 xtpr pdcm pcid sse4_1 sse4_2 x2apic popcnt tsc_deadline_timer aes xsave avx lahf_lm ida arat epb xsaveopt pln pts dtherm tpr_shadow vnmi flexpriority ept vpid
bogomips	: 4389.82
clflush size	: 64
cache_alignment	: 64
address sizes	: 36 bits physical, 48 bits virtual
power management:

processor	: 7
vendor_id	: GenuineIntel
cpu family	: 6
model		: 42
model name	: Intel(R) Core(TM) i7-2720QM CPU @ 2.20GHz
stepping	: 7
microcode	: 0x28
cpu MHz		: 800.000
cache size	: 6144 KB
physical id	: 0
siblings	: 8
core id		: 3
cpu cores	: 4
apicid		: 7
initial apicid	: 7
fpu		: yes
fpu_exception	: yes
cpuid level	: 13
wp		: yes
flags		: fpu vme de pse tsc msr pae mce cx8 apic sep mtrr pge mca cmov pat pse36 clflush dts acpi mmx fxsr sse sse2 ss ht tm pbe syscall nx rdtscp lm constant_tsc arch_perfmon pebs bts rep_good nopl xtopology nonstop_tsc aperfmperf pni pclmulqdq dtes64 monitor ds_cpl vmx smx est tm2 ssse3 cx16 xtpr pdcm pcid sse4_1 sse4_2 x2apic popcnt tsc_deadline_timer aes xsave avx lahf_lm ida arat epb xsaveopt pln pts dtherm tpr_shadow vnmi flexpriority ept vpid
bogomips	: 4389.83
clflush size	: 64
cache_alignment	: 64
address sizes	: 36 bits physical, 48 bits virtual
power management:



Memory: 4k page, physical 8055140k(6135124k free), swap 0k(0k free)

vm_info: Java HotSpot(TM) 64-Bit Server VM (20.1-b02) for linux-amd64 JRE (1.6.0_26-b03), built on May  4 2011 01:13:47 by "java_re" with gcc 3.2.2 (SuSE Linux)

time: Thu Sep 11 16:09:07 2014
elapsed time: 8444 seconds

