#
# A fatal error has been detected by the Java Runtime Environment:
#
#  SIGSEGV (0xb) at pc=0x00007f827345b0cd, pid=8231, tid=140198076700416
#
# JRE version: 6.0_26-b03
# Java VM: Java HotSpot(TM) 64-Bit Server VM (20.1-b02 mixed mode linux-amd64 compressed oops)
# Problematic frame:
# V  [libjvm.so+0x5990cd]  unsigned+0x11d
#
# If you would like to submit a bug report, please visit:
#   http://java.sun.com/webapps/bugreport/crash.jsp
#

---------------  T H R E A D  ---------------

Current thread (0x00007f826c0a0000):  JavaThread "JDWP Transport Listener: dt_socket" daemon [_thread_in_vm, id=8251, stack(0x00007f82687f5000,0x00007f82688f6000)]

siginfo:si_signo=SIGSEGV: si_errno=0, si_code=128 (), si_addr=0x0000000000000000

Registers:
RAX=0x0000000000000001, RBX=0x0000000000000000, RCX=0x00007f827395c000, RDX=0x0000000000000000
RSP=0x00007f82688f4900, RBP=0x00007f82688f4970, RSI=0x00007f826c0a0000, RDI=0x00007f826c005710
R8 =0x00007f82744cc000, R9 =0x00007f827395bfe8, R10=0x0000000000000ffc, R11=0x00007f827395bff0
R12=0x00007f826c005710, R13=0x3b7265746e756f43, R14=0x00007f82688f49bf, R15=0x00007f82688f4900
RIP=0x00007f827345b0cd, EFLAGS=0x0000000000010202, CSGSFS=0x0000000000000033, ERR=0x0000000000000000
  TRAPNO=0x000000000000000d

Top of Stack: (sp=0x00007f82688f4900)
0x00007f82688f4900:   00007f826c0a0000 0000000000000000
0x00007f82688f4910:   00007f8200000000 0000000000000000
0x00007f82688f4920:   00007f826c0a0000 000000000000001c
0x00007f82688f4930:   00007f826c0a0000 00007f82688f4a50
0x00007f82688f4940:   00007f826c073bc8 3b7265746e756f43
0x00007f82688f4950:   00007f827245c0f0 0000000000000001
0x00007f82688f4960:   0000000000000001 0000000000000007
0x00007f82688f4970:   00007f82688f49bf 00007f827234f2ce
0x00007f82688f4980:   3b7265746e756f43 00007f82688f4a50
0x00007f82688f4990:   0000000000000001 00007f827232ca73
0x00007f82688f49a0:   0000000000000000 0000000000000000
0x00007f82688f49b0:   0000000000000000 000000000000000a
0x00007f82688f49c0:   0000000000000004 00007f82688f4a50
0x00007f82688f49d0:   00007f8238004fa0 00007f827232cc36
0x00007f82688f49e0:   00007f82688f4a50 00000004688f4c10
0x00007f82688f49f0:   00007f8238005bb0 00007f82688f4a50
0x00007f82688f4a00:   00007f82688f4c10 00007f82688f4be0
0x00007f82688f4a10:   00007f827245c0f0 00007f827232ccae
0x00007f82688f4a20:   00007f82688f4be0 00007f82723378fb
0x00007f82688f4a30:   0000408200000013 00007f82300f0200
0x00007f82688f4a40:   00007f8230000d00 00007f82688f4a50
0x00007f82688f4a50:   00007f82688f4ba5 00007f8200000027
0x00007f82688f4a60:   00007f82688f4a68 00007f8200000105
0x00007f82688f4a70:   00007f82688f4aa0 0000000000000000
0x00007f82688f4a80:   00007f0000000000 000040820000001c
0x00007f82688f4a90:   00007f8200007e80 00007f82688f4aa0
0x00007f82688f4aa0:   827f000004000000 09000000583d076c
0x00007f82688f4ab0:   72616f4264616572 6a4c282a00000064
0x00007f82688f4ac0:   6c6974752f617661 72656e6e6163532f
0x00007f82688f4ad0:   2f6176616a4c293b 7272412f6c697475
0x00007f82688f4ae0:   003b7473694c7961 76616a4c282e0000
0x00007f82688f4af0:   532f6c6974752f61 293b72656e6e6163 

Instructions: (pc=0x00007f827345b0cd)
0x00007f827345b0ad:   84 c7 03 00 00 41 0f b6 9c 24 68 01 00 00 80 e3
0x00007f827345b0bd:   10 84 db 0f 84 ed 02 00 00 31 db 4d 85 ed 74 23
0x00007f827345b0cd:   49 8b 45 00 48 85 c0 0f 84 d2 02 00 00 49 bd fe
0x00007f827345b0dd:   fe fe fe fe fe fe fe 48 89 c3 4c 39 e8 0f 84 bc 

Register to memory mapping:

RAX=0x0000000000000001 is an unknown value
RBX=0x0000000000000000 is an unknown value
RCX=0x00007f827395c000: <offset 0xa9a000> in /usr/lib/jvm/java-6-sun-1.6.0.26/jre/lib/amd64/server/libjvm.so at 0x00007f8272ec2000
RDX=0x0000000000000000 is an unknown value
RSP=0x00007f82688f4900 is pointing into the stack for thread: 0x00007f826c0a0000
RBP=0x00007f82688f4970 is pointing into the stack for thread: 0x00007f826c0a0000
RSI=0x00007f826c0a0000 is a thread
RDI=0x00007f826c005710 is an unknown value
R8 =0x00007f82744cc000 is an unknown value
R9 =0x00007f827395bfe8: <offset 0xa99fe8> in /usr/lib/jvm/java-6-sun-1.6.0.26/jre/lib/amd64/server/libjvm.so at 0x00007f8272ec2000
R10=0x0000000000000ffc is an unknown value
R11=0x00007f827395bff0: <offset 0xa99ff0> in /usr/lib/jvm/java-6-sun-1.6.0.26/jre/lib/amd64/server/libjvm.so at 0x00007f8272ec2000
R12=0x00007f826c005710 is an unknown value
R13=0x3b7265746e756f43 is an unknown value
R14=0x00007f82688f49bf is pointing into the stack for thread: 0x00007f826c0a0000
R15=0x00007f82688f4900 is pointing into the stack for thread: 0x00007f826c0a0000


Stack: [0x00007f82687f5000,0x00007f82688f6000],  sp=0x00007f82688f4900,  free space=1022k
Native frames: (J=compiled Java code, j=interpreted, Vv=VM code, C=native code)
V  [libjvm.so+0x5990cd]  unsigned+0x11d


---------------  P R O C E S S  ---------------

Java Threads: ( => current thread )
  0x00007f826c0ab000 JavaThread "Low Memory Detector" daemon [_thread_blocked, id=8259, stack(0x00007f82682f0000,0x00007f82683f1000)]
  0x00007f826c0a8800 JavaThread "C2 CompilerThread1" daemon [_thread_blocked, id=8258, stack(0x00007f82683f1000,0x00007f82684f2000)]
  0x00007f826c0a5800 JavaThread "C2 CompilerThread0" daemon [_thread_blocked, id=8257, stack(0x00007f82684f2000,0x00007f82685f3000)]
  0x00007f8238001000 JavaThread "JDWP Command Reader" daemon [_thread_in_native, id=8254, stack(0x00007f82685f3000,0x00007f82686f4000)]
  0x00007f826c0a3800 JavaThread "JDWP Event Helper Thread" daemon [_thread_blocked, id=8253, stack(0x00007f82686f4000,0x00007f82687f5000)]
=>0x00007f826c0a0000 JavaThread "JDWP Transport Listener: dt_socket" daemon [_thread_in_vm, id=8251, stack(0x00007f82687f5000,0x00007f82688f6000)]
  0x00007f826c094000 JavaThread "Signal Dispatcher" daemon [_thread_blocked, id=8249, stack(0x00007f82689fa000,0x00007f8268afb000)]
  0x00007f826c078000 JavaThread "Finalizer" daemon [_thread_blocked, id=8248, stack(0x00007f8268afb000,0x00007f8268bfc000)]
  0x00007f826c076000 JavaThread "Reference Handler" daemon [_thread_blocked, id=8247, stack(0x00007f8268bfc000,0x00007f8268cfd000)]
  0x00007f826c00a000 JavaThread "main" [_thread_blocked, id=8236, stack(0x00007f8272ac5000,0x00007f8272bc6000)]

Other Threads:
  0x00007f826c06f800 VMThread [stack: 0x00007f8268cfd000,0x00007f8268dfe000] [id=8246]
  0x00007f826c0bd800 WatcherThread [stack: 0x00007f82681ef000,0x00007f82682f0000] [id=8260]

VM state:not at safepoint (normal execution)

VM Mutex/Monitor currently owned by a thread: None

Heap
 PSYoungGen      total 36736K, used 1262K [0x00000007d7000000, 0x00000007d98f0000, 0x0000000800000000)
  eden space 31552K, 4% used [0x00000007d7000000,0x00000007d713b880,0x00000007d8ed0000)
  from space 5184K, 0% used [0x00000007d93e0000,0x00000007d93e0000,0x00000007d98f0000)
  to   space 5184K, 0% used [0x00000007d8ed0000,0x00000007d8ed0000,0x00000007d93e0000)
 PSOldGen        total 83968K, used 0K [0x0000000785000000, 0x000000078a200000, 0x00000007d7000000)
  object space 83968K, 0% used [0x0000000785000000,0x0000000785000000,0x000000078a200000)
 PSPermGen       total 21248K, used 3250K [0x000000077fe00000, 0x00000007812c0000, 0x0000000785000000)
  object space 21248K, 15% used [0x000000077fe00000,0x000000078012c830,0x00000007812c0000)

Code Cache  [0x00007f8269000000, 0x00007f8269270000, 0x00007f826c000000)
 total_blobs=153 nmethods=0 adapters=129 free_code_cache=49950848 largest_free_block=384

Dynamic libraries:
40000000-40009000 r-xp 00000000 08:06 1164130                            /usr/lib/jvm/java-6-sun-1.6.0.26/jre/bin/java
40108000-4010a000 rwxp 00008000 08:06 1164130                            /usr/lib/jvm/java-6-sun-1.6.0.26/jre/bin/java
4194d000-4196e000 rwxp 00000000 00:00 0                                  [heap]
77fe00000-7812c0000 rwxp 00000000 00:00 0 
7812c0000-785000000 rwxp 00000000 00:00 0 
785000000-78a200000 rwxp 00000000 00:00 0 
78a200000-7d7000000 rwxp 00000000 00:00 0 
7d7000000-7d98f0000 rwxp 00000000 00:00 0 
7d98f0000-800000000 rwxp 00000000 00:00 0 
7f821c000000-7f821c021000 rwxp 00000000 00:00 0 
7f821c021000-7f8220000000 ---p 00000000 00:00 0 
7f8220000000-7f8220021000 rwxp 00000000 00:00 0 
7f8220021000-7f8224000000 ---p 00000000 00:00 0 
7f8224000000-7f8224021000 rwxp 00000000 00:00 0 
7f8224021000-7f8228000000 ---p 00000000 00:00 0 
7f8228000000-7f8228021000 rwxp 00000000 00:00 0 
7f8228021000-7f822c000000 ---p 00000000 00:00 0 
7f822c000000-7f822c021000 rwxp 00000000 00:00 0 
7f822c021000-7f8230000000 ---p 00000000 00:00 0 
7f8230000000-7f8230021000 rwxp 00000000 00:00 0 
7f8230021000-7f8234000000 ---p 00000000 00:00 0 
7f8234000000-7f8234021000 rwxp 00000000 00:00 0 
7f8234021000-7f8238000000 ---p 00000000 00:00 0 
7f8238000000-7f8238024000 rwxp 00000000 00:00 0 
7f8238024000-7f823c000000 ---p 00000000 00:00 0 
7f823c000000-7f823c021000 rwxp 00000000 00:00 0 
7f823c021000-7f8240000000 ---p 00000000 00:00 0 
7f8240000000-7f8240021000 rwxp 00000000 00:00 0 
7f8240021000-7f8244000000 ---p 00000000 00:00 0 
7f8244000000-7f8244021000 rwxp 00000000 00:00 0 
7f8244021000-7f8248000000 ---p 00000000 00:00 0 
7f8248000000-7f8248021000 rwxp 00000000 00:00 0 
7f8248021000-7f824c000000 ---p 00000000 00:00 0 
7f824c000000-7f824c021000 rwxp 00000000 00:00 0 
7f824c021000-7f8250000000 ---p 00000000 00:00 0 
7f8250000000-7f8250021000 rwxp 00000000 00:00 0 
7f8250021000-7f8254000000 ---p 00000000 00:00 0 
7f8254000000-7f8254021000 rwxp 00000000 00:00 0 
7f8254021000-7f8258000000 ---p 00000000 00:00 0 
7f8258000000-7f8258021000 rwxp 00000000 00:00 0 
7f8258021000-7f825c000000 ---p 00000000 00:00 0 
7f825c000000-7f825c021000 rwxp 00000000 00:00 0 
7f825c021000-7f8260000000 ---p 00000000 00:00 0 
7f8260000000-7f8260021000 rwxp 00000000 00:00 0 
7f8260021000-7f8264000000 ---p 00000000 00:00 0 
7f8264000000-7f8264021000 rwxp 00000000 00:00 0 
7f8264021000-7f8268000000 ---p 00000000 00:00 0 
7f82681ef000-7f82681f0000 ---p 00000000 00:00 0 
7f82681f0000-7f82682f0000 rwxp 00000000 00:00 0 
7f82682f0000-7f82682f3000 ---p 00000000 00:00 0 
7f82682f3000-7f82683f1000 rwxp 00000000 00:00 0 
7f82683f1000-7f82683f4000 ---p 00000000 00:00 0 
7f82683f4000-7f82684f2000 rwxp 00000000 00:00 0 
7f82684f2000-7f82684f5000 ---p 00000000 00:00 0 
7f82684f5000-7f82685f3000 rwxp 00000000 00:00 0 
7f82685f3000-7f82685f6000 ---p 00000000 00:00 0 
7f82685f6000-7f82686f4000 rwxp 00000000 00:00 0 
7f82686f4000-7f82686f7000 ---p 00000000 00:00 0 
7f82686f7000-7f82687f5000 rwxp 00000000 00:00 0 
7f82687f5000-7f82687f8000 ---p 00000000 00:00 0 
7f82687f8000-7f82688f6000 rwxp 00000000 00:00 0 
7f82688f6000-7f82688f9000 r-xp 00000000 08:06 1164233                    /usr/lib/jvm/java-6-sun-1.6.0.26/jre/lib/amd64/libdt_socket.so
7f82688f9000-7f82689f8000 ---p 00003000 08:06 1164233                    /usr/lib/jvm/java-6-sun-1.6.0.26/jre/lib/amd64/libdt_socket.so
7f82689f8000-7f82689fa000 rwxp 00002000 08:06 1164233                    /usr/lib/jvm/java-6-sun-1.6.0.26/jre/lib/amd64/libdt_socket.so
7f82689fa000-7f82689fd000 ---p 00000000 00:00 0 
7f82689fd000-7f8268afb000 rwxp 00000000 00:00 0 
7f8268afb000-7f8268afe000 ---p 00000000 00:00 0 
7f8268afe000-7f8268bfc000 rwxp 00000000 00:00 0 
7f8268bfc000-7f8268bff000 ---p 00000000 00:00 0 
7f8268bff000-7f8268cfd000 rwxp 00000000 00:00 0 
7f8268cfd000-7f8268cfe000 ---p 00000000 00:00 0 
7f8268cfe000-7f8269270000 rwxp 00000000 00:00 0 
7f8269270000-7f826c0d8000 rwxp 00000000 00:00 0 
7f826c0d8000-7f8270000000 ---p 00000000 00:00 0 
7f8270063000-7f827079e000 rwxp 00000000 00:00 0 
7f827079e000-7f8270936000 r-xs 03029000 08:06 1164312                    /usr/lib/jvm/java-6-sun-1.6.0.26/jre/lib/rt.jar
7f8270936000-7f827095e000 rwxp 00000000 00:00 0 
7f827095e000-7f827095f000 ---p 00000000 00:00 0 
7f827095f000-7f8270a5f000 rwxp 00000000 00:00 0 
7f8270a5f000-7f8270a60000 ---p 00000000 00:00 0 
7f8270a60000-7f8270b60000 rwxp 00000000 00:00 0 
7f8270b60000-7f8270b61000 ---p 00000000 00:00 0 
7f8270b61000-7f8270c61000 rwxp 00000000 00:00 0 
7f8270c61000-7f8270c62000 ---p 00000000 00:00 0 
7f8270c62000-7f8270d62000 rwxp 00000000 00:00 0 
7f8270d62000-7f8270d63000 ---p 00000000 00:00 0 
7f8270d63000-7f8270e63000 rwxp 00000000 00:00 0 
7f8270e63000-7f8270e64000 ---p 00000000 00:00 0 
7f8270e64000-7f8270f64000 rwxp 00000000 00:00 0 
7f8270f64000-7f8270f65000 ---p 00000000 00:00 0 
7f8270f65000-7f8271065000 rwxp 00000000 00:00 0 
7f8271065000-7f8271066000 ---p 00000000 00:00 0 
7f8271066000-7f8271171000 rwxp 00000000 00:00 0 
7f8271171000-7f827118f000 rwxp 00000000 00:00 0 
7f827118f000-7f82711b8000 rwxp 00000000 00:00 0 
7f82711b8000-7f827141f000 rwxp 00000000 00:00 0 
7f827141f000-7f827142a000 rwxp 00000000 00:00 0 
7f827142a000-7f8271448000 rwxp 00000000 00:00 0 
7f8271448000-7f8271471000 rwxp 00000000 00:00 0 
7f8271471000-7f82716d8000 rwxp 00000000 00:00 0 
7f82716d8000-7f82716ed000 rwxp 00000000 00:00 0 
7f82716ed000-7f8271820000 rwxp 00000000 00:00 0 
7f8271820000-7f8271821000 rwxp 00000000 00:00 0 
7f8271821000-7f827182f000 r-xp 00000000 08:06 1164270                    /usr/lib/jvm/java-6-sun-1.6.0.26/jre/lib/amd64/libzip.so
7f827182f000-7f8271931000 ---p 0000e000 08:06 1164270                    /usr/lib/jvm/java-6-sun-1.6.0.26/jre/lib/amd64/libzip.so
7f8271931000-7f8271934000 rwxp 00010000 08:06 1164270                    /usr/lib/jvm/java-6-sun-1.6.0.26/jre/lib/amd64/libzip.so
7f8271934000-7f8271935000 rwxp 00000000 00:00 0 
7f8271935000-7f8271941000 r-xp 00000000 08:06 17096728                   /lib/x86_64-linux-gnu/libnss_files-2.15.so
7f8271941000-7f8271b40000 ---p 0000c000 08:06 17096728                   /lib/x86_64-linux-gnu/libnss_files-2.15.so
7f8271b40000-7f8271b41000 r-xp 0000b000 08:06 17096728                   /lib/x86_64-linux-gnu/libnss_files-2.15.so
7f8271b41000-7f8271b42000 rwxp 0000c000 08:06 17096728                   /lib/x86_64-linux-gnu/libnss_files-2.15.so
7f8271b42000-7f8271b4c000 r-xp 00000000 08:06 17096732                   /lib/x86_64-linux-gnu/libnss_nis-2.15.so
7f8271b4c000-7f8271d4c000 ---p 0000a000 08:06 17096732                   /lib/x86_64-linux-gnu/libnss_nis-2.15.so
7f8271d4c000-7f8271d4d000 r-xp 0000a000 08:06 17096732                   /lib/x86_64-linux-gnu/libnss_nis-2.15.so
7f8271d4d000-7f8271d4e000 rwxp 0000b000 08:06 17096732                   /lib/x86_64-linux-gnu/libnss_nis-2.15.so
7f8271d4e000-7f8271d56000 r-xp 00000000 08:06 17096726                   /lib/x86_64-linux-gnu/libnss_compat-2.15.so
7f8271d56000-7f8271f55000 ---p 00008000 08:06 17096726                   /lib/x86_64-linux-gnu/libnss_compat-2.15.so
7f8271f55000-7f8271f56000 r-xp 00007000 08:06 17096726                   /lib/x86_64-linux-gnu/libnss_compat-2.15.so
7f8271f56000-7f8271f57000 rwxp 00008000 08:06 17096726                   /lib/x86_64-linux-gnu/libnss_compat-2.15.so
7f8271f57000-7f8272223000 r-xp 00000000 08:06 41301                      /usr/lib/locale/locale-archive
7f8272223000-7f8272226000 r-xp 00000000 08:06 1164258                    /usr/lib/jvm/java-6-sun-1.6.0.26/jre/lib/amd64/libnpt.so
7f8272226000-7f8272325000 ---p 00003000 08:06 1164258                    /usr/lib/jvm/java-6-sun-1.6.0.26/jre/lib/amd64/libnpt.so
7f8272325000-7f8272326000 rwxp 00002000 08:06 1164258                    /usr/lib/jvm/java-6-sun-1.6.0.26/jre/lib/amd64/libnpt.so
7f8272326000-7f827235c000 r-xp 00000000 08:06 1164257                    /usr/lib/jvm/java-6-sun-1.6.0.26/jre/lib/amd64/libjdwp.so
7f827235c000-7f827245b000 ---p 00036000 08:06 1164257                    /usr/lib/jvm/java-6-sun-1.6.0.26/jre/lib/amd64/libjdwp.so
7f827245b000-7f8272465000 rwxp 00035000 08:06 1164257                    /usr/lib/jvm/java-6-sun-1.6.0.26/jre/lib/amd64/libjdwp.so
7f8272465000-7f827247c000 r-xp 00000000 08:06 17096756                   /lib/x86_64-linux-gnu/libnsl-2.15.so
7f827247c000-7f827267b000 ---p 00017000 08:06 17096756                   /lib/x86_64-linux-gnu/libnsl-2.15.so
7f827267b000-7f827267c000 r-xp 00016000 08:06 17096756                   /lib/x86_64-linux-gnu/libnsl-2.15.so
7f827267c000-7f827267d000 rwxp 00017000 08:06 17096756                   /lib/x86_64-linux-gnu/libnsl-2.15.so
7f827267d000-7f827267f000 rwxp 00000000 00:00 0 
7f827267f000-7f82726a8000 r-xp 00000000 08:06 1164269                    /usr/lib/jvm/java-6-sun-1.6.0.26/jre/lib/amd64/libjava.so
7f82726a8000-7f82727a7000 ---p 00029000 08:06 1164269                    /usr/lib/jvm/java-6-sun-1.6.0.26/jre/lib/amd64/libjava.so
7f82727a7000-7f82727ae000 rwxp 00028000 08:06 1164269                    /usr/lib/jvm/java-6-sun-1.6.0.26/jre/lib/amd64/libjava.so
7f82727ae000-7f82727bb000 r-xp 00000000 08:06 1164247                    /usr/lib/jvm/java-6-sun-1.6.0.26/jre/lib/amd64/libverify.so
7f82727bb000-7f82728ba000 ---p 0000d000 08:06 1164247                    /usr/lib/jvm/java-6-sun-1.6.0.26/jre/lib/amd64/libverify.so
7f82728ba000-7f82728bd000 rwxp 0000c000 08:06 1164247                    /usr/lib/jvm/java-6-sun-1.6.0.26/jre/lib/amd64/libverify.so
7f82728bd000-7f82728c4000 r-xp 00000000 08:06 17096731                   /lib/x86_64-linux-gnu/librt-2.15.so
7f82728c4000-7f8272ac3000 ---p 00007000 08:06 17096731                   /lib/x86_64-linux-gnu/librt-2.15.so
7f8272ac3000-7f8272ac4000 r-xp 00006000 08:06 17096731                   /lib/x86_64-linux-gnu/librt-2.15.so
7f8272ac4000-7f8272ac5000 rwxp 00007000 08:06 17096731                   /lib/x86_64-linux-gnu/librt-2.15.so
7f8272ac5000-7f8272ac8000 ---p 00000000 00:00 0 
7f8272ac8000-7f8272bc6000 rwxp 00000000 00:00 0 
7f8272bc6000-7f8272cc1000 r-xp 00000000 08:06 17096735                   /lib/x86_64-linux-gnu/libm-2.15.so
7f8272cc1000-7f8272ec0000 ---p 000fb000 08:06 17096735                   /lib/x86_64-linux-gnu/libm-2.15.so
7f8272ec0000-7f8272ec1000 r-xp 000fa000 08:06 17096735                   /lib/x86_64-linux-gnu/libm-2.15.so
7f8272ec1000-7f8272ec2000 rwxp 000fb000 08:06 17096735                   /lib/x86_64-linux-gnu/libm-2.15.so
7f8272ec2000-7f82737dc000 r-xp 00000000 08:06 1164273                    /usr/lib/jvm/java-6-sun-1.6.0.26/jre/lib/amd64/server/libjvm.so
7f82737dc000-7f82738de000 ---p 0091a000 08:06 1164273                    /usr/lib/jvm/java-6-sun-1.6.0.26/jre/lib/amd64/server/libjvm.so
7f82738de000-7f8273a93000 rwxp 0091c000 08:06 1164273                    /usr/lib/jvm/java-6-sun-1.6.0.26/jre/lib/amd64/server/libjvm.so
7f8273a93000-7f8273acd000 rwxp 00000000 00:00 0 
7f8273acd000-7f8273c82000 r-xp 00000000 08:06 17096724                   /lib/x86_64-linux-gnu/libc-2.15.so
7f8273c82000-7f8273e82000 ---p 001b5000 08:06 17096724                   /lib/x86_64-linux-gnu/libc-2.15.so
7f8273e82000-7f8273e86000 r-xp 001b5000 08:06 17096724                   /lib/x86_64-linux-gnu/libc-2.15.so
7f8273e86000-7f8273e88000 rwxp 001b9000 08:06 17096724                   /lib/x86_64-linux-gnu/libc-2.15.so
7f8273e88000-7f8273e8d000 rwxp 00000000 00:00 0 
7f8273e8d000-7f8273e8f000 r-xp 00000000 08:06 17096751                   /lib/x86_64-linux-gnu/libdl-2.15.so
7f8273e8f000-7f827408f000 ---p 00002000 08:06 17096751                   /lib/x86_64-linux-gnu/libdl-2.15.so
7f827408f000-7f8274090000 r-xp 00002000 08:06 17096751                   /lib/x86_64-linux-gnu/libdl-2.15.so
7f8274090000-7f8274091000 rwxp 00003000 08:06 17096751                   /lib/x86_64-linux-gnu/libdl-2.15.so
7f8274091000-7f82740a9000 r-xp 00000000 08:06 17096733                   /lib/x86_64-linux-gnu/libpthread-2.15.so
7f82740a9000-7f82742a8000 ---p 00018000 08:06 17096733                   /lib/x86_64-linux-gnu/libpthread-2.15.so
7f82742a8000-7f82742a9000 r-xp 00017000 08:06 17096733                   /lib/x86_64-linux-gnu/libpthread-2.15.so
7f82742a9000-7f82742aa000 rwxp 00018000 08:06 17096733                   /lib/x86_64-linux-gnu/libpthread-2.15.so
7f82742aa000-7f82742ae000 rwxp 00000000 00:00 0 
7f82742ae000-7f82742d0000 r-xp 00000000 08:06 17096736                   /lib/x86_64-linux-gnu/ld-2.15.so
7f82742df000-7f82742e9000 rwxp 00000000 00:00 0 
7f82742e9000-7f827439f000 rwxp 00000000 00:00 0 
7f827439f000-7f82743a2000 rwxp 00000000 00:00 0 
7f82743a2000-7f82743a9000 r-xp 00000000 08:06 1164244                    /usr/lib/jvm/java-6-sun-1.6.0.26/jre/lib/amd64/jli/libjli.so
7f82743a9000-7f82744aa000 ---p 00007000 08:06 1164244                    /usr/lib/jvm/java-6-sun-1.6.0.26/jre/lib/amd64/jli/libjli.so
7f82744aa000-7f82744ac000 rwxp 00008000 08:06 1164244                    /usr/lib/jvm/java-6-sun-1.6.0.26/jre/lib/amd64/jli/libjli.so
7f82744ac000-7f82744ad000 rwxp 00000000 00:00 0 
7f82744c4000-7f82744cc000 rwxs 00000000 08:06 16892161                   /tmp/hsperfdata_davidg/8231
7f82744cc000-7f82744cd000 rwxp 00000000 00:00 0 
7f82744cd000-7f82744ce000 r-xp 00000000 00:00 0 
7f82744ce000-7f82744d0000 rwxp 00000000 00:00 0 
7f82744d0000-7f82744d1000 r-xp 00022000 08:06 17096736                   /lib/x86_64-linux-gnu/ld-2.15.so
7f82744d1000-7f82744d3000 rwxp 00023000 08:06 17096736                   /lib/x86_64-linux-gnu/ld-2.15.so
7fff4d704000-7fff4d725000 rwxp 00000000 00:00 0                          [stack]
7fff4d7ab000-7fff4d7ac000 r-xp 00000000 00:00 0                          [vdso]
ffffffffff600000-ffffffffff601000 r-xp 00000000 00:00 0                  [vsyscall]

VM Arguments:
jvm_args: -agentlib:jdwp=transport=dt_socket,suspend=y,address=localhost:39064 -Dfile.encoding=UTF-8 
java_command: src.core.MainBoardCellsCounter
Launcher Type: SUN_STANDARD

Environment Variables:
PATH=/usr/lib/lightdm/lightdm:/usr/local/sbin:/usr/local/bin:/usr/sbin:/usr/bin:/sbin:/bin:/usr/games
LD_LIBRARY_PATH=/usr/lib/jvm/java-6-sun-1.6.0.26/jre/lib/amd64/server:/usr/lib/jvm/java-6-sun-1.6.0.26/jre/lib/amd64:/usr/lib/jvm/java-6-sun-1.6.0.26/jre/../lib/amd64:/usr/lib/jvm/java-6-openjdk-amd64/jre/lib/amd64/server:/usr/lib/jvm/java-6-openjdk-amd64/jre/lib/amd64:/usr/lib/jvm/java-6-openjdk-amd64/jre/../lib/amd64
SHELL=/bin/bash
DISPLAY=:0

Signal Handlers:
SIGSEGV: [libjvm.so+0x85f800], sa_mask[0]=0x7ffbfeff, sa_flags=0x10000004
SIGBUS: [libjvm.so+0x85f800], sa_mask[0]=0x7ffbfeff, sa_flags=0x10000004
SIGFPE: [libjvm.so+0x70e300], sa_mask[0]=0x7ffbfeff, sa_flags=0x10000004
SIGPIPE: [libjvm.so+0x70e300], sa_mask[0]=0x7ffbfeff, sa_flags=0x10000004
SIGXFSZ: [libjvm.so+0x70e300], sa_mask[0]=0x7ffbfeff, sa_flags=0x10000004
SIGILL: [libjvm.so+0x70e300], sa_mask[0]=0x7ffbfeff, sa_flags=0x10000004
SIGUSR1: SIG_DFL, sa_mask[0]=0x00000000, sa_flags=0x00000000
SIGUSR2: [libjvm.so+0x711110], sa_mask[0]=0x00000004, sa_flags=0x10000004
SIGHUP: [libjvm.so+0x710d10], sa_mask[0]=0x7ffbfeff, sa_flags=0x10000004
SIGINT: [libjvm.so+0x710d10], sa_mask[0]=0x7ffbfeff, sa_flags=0x10000004
SIGTERM: [libjvm.so+0x710d10], sa_mask[0]=0x7ffbfeff, sa_flags=0x10000004
SIGQUIT: [libjvm.so+0x710d10], sa_mask[0]=0x7ffbfeff, sa_flags=0x10000004


---------------  S Y S T E M  ---------------

OS:wheezy/sid

uname:Linux 3.2.0-61-generic #93-Ubuntu SMP Fri May 2 21:31:50 UTC 2014 x86_64
libc:glibc 2.15 NPTL 2.15 
rlimit: STACK 8192k, CORE 0k, NPROC 62793, NOFILE 4096, AS infinity
load average:1.95 0.70 0.45

/proc/meminfo:
MemTotal:        8055140 kB
MemFree:         5992088 kB
Buffers:          180788 kB
Cached:           828864 kB
SwapCached:            0 kB
Active:          1223280 kB
Inactive:         608408 kB
Active(anon):     831484 kB
Inactive(anon):   139884 kB
Active(file):     391796 kB
Inactive(file):   468524 kB
Unevictable:           0 kB
Mlocked:               0 kB
SwapTotal:             0 kB
SwapFree:              0 kB
Dirty:              1832 kB
Writeback:             0 kB
AnonPages:        822444 kB
Mapped:           152624 kB
Shmem:            149284 kB
Slab:              76664 kB
SReclaimable:      43676 kB
SUnreclaim:        32988 kB
KernelStack:        4320 kB
PageTables:        24848 kB
NFS_Unstable:          0 kB
Bounce:                0 kB
WritebackTmp:          0 kB
CommitLimit:     4027568 kB
Committed_AS:    2774252 kB
VmallocTotal:   34359738367 kB
VmallocUsed:      371424 kB
VmallocChunk:   34359356412 kB
HardwareCorrupted:     0 kB
AnonHugePages:         0 kB
HugePages_Total:       0
HugePages_Free:        0
HugePages_Rsvd:        0
HugePages_Surp:        0
Hugepagesize:       2048 kB
DirectMap4k:       75776 kB
DirectMap2M:     8198144 kB


CPU:total 8 (4 cores per cpu, 2 threads per core) family 6 model 42 stepping 7, cmov, cx8, fxsr, mmx, sse, sse2, sse3, ssse3, sse4.1, sse4.2, popcnt, ht

/proc/cpuinfo:
processor	: 0
vendor_id	: GenuineIntel
cpu family	: 6
model		: 42
model name	: Intel(R) Core(TM) i7-2720QM CPU @ 2.20GHz
stepping	: 7
microcode	: 0x28
cpu MHz		: 2201.000
cache size	: 6144 KB
physical id	: 0
siblings	: 8
core id		: 0
cpu cores	: 4
apicid		: 0
initial apicid	: 0
fpu		: yes
fpu_exception	: yes
cpuid level	: 13
wp		: yes
flags		: fpu vme de pse tsc msr pae mce cx8 apic sep mtrr pge mca cmov pat pse36 clflush dts acpi mmx fxsr sse sse2 ss ht tm pbe syscall nx rdtscp lm constant_tsc arch_perfmon pebs bts rep_good nopl xtopology nonstop_tsc aperfmperf pni pclmulqdq dtes64 monitor ds_cpl vmx smx est tm2 ssse3 cx16 xtpr pdcm pcid sse4_1 sse4_2 x2apic popcnt tsc_deadline_timer aes xsave avx lahf_lm ida arat epb xsaveopt pln pts dtherm tpr_shadow vnmi flexpriority ept vpid
bogomips	: 4390.09
clflush size	: 64
cache_alignment	: 64
address sizes	: 36 bits physical, 48 bits virtual
power management:

processor	: 1
vendor_id	: GenuineIntel
cpu family	: 6
model		: 42
model name	: Intel(R) Core(TM) i7-2720QM CPU @ 2.20GHz
stepping	: 7
microcode	: 0x28
cpu MHz		: 2201.000
cache size	: 6144 KB
physical id	: 0
siblings	: 8
core id		: 1
cpu cores	: 4
apicid		: 2
initial apicid	: 2
fpu		: yes
fpu_exception	: yes
cpuid level	: 13
wp		: yes
flags		: fpu vme de pse tsc msr pae mce cx8 apic sep mtrr pge mca cmov pat pse36 clflush dts acpi mmx fxsr sse sse2 ss ht tm pbe syscall nx rdtscp lm constant_tsc arch_perfmon pebs bts rep_good nopl xtopology nonstop_tsc aperfmperf pni pclmulqdq dtes64 monitor ds_cpl vmx smx est tm2 ssse3 cx16 xtpr pdcm pcid sse4_1 sse4_2 x2apic popcnt tsc_deadline_timer aes xsave avx lahf_lm ida arat epb xsaveopt pln pts dtherm tpr_shadow vnmi flexpriority ept vpid
bogomips	: 4389.83
clflush size	: 64
cache_alignment	: 64
address sizes	: 36 bits physical, 48 bits virtual
power management:

processor	: 2
vendor_id	: GenuineIntel
cpu family	: 6
model		: 42
model name	: Intel(R) Core(TM) i7-2720QM CPU @ 2.20GHz
stepping	: 7
microcode	: 0x28
cpu MHz		: 800.000
cache size	: 6144 KB
physical id	: 0
siblings	: 8
core id		: 2
cpu cores	: 4
apicid		: 4
initial apicid	: 4
fpu		: yes
fpu_exception	: yes
cpuid level	: 13
wp		: yes
flags		: fpu vme de pse tsc msr pae mce cx8 apic sep mtrr pge mca cmov pat pse36 clflush dts acpi mmx fxsr sse sse2 ss ht tm pbe syscall nx rdtscp lm constant_tsc arch_perfmon pebs bts rep_good nopl xtopology nonstop_tsc aperfmperf pni pclmulqdq dtes64 monitor ds_cpl vmx smx est tm2 ssse3 cx16 xtpr pdcm pcid sse4_1 sse4_2 x2apic popcnt tsc_deadline_timer aes xsave avx lahf_lm ida arat epb xsaveopt pln pts dtherm tpr_shadow vnmi flexpriority ept vpid
bogomips	: 4389.84
clflush size	: 64
cache_alignment	: 64
address sizes	: 36 bits physical, 48 bits virtual
power management:

processor	: 3
vendor_id	: GenuineIntel
cpu family	: 6
model		: 42
model name	: Intel(R) Core(TM) i7-2720QM CPU @ 2.20GHz
stepping	: 7
microcode	: 0x28
cpu MHz		: 2201.000
cache size	: 6144 KB
physical id	: 0
siblings	: 8
core id		: 3
cpu cores	: 4
apicid		: 6
initial apicid	: 6
fpu		: yes
fpu_exception	: yes
cpuid level	: 13
wp		: yes
flags		: fpu vme de pse tsc msr pae mce cx8 apic sep mtrr pge mca cmov pat pse36 clflush dts acpi mmx fxsr sse sse2 ss ht tm pbe syscall nx rdtscp lm constant_tsc arch_perfmon pebs bts rep_good nopl xtopology nonstop_tsc aperfmperf pni pclmulqdq dtes64 monitor ds_cpl vmx smx est tm2 ssse3 cx16 xtpr pdcm pcid sse4_1 sse4_2 x2apic popcnt tsc_deadline_timer aes xsave avx lahf_lm ida arat epb xsaveopt pln pts dtherm tpr_shadow vnmi flexpriority ept vpid
bogomips	: 4389.83
clflush size	: 64
cache_alignment	: 64
address sizes	: 36 bits physical, 48 bits virtual
power management:

processor	: 4
vendor_id	: GenuineIntel
cpu family	: 6
model		: 42
model name	: Intel(R) Core(TM) i7-2720QM CPU @ 2.20GHz
stepping	: 7
microcode	: 0x28
cpu MHz		: 800.000
cache size	: 6144 KB
physical id	: 0
siblings	: 8
core id		: 0
cpu cores	: 4
apicid		: 1
initial apicid	: 1
fpu		: yes
fpu_exception	: yes
cpuid level	: 13
wp		: yes
flags		: fpu vme de pse tsc msr pae mce cx8 apic sep mtrr pge mca cmov pat pse36 clflush dts acpi mmx fxsr sse sse2 ss ht tm pbe syscall nx rdtscp lm constant_tsc arch_perfmon pebs bts rep_good nopl xtopology nonstop_tsc aperfmperf pni pclmulqdq dtes64 monitor ds_cpl vmx smx est tm2 ssse3 cx16 xtpr pdcm pcid sse4_1 sse4_2 x2apic popcnt tsc_deadline_timer aes xsave avx lahf_lm ida arat epb xsaveopt pln pts dtherm tpr_shadow vnmi flexpriority ept vpid
bogomips	: 4389.83
clflush size	: 64
cache_alignment	: 64
address sizes	: 36 bits physical, 48 bits virtual
power management:

processor	: 5
vendor_id	: GenuineIntel
cpu family	: 6
model		: 42
model name	: Intel(R) Core(TM) i7-2720QM CPU @ 2.20GHz
stepping	: 7
microcode	: 0x28
cpu MHz		: 2201.000
cache size	: 6144 KB
physical id	: 0
siblings	: 8
core id		: 1
cpu cores	: 4
apicid		: 3
initial apicid	: 3
fpu		: yes
fpu_exception	: yes
cpuid level	: 13
wp		: yes
flags		: fpu vme de pse tsc msr pae mce cx8 apic sep mtrr pge mca cmov pat pse36 clflush dts acpi mmx fxsr sse sse2 ss ht tm pbe syscall nx rdtscp lm constant_tsc arch_perfmon pebs bts rep_good nopl xtopology nonstop_tsc aperfmperf pni pclmulqdq dtes64 monitor ds_cpl vmx smx est tm2 ssse3 cx16 xtpr pdcm pcid sse4_1 sse4_2 x2apic popcnt tsc_deadline_timer aes xsave avx lahf_lm ida arat epb xsaveopt pln pts dtherm tpr_shadow vnmi flexpriority ept vpid
bogomips	: 4389.84
clflush size	: 64
cache_alignment	: 64
address sizes	: 36 bits physical, 48 bits virtual
power management:

processor	: 6
vendor_id	: GenuineIntel
cpu family	: 6
model		: 42
model name	: Intel(R) Core(TM) i7-2720QM CPU @ 2.20GHz
stepping	: 7
microcode	: 0x28
cpu MHz		: 800.000
cache size	: 6144 KB
physical id	: 0
siblings	: 8
core id		: 2
cpu cores	: 4
apicid		: 5
initial apicid	: 5
fpu		: yes
fpu_exception	: yes
cpuid level	: 13
wp		: yes
flags		: fpu vme de pse tsc msr pae mce cx8 apic sep mtrr pge mca cmov pat pse36 clflush dts acpi mmx fxsr sse sse2 ss ht tm pbe syscall nx rdtscp lm constant_tsc arch_perfmon pebs bts rep_good nopl xtopology nonstop_tsc aperfmperf pni pclmulqdq dtes64 monitor ds_cpl vmx smx est tm2 ssse3 cx16 xtpr pdcm pcid sse4_1 sse4_2 x2apic popcnt tsc_deadline_timer aes xsave avx lahf_lm ida arat epb xsaveopt pln pts dtherm tpr_shadow vnmi flexpriority ept vpid
bogomips	: 4389.82
clflush size	: 64
cache_alignment	: 64
address sizes	: 36 bits physical, 48 bits virtual
power management:

processor	: 7
vendor_id	: GenuineIntel
cpu family	: 6
model		: 42
model name	: Intel(R) Core(TM) i7-2720QM CPU @ 2.20GHz
stepping	: 7
microcode	: 0x28
cpu MHz		: 800.000
cache size	: 6144 KB
physical id	: 0
siblings	: 8
core id		: 3
cpu cores	: 4
apicid		: 7
initial apicid	: 7
fpu		: yes
fpu_exception	: yes
cpuid level	: 13
wp		: yes
flags		: fpu vme de pse tsc msr pae mce cx8 apic sep mtrr pge mca cmov pat pse36 clflush dts acpi mmx fxsr sse sse2 ss ht tm pbe syscall nx rdtscp lm constant_tsc arch_perfmon pebs bts rep_good nopl xtopology nonstop_tsc aperfmperf pni pclmulqdq dtes64 monitor ds_cpl vmx smx est tm2 ssse3 cx16 xtpr pdcm pcid sse4_1 sse4_2 x2apic popcnt tsc_deadline_timer aes xsave avx lahf_lm ida arat epb xsaveopt pln pts dtherm tpr_shadow vnmi flexpriority ept vpid
bogomips	: 4389.83
clflush size	: 64
cache_alignment	: 64
address sizes	: 36 bits physical, 48 bits virtual
power management:



Memory: 4k page, physical 8055140k(5992088k free), swap 0k(0k free)

vm_info: Java HotSpot(TM) 64-Bit Server VM (20.1-b02) for linux-amd64 JRE (1.6.0_26-b03), built on May  4 2011 01:13:47 by "java_re" with gcc 3.2.2 (SuSE Linux)

time: Thu Sep 11 16:18:21 2014
elapsed time: 244 seconds

