#
# A fatal error has been detected by the Java Runtime Environment:
#
#  SIGSEGV (0xb) at pc=0x00007f628d7300cd, pid=4068, tid=140060875777792
#
# JRE version: 6.0_26-b03
# Java VM: Java HotSpot(TM) 64-Bit Server VM (20.1-b02 mixed mode linux-amd64 compressed oops)
# Problematic frame:
# V  [libjvm.so+0x5990cd]  unsigned+0x11d
#
# If you would like to submit a bug report, please visit:
#   http://java.sun.com/webapps/bugreport/crash.jsp
#

---------------  T H R E A D  ---------------

Current thread (0x00007f62880a0000):  JavaThread "JDWP Transport Listener: dt_socket" daemon [_thread_in_vm, id=4088, stack(0x00007f6276af6000,0x00007f6276bf7000)]

siginfo:si_signo=SIGSEGV: si_errno=0, si_code=128 (), si_addr=0x0000000000000000

Registers:
RAX=0x0000000000000001, RBX=0x0000000000000000, RCX=0x00007f628dc31000, RDX=0x0000000000000000
RSP=0x00007f6276bf5a80, RBP=0x00007f6276bf5af0, RSI=0x00007f62880a0000, RDI=0x00007f6288005710
R8 =0x00007f628e7a1000, R9 =0x00007f628dc30fe8, R10=0x0000000000000ffc, R11=0x00007f628dc30ff0
R12=0x00007f6288005710, R13=0x6e7265747461502f, R14=0x00007f6276bf5b3f, R15=0x00007f6276bf5a80
RIP=0x00007f628d7300cd, EFLAGS=0x0000000000010202, CSGSFS=0x0000000000000033, ERR=0x0000000000000000
  TRAPNO=0x000000000000000d

Top of Stack: (sp=0x00007f6276bf5a80)
0x00007f6276bf5a80:   00007f62880a0000 0000000000000000
0x00007f6276bf5a90:   00007f6200000000 0000000000000000
0x00007f6276bf5aa0:   00007f62880a0000 000000000000001c
0x00007f6276bf5ab0:   00007f62880a0000 00007f6276bf5bd0
0x00007f6276bf5ac0:   00007f6260001188 6e7265747461502f
0x00007f6276bf5ad0:   00007f628c7310f0 0000000000000001
0x00007f6276bf5ae0:   0000000000000001 0000000000000007
0x00007f6276bf5af0:   00007f6276bf5b3f 00007f628c6242ce
0x00007f6276bf5b00:   6e7265747461502f 00007f6276bf5bd0
0x00007f6276bf5b10:   0000000000000001 00007f628c601a73
0x00007f6276bf5b20:   0000000000000000 0000000000000000
0x00007f6276bf5b30:   0000000000000000 000000000000000a
0x00007f6276bf5b40:   0000000000000003 00007f6276bf5bd0
0x00007f6276bf5b50:   00007f6250005108 00007f628c601c36
0x00007f6276bf5b60:   00007f6276bf5bd0 0000000376bf5d90
0x00007f6276bf5b70:   00007f6250005ca0 00007f6276bf5bd0
0x00007f6276bf5b80:   00007f6276bf5d90 00007f6276bf5d60
0x00007f6276bf5b90:   00007f628c7310f0 00007f628c601cae
0x00007f6276bf5ba0:   00007f6276bf5d60 00007f628c60c8fb
0x00007f6276bf5bb0:   00003a2900000013 00007f62480f0200
0x00007f6276bf5bc0:   00007f6248001070 00007f6276bf5bd0
0x00007f6276bf5bd0:   00007f6276bf5c9b 00007f62000000b1
0x00007f6276bf5be0:   00007f6276bf5be8 00007f620000007b
0x00007f6276bf5bf0:   00007f6276bf5c20 0000000000000000
0x00007f6276bf5c00:   00007f0000000000 00003a290000001c
0x00007f6276bf5c10:   00007f6200007e80 00007f6276bf5c20
0x00007f6276bf5c20:   627f000003000000 0600000080110060
0x00007f6276bf5c30:   00003e74696e693c 0000005629280300
0x00007f6276bf5c40:   7f00000100000000 0000008811006062
0x00007f6276bf5c50:   6f42746e6972700a 2818000000647261
0x00007f6276bf5c60:   74752f6176616a4c 79617272412f6c69
0x00007f6276bf5c70:   0056293b7473694c 76616a4c281c0000 

Instructions: (pc=0x00007f628d7300cd)
0x00007f628d7300ad:   84 c7 03 00 00 41 0f b6 9c 24 68 01 00 00 80 e3
0x00007f628d7300bd:   10 84 db 0f 84 ed 02 00 00 31 db 4d 85 ed 74 23
0x00007f628d7300cd:   49 8b 45 00 48 85 c0 0f 84 d2 02 00 00 49 bd fe
0x00007f628d7300dd:   fe fe fe fe fe fe fe 48 89 c3 4c 39 e8 0f 84 bc 

Register to memory mapping:

RAX=0x0000000000000001 is an unknown value
RBX=0x0000000000000000 is an unknown value
RCX=0x00007f628dc31000: <offset 0xa9a000> in /usr/lib/jvm/java-6-sun-1.6.0.26/jre/lib/amd64/server/libjvm.so at 0x00007f628d197000
RDX=0x0000000000000000 is an unknown value
RSP=0x00007f6276bf5a80 is pointing into the stack for thread: 0x00007f62880a0000
RBP=0x00007f6276bf5af0 is pointing into the stack for thread: 0x00007f62880a0000
RSI=0x00007f62880a0000 is a thread
RDI=0x00007f6288005710 is an unknown value
R8 =0x00007f628e7a1000 is an unknown value
R9 =0x00007f628dc30fe8: <offset 0xa99fe8> in /usr/lib/jvm/java-6-sun-1.6.0.26/jre/lib/amd64/server/libjvm.so at 0x00007f628d197000
R10=0x0000000000000ffc is an unknown value
R11=0x00007f628dc30ff0: <offset 0xa99ff0> in /usr/lib/jvm/java-6-sun-1.6.0.26/jre/lib/amd64/server/libjvm.so at 0x00007f628d197000
R12=0x00007f6288005710 is an unknown value
R13=0x6e7265747461502f is an unknown value
R14=0x00007f6276bf5b3f is pointing into the stack for thread: 0x00007f62880a0000
R15=0x00007f6276bf5a80 is pointing into the stack for thread: 0x00007f62880a0000


Stack: [0x00007f6276af6000,0x00007f6276bf7000],  sp=0x00007f6276bf5a80,  free space=1022k
Native frames: (J=compiled Java code, j=interpreted, Vv=VM code, C=native code)
V  [libjvm.so+0x5990cd]  unsigned+0x11d


---------------  P R O C E S S  ---------------

Java Threads: ( => current thread )
  0x00007f62880ab000 JavaThread "Low Memory Detector" daemon [_thread_blocked, id=4098, stack(0x00007f62765f1000,0x00007f62766f2000)]
  0x00007f62880a8800 JavaThread "C2 CompilerThread1" daemon [_thread_blocked, id=4097, stack(0x00007f62766f2000,0x00007f62767f3000)]
  0x00007f62880a5800 JavaThread "C2 CompilerThread0" daemon [_thread_blocked, id=4096, stack(0x00007f62767f3000,0x00007f62768f4000)]
  0x00007f6250001000 JavaThread "JDWP Command Reader" daemon [_thread_in_native, id=4092, stack(0x00007f62768f4000,0x00007f62769f5000)]
  0x00007f62880a3800 JavaThread "JDWP Event Helper Thread" daemon [_thread_blocked, id=4090, stack(0x00007f62769f5000,0x00007f6276af6000)]
=>0x00007f62880a0000 JavaThread "JDWP Transport Listener: dt_socket" daemon [_thread_in_vm, id=4088, stack(0x00007f6276af6000,0x00007f6276bf7000)]
  0x00007f6288094000 JavaThread "Signal Dispatcher" daemon [_thread_blocked, id=4086, stack(0x00007f6276cfb000,0x00007f6276dfc000)]
  0x00007f6288078000 JavaThread "Finalizer" daemon [_thread_blocked, id=4085, stack(0x00007f6276dfc000,0x00007f6276efd000)]
  0x00007f6288076000 JavaThread "Reference Handler" daemon [_thread_blocked, id=4084, stack(0x00007f6276efd000,0x00007f6276ffe000)]
  0x00007f628800a000 JavaThread "main" [_thread_in_native, id=4073, stack(0x00007f628cd9a000,0x00007f628ce9b000)]

Other Threads:
  0x00007f628806f800 VMThread [stack: 0x00007f6276ffe000,0x00007f62770ff000] [id=4083]
  0x00007f62880b5800 WatcherThread [stack: 0x00007f62764f0000,0x00007f62765f1000] [id=4099]

VM state:not at safepoint (normal execution)

VM Mutex/Monitor currently owned by a thread: None

Heap
 PSYoungGen      total 36736K, used 1262K [0x00000007d7000000, 0x00000007d98f0000, 0x0000000800000000)
  eden space 31552K, 4% used [0x00000007d7000000,0x00000007d713b880,0x00000007d8ed0000)
  from space 5184K, 0% used [0x00000007d93e0000,0x00000007d93e0000,0x00000007d98f0000)
  to   space 5184K, 0% used [0x00000007d8ed0000,0x00000007d8ed0000,0x00000007d93e0000)
 PSOldGen        total 83968K, used 0K [0x0000000785000000, 0x000000078a200000, 0x00000007d7000000)
  object space 83968K, 0% used [0x0000000785000000,0x0000000785000000,0x000000078a200000)
 PSPermGen       total 21248K, used 3336K [0x000000077fe00000, 0x00000007812c0000, 0x0000000785000000)
  object space 21248K, 15% used [0x000000077fe00000,0x0000000780142160,0x00000007812c0000)

Code Cache  [0x00007f6284ad3000, 0x00007f6284d43000, 0x00007f6287ad3000)
 total_blobs=153 nmethods=0 adapters=129 free_code_cache=49950848 largest_free_block=384

Dynamic libraries:
40000000-40009000 r-xp 00000000 08:06 1164130                            /usr/lib/jvm/java-6-sun-1.6.0.26/jre/bin/java
40108000-4010a000 rwxp 00008000 08:06 1164130                            /usr/lib/jvm/java-6-sun-1.6.0.26/jre/bin/java
41453000-41474000 rwxp 00000000 00:00 0                                  [heap]
77fe00000-7812c0000 rwxp 00000000 00:00 0 
7812c0000-785000000 rwxp 00000000 00:00 0 
785000000-78a200000 rwxp 00000000 00:00 0 
78a200000-7d7000000 rwxp 00000000 00:00 0 
7d7000000-7d98f0000 rwxp 00000000 00:00 0 
7d98f0000-800000000 rwxp 00000000 00:00 0 
7f6234000000-7f6234021000 rwxp 00000000 00:00 0 
7f6234021000-7f6238000000 ---p 00000000 00:00 0 
7f6238000000-7f6238021000 rwxp 00000000 00:00 0 
7f6238021000-7f623c000000 ---p 00000000 00:00 0 
7f623c000000-7f623c021000 rwxp 00000000 00:00 0 
7f623c021000-7f6240000000 ---p 00000000 00:00 0 
7f6240000000-7f6240021000 rwxp 00000000 00:00 0 
7f6240021000-7f6244000000 ---p 00000000 00:00 0 
7f6244000000-7f6244021000 rwxp 00000000 00:00 0 
7f6244021000-7f6248000000 ---p 00000000 00:00 0 
7f6248000000-7f6248021000 rwxp 00000000 00:00 0 
7f6248021000-7f624c000000 ---p 00000000 00:00 0 
7f624c000000-7f624c021000 rwxp 00000000 00:00 0 
7f624c021000-7f6250000000 ---p 00000000 00:00 0 
7f6250000000-7f6250024000 rwxp 00000000 00:00 0 
7f6250024000-7f6254000000 ---p 00000000 00:00 0 
7f6254000000-7f6254021000 rwxp 00000000 00:00 0 
7f6254021000-7f6258000000 ---p 00000000 00:00 0 
7f6258000000-7f6258021000 rwxp 00000000 00:00 0 
7f6258021000-7f625c000000 ---p 00000000 00:00 0 
7f625c000000-7f625c021000 rwxp 00000000 00:00 0 
7f625c021000-7f6260000000 ---p 00000000 00:00 0 
7f6260000000-7f6260021000 rwxp 00000000 00:00 0 
7f6260021000-7f6264000000 ---p 00000000 00:00 0 
7f6264000000-7f6264021000 rwxp 00000000 00:00 0 
7f6264021000-7f6268000000 ---p 00000000 00:00 0 
7f6268000000-7f6268021000 rwxp 00000000 00:00 0 
7f6268021000-7f626c000000 ---p 00000000 00:00 0 
7f626c000000-7f626c021000 rwxp 00000000 00:00 0 
7f626c021000-7f6270000000 ---p 00000000 00:00 0 
7f6270000000-7f6270021000 rwxp 00000000 00:00 0 
7f6270021000-7f6274000000 ---p 00000000 00:00 0 
7f62764f0000-7f62764f1000 ---p 00000000 00:00 0 
7f62764f1000-7f62765f1000 rwxp 00000000 00:00 0 
7f62765f1000-7f62765f4000 ---p 00000000 00:00 0 
7f62765f4000-7f62766f2000 rwxp 00000000 00:00 0 
7f62766f2000-7f62766f5000 ---p 00000000 00:00 0 
7f62766f5000-7f62767f3000 rwxp 00000000 00:00 0 
7f62767f3000-7f62767f6000 ---p 00000000 00:00 0 
7f62767f6000-7f62768f4000 rwxp 00000000 00:00 0 
7f62768f4000-7f62768f7000 ---p 00000000 00:00 0 
7f62768f7000-7f62769f5000 rwxp 00000000 00:00 0 
7f62769f5000-7f62769f8000 ---p 00000000 00:00 0 
7f62769f8000-7f6276af6000 rwxp 00000000 00:00 0 
7f6276af6000-7f6276af9000 ---p 00000000 00:00 0 
7f6276af9000-7f6276bf7000 rwxp 00000000 00:00 0 
7f6276bf7000-7f6276bfa000 r-xp 00000000 08:06 1164233                    /usr/lib/jvm/java-6-sun-1.6.0.26/jre/lib/amd64/libdt_socket.so
7f6276bfa000-7f6276cf9000 ---p 00003000 08:06 1164233                    /usr/lib/jvm/java-6-sun-1.6.0.26/jre/lib/amd64/libdt_socket.so
7f6276cf9000-7f6276cfb000 rwxp 00002000 08:06 1164233                    /usr/lib/jvm/java-6-sun-1.6.0.26/jre/lib/amd64/libdt_socket.so
7f6276cfb000-7f6276cfe000 ---p 00000000 00:00 0 
7f6276cfe000-7f6276dfc000 rwxp 00000000 00:00 0 
7f6276dfc000-7f6276dff000 ---p 00000000 00:00 0 
7f6276dff000-7f6276efd000 rwxp 00000000 00:00 0 
7f6276efd000-7f6276f00000 ---p 00000000 00:00 0 
7f6276f00000-7f6276ffe000 rwxp 00000000 00:00 0 
7f6276ffe000-7f6276fff000 ---p 00000000 00:00 0 
7f6276fff000-7f6277a3c000 rwxp 00000000 00:00 0 
7f6277a3c000-7f6277bd4000 r-xs 03029000 08:06 1164312                    /usr/lib/jvm/java-6-sun-1.6.0.26/jre/lib/rt.jar
7f6277bd4000-7f6277bfc000 rwxp 00000000 00:00 0 
7f6277bfc000-7f6277bfd000 ---p 00000000 00:00 0 
7f6277bfd000-7f6277cfd000 rwxp 00000000 00:00 0 
7f6277cfd000-7f6277cfe000 ---p 00000000 00:00 0 
7f6277cfe000-7f6277dfe000 rwxp 00000000 00:00 0 
7f6277dfe000-7f6277dff000 ---p 00000000 00:00 0 
7f6277dff000-7f6277eff000 rwxp 00000000 00:00 0 
7f6277eff000-7f6277f00000 ---p 00000000 00:00 0 
7f6277f00000-7f6278000000 rwxp 00000000 00:00 0 
7f6278000000-7f6278021000 rwxp 00000000 00:00 0 
7f6278021000-7f627c000000 ---p 00000000 00:00 0 
7f627c000000-7f627c021000 rwxp 00000000 00:00 0 
7f627c021000-7f6280000000 ---p 00000000 00:00 0 
7f6280000000-7f6280021000 rwxp 00000000 00:00 0 
7f6280021000-7f6284000000 ---p 00000000 00:00 0 
7f6284014000-7f6284015000 ---p 00000000 00:00 0 
7f6284015000-7f6284115000 rwxp 00000000 00:00 0 
7f6284115000-7f6284116000 ---p 00000000 00:00 0 
7f6284116000-7f6284216000 rwxp 00000000 00:00 0 
7f6284216000-7f6284217000 ---p 00000000 00:00 0 
7f6284217000-7f6284317000 rwxp 00000000 00:00 0 
7f6284317000-7f6284318000 ---p 00000000 00:00 0 
7f6284318000-7f6284423000 rwxp 00000000 00:00 0 
7f6284423000-7f6284441000 rwxp 00000000 00:00 0 
7f6284441000-7f628446a000 rwxp 00000000 00:00 0 
7f628446a000-7f62846d1000 rwxp 00000000 00:00 0 
7f62846d1000-7f62846dc000 rwxp 00000000 00:00 0 
7f62846dc000-7f62846fa000 rwxp 00000000 00:00 0 
7f62846fa000-7f6284723000 rwxp 00000000 00:00 0 
7f6284723000-7f628498a000 rwxp 00000000 00:00 0 
7f628498a000-7f628499f000 rwxp 00000000 00:00 0 
7f628499f000-7f6284ad2000 rwxp 00000000 00:00 0 
7f6284ad2000-7f6284d43000 rwxp 00000000 00:00 0 
7f6284d43000-7f6287ad3000 rwxp 00000000 00:00 0 
7f6287ad3000-7f6287ae1000 r-xp 00000000 08:06 1164270                    /usr/lib/jvm/java-6-sun-1.6.0.26/jre/lib/amd64/libzip.so
7f6287ae1000-7f6287be3000 ---p 0000e000 08:06 1164270                    /usr/lib/jvm/java-6-sun-1.6.0.26/jre/lib/amd64/libzip.so
7f6287be3000-7f6287be6000 rwxp 00010000 08:06 1164270                    /usr/lib/jvm/java-6-sun-1.6.0.26/jre/lib/amd64/libzip.so
7f6287be6000-7f6287be7000 rwxp 00000000 00:00 0 
7f6287be7000-7f6287bf3000 r-xp 00000000 08:06 17096728                   /lib/x86_64-linux-gnu/libnss_files-2.15.so
7f6287bf3000-7f6287df2000 ---p 0000c000 08:06 17096728                   /lib/x86_64-linux-gnu/libnss_files-2.15.so
7f6287df2000-7f6287df3000 r-xp 0000b000 08:06 17096728                   /lib/x86_64-linux-gnu/libnss_files-2.15.so
7f6287df3000-7f6287df4000 rwxp 0000c000 08:06 17096728                   /lib/x86_64-linux-gnu/libnss_files-2.15.so
7f6287df4000-7f6287dfe000 r-xp 00000000 08:06 17096732                   /lib/x86_64-linux-gnu/libnss_nis-2.15.so
7f6287dfe000-7f6287ffe000 ---p 0000a000 08:06 17096732                   /lib/x86_64-linux-gnu/libnss_nis-2.15.so
7f6287ffe000-7f6287fff000 r-xp 0000a000 08:06 17096732                   /lib/x86_64-linux-gnu/libnss_nis-2.15.so
7f6287fff000-7f6288000000 rwxp 0000b000 08:06 17096732                   /lib/x86_64-linux-gnu/libnss_nis-2.15.so
7f6288000000-7f62880d0000 rwxp 00000000 00:00 0 
7f62880d0000-7f628c000000 ---p 00000000 00:00 0 
7f628c023000-7f628c02b000 r-xp 00000000 08:06 17096726                   /lib/x86_64-linux-gnu/libnss_compat-2.15.so
7f628c02b000-7f628c22a000 ---p 00008000 08:06 17096726                   /lib/x86_64-linux-gnu/libnss_compat-2.15.so
7f628c22a000-7f628c22b000 r-xp 00007000 08:06 17096726                   /lib/x86_64-linux-gnu/libnss_compat-2.15.so
7f628c22b000-7f628c22c000 rwxp 00008000 08:06 17096726                   /lib/x86_64-linux-gnu/libnss_compat-2.15.so
7f628c22c000-7f628c4f8000 r-xp 00000000 08:06 41301                      /usr/lib/locale/locale-archive
7f628c4f8000-7f628c4fb000 r-xp 00000000 08:06 1164258                    /usr/lib/jvm/java-6-sun-1.6.0.26/jre/lib/amd64/libnpt.so
7f628c4fb000-7f628c5fa000 ---p 00003000 08:06 1164258                    /usr/lib/jvm/java-6-sun-1.6.0.26/jre/lib/amd64/libnpt.so
7f628c5fa000-7f628c5fb000 rwxp 00002000 08:06 1164258                    /usr/lib/jvm/java-6-sun-1.6.0.26/jre/lib/amd64/libnpt.so
7f628c5fb000-7f628c631000 r-xp 00000000 08:06 1164257                    /usr/lib/jvm/java-6-sun-1.6.0.26/jre/lib/amd64/libjdwp.so
7f628c631000-7f628c730000 ---p 00036000 08:06 1164257                    /usr/lib/jvm/java-6-sun-1.6.0.26/jre/lib/amd64/libjdwp.so
7f628c730000-7f628c73a000 rwxp 00035000 08:06 1164257                    /usr/lib/jvm/java-6-sun-1.6.0.26/jre/lib/amd64/libjdwp.so
7f628c73a000-7f628c751000 r-xp 00000000 08:06 17096756                   /lib/x86_64-linux-gnu/libnsl-2.15.so
7f628c751000-7f628c950000 ---p 00017000 08:06 17096756                   /lib/x86_64-linux-gnu/libnsl-2.15.so
7f628c950000-7f628c951000 r-xp 00016000 08:06 17096756                   /lib/x86_64-linux-gnu/libnsl-2.15.so
7f628c951000-7f628c952000 rwxp 00017000 08:06 17096756                   /lib/x86_64-linux-gnu/libnsl-2.15.so
7f628c952000-7f628c954000 rwxp 00000000 00:00 0 
7f628c954000-7f628c97d000 r-xp 00000000 08:06 1164269                    /usr/lib/jvm/java-6-sun-1.6.0.26/jre/lib/amd64/libjava.so
7f628c97d000-7f628ca7c000 ---p 00029000 08:06 1164269                    /usr/lib/jvm/java-6-sun-1.6.0.26/jre/lib/amd64/libjava.so
7f628ca7c000-7f628ca83000 rwxp 00028000 08:06 1164269                    /usr/lib/jvm/java-6-sun-1.6.0.26/jre/lib/amd64/libjava.so
7f628ca83000-7f628ca90000 r-xp 00000000 08:06 1164247                    /usr/lib/jvm/java-6-sun-1.6.0.26/jre/lib/amd64/libverify.so
7f628ca90000-7f628cb8f000 ---p 0000d000 08:06 1164247                    /usr/lib/jvm/java-6-sun-1.6.0.26/jre/lib/amd64/libverify.so
7f628cb8f000-7f628cb92000 rwxp 0000c000 08:06 1164247                    /usr/lib/jvm/java-6-sun-1.6.0.26/jre/lib/amd64/libverify.so
7f628cb92000-7f628cb99000 r-xp 00000000 08:06 17096731                   /lib/x86_64-linux-gnu/librt-2.15.so
7f628cb99000-7f628cd98000 ---p 00007000 08:06 17096731                   /lib/x86_64-linux-gnu/librt-2.15.so
7f628cd98000-7f628cd99000 r-xp 00006000 08:06 17096731                   /lib/x86_64-linux-gnu/librt-2.15.so
7f628cd99000-7f628cd9a000 rwxp 00007000 08:06 17096731                   /lib/x86_64-linux-gnu/librt-2.15.so
7f628cd9a000-7f628cd9d000 ---p 00000000 00:00 0 
7f628cd9d000-7f628ce9b000 rwxp 00000000 00:00 0 
7f628ce9b000-7f628cf96000 r-xp 00000000 08:06 17096735                   /lib/x86_64-linux-gnu/libm-2.15.so
7f628cf96000-7f628d195000 ---p 000fb000 08:06 17096735                   /lib/x86_64-linux-gnu/libm-2.15.so
7f628d195000-7f628d196000 r-xp 000fa000 08:06 17096735                   /lib/x86_64-linux-gnu/libm-2.15.so
7f628d196000-7f628d197000 rwxp 000fb000 08:06 17096735                   /lib/x86_64-linux-gnu/libm-2.15.so
7f628d197000-7f628dab1000 r-xp 00000000 08:06 1164273                    /usr/lib/jvm/java-6-sun-1.6.0.26/jre/lib/amd64/server/libjvm.so
7f628dab1000-7f628dbb3000 ---p 0091a000 08:06 1164273                    /usr/lib/jvm/java-6-sun-1.6.0.26/jre/lib/amd64/server/libjvm.so
7f628dbb3000-7f628dd68000 rwxp 0091c000 08:06 1164273                    /usr/lib/jvm/java-6-sun-1.6.0.26/jre/lib/amd64/server/libjvm.so
7f628dd68000-7f628dda2000 rwxp 00000000 00:00 0 
7f628dda2000-7f628df57000 r-xp 00000000 08:06 17096724                   /lib/x86_64-linux-gnu/libc-2.15.so
7f628df57000-7f628e157000 ---p 001b5000 08:06 17096724                   /lib/x86_64-linux-gnu/libc-2.15.so
7f628e157000-7f628e15b000 r-xp 001b5000 08:06 17096724                   /lib/x86_64-linux-gnu/libc-2.15.so
7f628e15b000-7f628e15d000 rwxp 001b9000 08:06 17096724                   /lib/x86_64-linux-gnu/libc-2.15.so
7f628e15d000-7f628e162000 rwxp 00000000 00:00 0 
7f628e162000-7f628e164000 r-xp 00000000 08:06 17096751                   /lib/x86_64-linux-gnu/libdl-2.15.so
7f628e164000-7f628e364000 ---p 00002000 08:06 17096751                   /lib/x86_64-linux-gnu/libdl-2.15.so
7f628e364000-7f628e365000 r-xp 00002000 08:06 17096751                   /lib/x86_64-linux-gnu/libdl-2.15.so
7f628e365000-7f628e366000 rwxp 00003000 08:06 17096751                   /lib/x86_64-linux-gnu/libdl-2.15.so
7f628e366000-7f628e37e000 r-xp 00000000 08:06 17096733                   /lib/x86_64-linux-gnu/libpthread-2.15.so
7f628e37e000-7f628e57d000 ---p 00018000 08:06 17096733                   /lib/x86_64-linux-gnu/libpthread-2.15.so
7f628e57d000-7f628e57e000 r-xp 00017000 08:06 17096733                   /lib/x86_64-linux-gnu/libpthread-2.15.so
7f628e57e000-7f628e57f000 rwxp 00018000 08:06 17096733                   /lib/x86_64-linux-gnu/libpthread-2.15.so
7f628e57f000-7f628e583000 rwxp 00000000 00:00 0 
7f628e583000-7f628e5a5000 r-xp 00000000 08:06 17096736                   /lib/x86_64-linux-gnu/ld-2.15.so
7f628e5b4000-7f628e5be000 rwxp 00000000 00:00 0 
7f628e5be000-7f628e674000 rwxp 00000000 00:00 0 
7f628e674000-7f628e677000 rwxp 00000000 00:00 0 
7f628e677000-7f628e67e000 r-xp 00000000 08:06 1164244                    /usr/lib/jvm/java-6-sun-1.6.0.26/jre/lib/amd64/jli/libjli.so
7f628e67e000-7f628e77f000 ---p 00007000 08:06 1164244                    /usr/lib/jvm/java-6-sun-1.6.0.26/jre/lib/amd64/jli/libjli.so
7f628e77f000-7f628e781000 rwxp 00008000 08:06 1164244                    /usr/lib/jvm/java-6-sun-1.6.0.26/jre/lib/amd64/jli/libjli.so
7f628e781000-7f628e782000 rwxp 00000000 00:00 0 
7f628e799000-7f628e7a1000 rwxs 00000000 08:06 16892162                   /tmp/hsperfdata_davidg/4068
7f628e7a1000-7f628e7a2000 rwxp 00000000 00:00 0 
7f628e7a2000-7f628e7a3000 r-xp 00000000 00:00 0 
7f628e7a3000-7f628e7a5000 rwxp 00000000 00:00 0 
7f628e7a5000-7f628e7a6000 r-xp 00022000 08:06 17096736                   /lib/x86_64-linux-gnu/ld-2.15.so
7f628e7a6000-7f628e7a8000 rwxp 00023000 08:06 17096736                   /lib/x86_64-linux-gnu/ld-2.15.so
7fffc3240000-7fffc3261000 rwxp 00000000 00:00 0                          [stack]
7fffc33bf000-7fffc33c0000 r-xp 00000000 00:00 0                          [vdso]
ffffffffff600000-ffffffffff601000 r-xp 00000000 00:00 0                  [vsyscall]

VM Arguments:
jvm_args: -agentlib:jdwp=transport=dt_socket,suspend=y,address=localhost:57411 -Dfile.encoding=UTF-8 
java_command: src.core.MainBoardCellsCounter
Launcher Type: SUN_STANDARD

Environment Variables:
PATH=/usr/lib/lightdm/lightdm:/usr/local/sbin:/usr/local/bin:/usr/sbin:/usr/bin:/sbin:/bin:/usr/games
LD_LIBRARY_PATH=/usr/lib/jvm/java-6-sun-1.6.0.26/jre/lib/amd64/server:/usr/lib/jvm/java-6-sun-1.6.0.26/jre/lib/amd64:/usr/lib/jvm/java-6-sun-1.6.0.26/jre/../lib/amd64:/usr/lib/jvm/java-6-openjdk-amd64/jre/lib/amd64/server:/usr/lib/jvm/java-6-openjdk-amd64/jre/lib/amd64:/usr/lib/jvm/java-6-openjdk-amd64/jre/../lib/amd64
SHELL=/bin/bash
DISPLAY=:0

Signal Handlers:
SIGSEGV: [libjvm.so+0x85f800], sa_mask[0]=0x7ffbfeff, sa_flags=0x10000004
SIGBUS: [libjvm.so+0x85f800], sa_mask[0]=0x7ffbfeff, sa_flags=0x10000004
SIGFPE: [libjvm.so+0x70e300], sa_mask[0]=0x7ffbfeff, sa_flags=0x10000004
SIGPIPE: [libjvm.so+0x70e300], sa_mask[0]=0x7ffbfeff, sa_flags=0x10000004
SIGXFSZ: [libjvm.so+0x70e300], sa_mask[0]=0x7ffbfeff, sa_flags=0x10000004
SIGILL: [libjvm.so+0x70e300], sa_mask[0]=0x7ffbfeff, sa_flags=0x10000004
SIGUSR1: SIG_DFL, sa_mask[0]=0x00000000, sa_flags=0x00000000
SIGUSR2: [libjvm.so+0x711110], sa_mask[0]=0x00000004, sa_flags=0x10000004
SIGHUP: [libjvm.so+0x710d10], sa_mask[0]=0x7ffbfeff, sa_flags=0x10000004
SIGINT: [libjvm.so+0x710d10], sa_mask[0]=0x7ffbfeff, sa_flags=0x10000004
SIGTERM: [libjvm.so+0x710d10], sa_mask[0]=0x7ffbfeff, sa_flags=0x10000004
SIGQUIT: [libjvm.so+0x710d10], sa_mask[0]=0x7ffbfeff, sa_flags=0x10000004


---------------  S Y S T E M  ---------------

OS:wheezy/sid

uname:Linux 3.2.0-61-generic #93-Ubuntu SMP Fri May 2 21:31:50 UTC 2014 x86_64
libc:glibc 2.15 NPTL 2.15 
rlimit: STACK 8192k, CORE 0k, NPROC 62793, NOFILE 4096, AS infinity
load average:1.92 0.53 0.26

/proc/meminfo:
MemTotal:        8055140 kB
MemFree:         6158344 kB
Buffers:          176172 kB
Cached:           703268 kB
SwapCached:            0 kB
Active:          1066944 kB
Inactive:         603872 kB
Active(anon):     792392 kB
Inactive(anon):   142704 kB
Active(file):     274552 kB
Inactive(file):   461168 kB
Unevictable:           0 kB
Mlocked:               0 kB
SwapTotal:             0 kB
SwapFree:              0 kB
Dirty:              1360 kB
Writeback:             0 kB
AnonPages:        790760 kB
Mapped:           152656 kB
Shmem:            143684 kB
Slab:              72176 kB
SReclaimable:      39356 kB
SUnreclaim:        32820 kB
KernelStack:        4360 kB
PageTables:        24972 kB
NFS_Unstable:          0 kB
Bounce:                0 kB
WritebackTmp:          0 kB
CommitLimit:     4027568 kB
Committed_AS:    2721664 kB
VmallocTotal:   34359738367 kB
VmallocUsed:      371452 kB
VmallocChunk:   34359356412 kB
HardwareCorrupted:     0 kB
AnonHugePages:         0 kB
HugePages_Total:       0
HugePages_Free:        0
HugePages_Rsvd:        0
HugePages_Surp:        0
Hugepagesize:       2048 kB
DirectMap4k:       75776 kB
DirectMap2M:     8198144 kB


CPU:total 8 (4 cores per cpu, 2 threads per core) family 6 model 42 stepping 7, cmov, cx8, fxsr, mmx, sse, sse2, sse3, ssse3, sse4.1, sse4.2, popcnt, ht

/proc/cpuinfo:
processor	: 0
vendor_id	: GenuineIntel
cpu family	: 6
model		: 42
model name	: Intel(R) Core(TM) i7-2720QM CPU @ 2.20GHz
stepping	: 7
microcode	: 0x28
cpu MHz		: 800.000
cache size	: 6144 KB
physical id	: 0
siblings	: 8
core id		: 0
cpu cores	: 4
apicid		: 0
initial apicid	: 0
fpu		: yes
fpu_exception	: yes
cpuid level	: 13
wp		: yes
flags		: fpu vme de pse tsc msr pae mce cx8 apic sep mtrr pge mca cmov pat pse36 clflush dts acpi mmx fxsr sse sse2 ss ht tm pbe syscall nx rdtscp lm constant_tsc arch_perfmon pebs bts rep_good nopl xtopology nonstop_tsc aperfmperf pni pclmulqdq dtes64 monitor ds_cpl vmx smx est tm2 ssse3 cx16 xtpr pdcm pcid sse4_1 sse4_2 x2apic popcnt tsc_deadline_timer aes xsave avx lahf_lm ida arat epb xsaveopt pln pts dtherm tpr_shadow vnmi flexpriority ept vpid
bogomips	: 4390.09
clflush size	: 64
cache_alignment	: 64
address sizes	: 36 bits physical, 48 bits virtual
power management:

processor	: 1
vendor_id	: GenuineIntel
cpu family	: 6
model		: 42
model name	: Intel(R) Core(TM) i7-2720QM CPU @ 2.20GHz
stepping	: 7
microcode	: 0x28
cpu MHz		: 800.000
cache size	: 6144 KB
physical id	: 0
siblings	: 8
core id		: 1
cpu cores	: 4
apicid		: 2
initial apicid	: 2
fpu		: yes
fpu_exception	: yes
cpuid level	: 13
wp		: yes
flags		: fpu vme de pse tsc msr pae mce cx8 apic sep mtrr pge mca cmov pat pse36 clflush dts acpi mmx fxsr sse sse2 ss ht tm pbe syscall nx rdtscp lm constant_tsc arch_perfmon pebs bts rep_good nopl xtopology nonstop_tsc aperfmperf pni pclmulqdq dtes64 monitor ds_cpl vmx smx est tm2 ssse3 cx16 xtpr pdcm pcid sse4_1 sse4_2 x2apic popcnt tsc_deadline_timer aes xsave avx lahf_lm ida arat epb xsaveopt pln pts dtherm tpr_shadow vnmi flexpriority ept vpid
bogomips	: 4389.83
clflush size	: 64
cache_alignment	: 64
address sizes	: 36 bits physical, 48 bits virtual
power management:

processor	: 2
vendor_id	: GenuineIntel
cpu family	: 6
model		: 42
model name	: Intel(R) Core(TM) i7-2720QM CPU @ 2.20GHz
stepping	: 7
microcode	: 0x28
cpu MHz		: 800.000
cache size	: 6144 KB
physical id	: 0
siblings	: 8
core id		: 2
cpu cores	: 4
apicid		: 4
initial apicid	: 4
fpu		: yes
fpu_exception	: yes
cpuid level	: 13
wp		: yes
flags		: fpu vme de pse tsc msr pae mce cx8 apic sep mtrr pge mca cmov pat pse36 clflush dts acpi mmx fxsr sse sse2 ss ht tm pbe syscall nx rdtscp lm constant_tsc arch_perfmon pebs bts rep_good nopl xtopology nonstop_tsc aperfmperf pni pclmulqdq dtes64 monitor ds_cpl vmx smx est tm2 ssse3 cx16 xtpr pdcm pcid sse4_1 sse4_2 x2apic popcnt tsc_deadline_timer aes xsave avx lahf_lm ida arat epb xsaveopt pln pts dtherm tpr_shadow vnmi flexpriority ept vpid
bogomips	: 4389.84
clflush size	: 64
cache_alignment	: 64
address sizes	: 36 bits physical, 48 bits virtual
power management:

processor	: 3
vendor_id	: GenuineIntel
cpu family	: 6
model		: 42
model name	: Intel(R) Core(TM) i7-2720QM CPU @ 2.20GHz
stepping	: 7
microcode	: 0x28
cpu MHz		: 800.000
cache size	: 6144 KB
physical id	: 0
siblings	: 8
core id		: 3
cpu cores	: 4
apicid		: 6
initial apicid	: 6
fpu		: yes
fpu_exception	: yes
cpuid level	: 13
wp		: yes
flags		: fpu vme de pse tsc msr pae mce cx8 apic sep mtrr pge mca cmov pat pse36 clflush dts acpi mmx fxsr sse sse2 ss ht tm pbe syscall nx rdtscp lm constant_tsc arch_perfmon pebs bts rep_good nopl xtopology nonstop_tsc aperfmperf pni pclmulqdq dtes64 monitor ds_cpl vmx smx est tm2 ssse3 cx16 xtpr pdcm pcid sse4_1 sse4_2 x2apic popcnt tsc_deadline_timer aes xsave avx lahf_lm ida arat epb xsaveopt pln pts dtherm tpr_shadow vnmi flexpriority ept vpid
bogomips	: 4389.83
clflush size	: 64
cache_alignment	: 64
address sizes	: 36 bits physical, 48 bits virtual
power management:

processor	: 4
vendor_id	: GenuineIntel
cpu family	: 6
model		: 42
model name	: Intel(R) Core(TM) i7-2720QM CPU @ 2.20GHz
stepping	: 7
microcode	: 0x28
cpu MHz		: 800.000
cache size	: 6144 KB
physical id	: 0
siblings	: 8
core id		: 0
cpu cores	: 4
apicid		: 1
initial apicid	: 1
fpu		: yes
fpu_exception	: yes
cpuid level	: 13
wp		: yes
flags		: fpu vme de pse tsc msr pae mce cx8 apic sep mtrr pge mca cmov pat pse36 clflush dts acpi mmx fxsr sse sse2 ss ht tm pbe syscall nx rdtscp lm constant_tsc arch_perfmon pebs bts rep_good nopl xtopology nonstop_tsc aperfmperf pni pclmulqdq dtes64 monitor ds_cpl vmx smx est tm2 ssse3 cx16 xtpr pdcm pcid sse4_1 sse4_2 x2apic popcnt tsc_deadline_timer aes xsave avx lahf_lm ida arat epb xsaveopt pln pts dtherm tpr_shadow vnmi flexpriority ept vpid
bogomips	: 4389.83
clflush size	: 64
cache_alignment	: 64
address sizes	: 36 bits physical, 48 bits virtual
power management:

processor	: 5
vendor_id	: GenuineIntel
cpu family	: 6
model		: 42
model name	: Intel(R) Core(TM) i7-2720QM CPU @ 2.20GHz
stepping	: 7
microcode	: 0x28
cpu MHz		: 800.000
cache size	: 6144 KB
physical id	: 0
siblings	: 8
core id		: 1
cpu cores	: 4
apicid		: 3
initial apicid	: 3
fpu		: yes
fpu_exception	: yes
cpuid level	: 13
wp		: yes
flags		: fpu vme de pse tsc msr pae mce cx8 apic sep mtrr pge mca cmov pat pse36 clflush dts acpi mmx fxsr sse sse2 ss ht tm pbe syscall nx rdtscp lm constant_tsc arch_perfmon pebs bts rep_good nopl xtopology nonstop_tsc aperfmperf pni pclmulqdq dtes64 monitor ds_cpl vmx smx est tm2 ssse3 cx16 xtpr pdcm pcid sse4_1 sse4_2 x2apic popcnt tsc_deadline_timer aes xsave avx lahf_lm ida arat epb xsaveopt pln pts dtherm tpr_shadow vnmi flexpriority ept vpid
bogomips	: 4389.84
clflush size	: 64
cache_alignment	: 64
address sizes	: 36 bits physical, 48 bits virtual
power management:

processor	: 6
vendor_id	: GenuineIntel
cpu family	: 6
model		: 42
model name	: Intel(R) Core(TM) i7-2720QM CPU @ 2.20GHz
stepping	: 7
microcode	: 0x28
cpu MHz		: 800.000
cache size	: 6144 KB
physical id	: 0
siblings	: 8
core id		: 2
cpu cores	: 4
apicid		: 5
initial apicid	: 5
fpu		: yes
fpu_exception	: yes
cpuid level	: 13
wp		: yes
flags		: fpu vme de pse tsc msr pae mce cx8 apic sep mtrr pge mca cmov pat pse36 clflush dts acpi mmx fxsr sse sse2 ss ht tm pbe syscall nx rdtscp lm constant_tsc arch_perfmon pebs bts rep_good nopl xtopology nonstop_tsc aperfmperf pni pclmulqdq dtes64 monitor ds_cpl vmx smx est tm2 ssse3 cx16 xtpr pdcm pcid sse4_1 sse4_2 x2apic popcnt tsc_deadline_timer aes xsave avx lahf_lm ida arat epb xsaveopt pln pts dtherm tpr_shadow vnmi flexpriority ept vpid
bogomips	: 4389.82
clflush size	: 64
cache_alignment	: 64
address sizes	: 36 bits physical, 48 bits virtual
power management:

processor	: 7
vendor_id	: GenuineIntel
cpu family	: 6
model		: 42
model name	: Intel(R) Core(TM) i7-2720QM CPU @ 2.20GHz
stepping	: 7
microcode	: 0x28
cpu MHz		: 800.000
cache size	: 6144 KB
physical id	: 0
siblings	: 8
core id		: 3
cpu cores	: 4
apicid		: 7
initial apicid	: 7
fpu		: yes
fpu_exception	: yes
cpuid level	: 13
wp		: yes
flags		: fpu vme de pse tsc msr pae mce cx8 apic sep mtrr pge mca cmov pat pse36 clflush dts acpi mmx fxsr sse sse2 ss ht tm pbe syscall nx rdtscp lm constant_tsc arch_perfmon pebs bts rep_good nopl xtopology nonstop_tsc aperfmperf pni pclmulqdq dtes64 monitor ds_cpl vmx smx est tm2 ssse3 cx16 xtpr pdcm pcid sse4_1 sse4_2 x2apic popcnt tsc_deadline_timer aes xsave avx lahf_lm ida arat epb xsaveopt pln pts dtherm tpr_shadow vnmi flexpriority ept vpid
bogomips	: 4389.83
clflush size	: 64
cache_alignment	: 64
address sizes	: 36 bits physical, 48 bits virtual
power management:



Memory: 4k page, physical 8055140k(6158252k free), swap 0k(0k free)

vm_info: Java HotSpot(TM) 64-Bit Server VM (20.1-b02) for linux-amd64 JRE (1.6.0_26-b03), built on May  4 2011 01:13:47 by "java_re" with gcc 3.2.2 (SuSE Linux)

time: Thu Sep 11 16:09:08 2014
elapsed time: 8439 seconds

