#
# A fatal error has been detected by the Java Runtime Environment:
#
#  SIGSEGV (0xb) at pc=0x00007fe0bdbac0cd, pid=4034, tid=140602583115520
#
# JRE version: 6.0_26-b03
# Java VM: Java HotSpot(TM) 64-Bit Server VM (20.1-b02 mixed mode linux-amd64 compressed oops)
# Problematic frame:
# V  [libjvm.so+0x5990cd]  unsigned+0x11d
#
# If you would like to submit a bug report, please visit:
#   http://java.sun.com/webapps/bugreport/crash.jsp
#

---------------  T H R E A D  ---------------

Current thread (0x00007fe0b80a0000):  JavaThread "JDWP Transport Listener: dt_socket" daemon [_thread_in_vm, id=4054, stack(0x00007fe096f56000,0x00007fe097057000)]

siginfo:si_signo=SIGSEGV: si_errno=0, si_code=128 (), si_addr=0x0000000000000000

Registers:
RAX=0x0000000000000001, RBX=0x0000000000000000, RCX=0x00007fe0be0ad000, RDX=0x0000000000000000
RSP=0x00007fe097055780, RBP=0x00007fe0970557f0, RSI=0x00007fe0b80a0000, RDI=0x00007fe0b8005710
R8 =0x00007fe0bec1d000, R9 =0x00007fe0be0acfe8, R10=0x0000000000000ffc, R11=0x00007fe0be0acff0
R12=0x00007fe0b8005710, R13=0x6e7265747461502f, R14=0x00007fe09705583f, R15=0x00007fe097055780
RIP=0x00007fe0bdbac0cd, EFLAGS=0x0000000000010202, CSGSFS=0x0000000000000033, ERR=0x0000000000000000
  TRAPNO=0x000000000000000d

Top of Stack: (sp=0x00007fe097055780)
0x00007fe097055780:   00007fe0b80a0000 0000000000000000
0x00007fe097055790:   00007fe000000000 0000000000000000
0x00007fe0970557a0:   00007fe0b80a0000 000000000000001c
0x00007fe0970557b0:   00007fe0b80a0000 00007fe0970558d0
0x00007fe0970557c0:   00007fe08c001188 6e7265747461502f
0x00007fe0970557d0:   00007fe0bcbad0f0 0000000000000001
0x00007fe0970557e0:   0000000000000001 0000000000000007
0x00007fe0970557f0:   00007fe09705583f 00007fe0bcaa02ce
0x00007fe097055800:   6e7265747461502f 00007fe0970558d0
0x00007fe097055810:   0000000000000001 00007fe0bca7da73
0x00007fe097055820:   0000000000000000 0000000000000000
0x00007fe097055830:   0000000000000000 000000000000000a
0x00007fe097055840:   0000000000000003 00007fe0970558d0
0x00007fe097055850:   00007fe080005100 00007fe0bca7dc36
0x00007fe097055860:   00007fe0970558d0 0000000397055a90
0x00007fe097055870:   00007fe080005ca0 00007fe0970558d0
0x00007fe097055880:   00007fe097055a90 00007fe097055a60
0x00007fe097055890:   00007fe0bcbad0f0 00007fe0bca7dcae
0x00007fe0970558a0:   00007fe097055a60 00007fe0bca888fb
0x00007fe0970558b0:   00003a2400000013 00007fe0780f0200
0x00007fe0970558c0:   00007fe078001070 00007fe0970558d0
0x00007fe0970558d0:   00007fe09705599b 00007fe0000000b1
0x00007fe0970558e0:   00007fe0970558e8 00007fe00000007b
0x00007fe0970558f0:   00007fe097055920 0000000000000000
0x00007fe097055900:   00007f0000000000 00003a240000001c
0x00007fe097055910:   00007fe000007e80 00007fe097055920
0x00007fe097055920:   e07f000003000000 060000008011008c
0x00007fe097055930:   00003e74696e693c 0000005629280300
0x00007fe097055940:   7f00000100000000 0000008811008ce0
0x00007fe097055950:   6f42746e6972700a 2818000000647261
0x00007fe097055960:   74752f6176616a4c 79617272412f6c69
0x00007fe097055970:   0056293b7473694c 76616a4c281c0000 

Instructions: (pc=0x00007fe0bdbac0cd)
0x00007fe0bdbac0ad:   84 c7 03 00 00 41 0f b6 9c 24 68 01 00 00 80 e3
0x00007fe0bdbac0bd:   10 84 db 0f 84 ed 02 00 00 31 db 4d 85 ed 74 23
0x00007fe0bdbac0cd:   49 8b 45 00 48 85 c0 0f 84 d2 02 00 00 49 bd fe
0x00007fe0bdbac0dd:   fe fe fe fe fe fe fe 48 89 c3 4c 39 e8 0f 84 bc 

Register to memory mapping:

RAX=0x0000000000000001 is an unknown value
RBX=0x0000000000000000 is an unknown value
RCX=0x00007fe0be0ad000: <offset 0xa9a000> in /usr/lib/jvm/java-6-sun-1.6.0.26/jre/lib/amd64/server/libjvm.so at 0x00007fe0bd613000
RDX=0x0000000000000000 is an unknown value
RSP=0x00007fe097055780 is pointing into the stack for thread: 0x00007fe0b80a0000
RBP=0x00007fe0970557f0 is pointing into the stack for thread: 0x00007fe0b80a0000
RSI=0x00007fe0b80a0000 is a thread
RDI=0x00007fe0b8005710 is an unknown value
R8 =0x00007fe0bec1d000 is an unknown value
R9 =0x00007fe0be0acfe8: <offset 0xa99fe8> in /usr/lib/jvm/java-6-sun-1.6.0.26/jre/lib/amd64/server/libjvm.so at 0x00007fe0bd613000
R10=0x0000000000000ffc is an unknown value
R11=0x00007fe0be0acff0: <offset 0xa99ff0> in /usr/lib/jvm/java-6-sun-1.6.0.26/jre/lib/amd64/server/libjvm.so at 0x00007fe0bd613000
R12=0x00007fe0b8005710 is an unknown value
R13=0x6e7265747461502f is an unknown value
R14=0x00007fe09705583f is pointing into the stack for thread: 0x00007fe0b80a0000
R15=0x00007fe097055780 is pointing into the stack for thread: 0x00007fe0b80a0000


Stack: [0x00007fe096f56000,0x00007fe097057000],  sp=0x00007fe097055780,  free space=1021k
Native frames: (J=compiled Java code, j=interpreted, Vv=VM code, C=native code)
V  [libjvm.so+0x5990cd]  unsigned+0x11d


---------------  P R O C E S S  ---------------

Java Threads: ( => current thread )
  0x00007fe0b80ab000 JavaThread "Low Memory Detector" daemon [_thread_blocked, id=4064, stack(0x00007fe096a51000,0x00007fe096b52000)]
  0x00007fe0b80a8800 JavaThread "C2 CompilerThread1" daemon [_thread_blocked, id=4063, stack(0x00007fe096b52000,0x00007fe096c53000)]
  0x00007fe0b80a5800 JavaThread "C2 CompilerThread0" daemon [_thread_blocked, id=4062, stack(0x00007fe096c53000,0x00007fe096d54000)]
  0x00007fe080001000 JavaThread "JDWP Command Reader" daemon [_thread_in_native, id=4058, stack(0x00007fe096d54000,0x00007fe096e55000)]
  0x00007fe0b80a3800 JavaThread "JDWP Event Helper Thread" daemon [_thread_blocked, id=4056, stack(0x00007fe096e55000,0x00007fe096f56000)]
=>0x00007fe0b80a0000 JavaThread "JDWP Transport Listener: dt_socket" daemon [_thread_in_vm, id=4054, stack(0x00007fe096f56000,0x00007fe097057000)]
  0x00007fe0b8094000 JavaThread "Signal Dispatcher" daemon [_thread_blocked, id=4052, stack(0x00007fe09715b000,0x00007fe09725c000)]
  0x00007fe0b8078000 JavaThread "Finalizer" daemon [_thread_blocked, id=4051, stack(0x00007fe09725c000,0x00007fe09735d000)]
  0x00007fe0b8076000 JavaThread "Reference Handler" daemon [_thread_blocked, id=4050, stack(0x00007fe09735d000,0x00007fe09745e000)]
  0x00007fe0b800a000 JavaThread "main" [_thread_in_native, id=4039, stack(0x00007fe0bd216000,0x00007fe0bd317000)]

Other Threads:
  0x00007fe0b806f800 VMThread [stack: 0x00007fe09745e000,0x00007fe09755f000] [id=4049]
  0x00007fe0b80bd800 WatcherThread [stack: 0x00007fe096950000,0x00007fe096a51000] [id=4065]

VM state:not at safepoint (normal execution)

VM Mutex/Monitor currently owned by a thread: None

Heap
 PSYoungGen      total 36736K, used 1262K [0x00000007d7000000, 0x00000007d98f0000, 0x0000000800000000)
  eden space 31552K, 4% used [0x00000007d7000000,0x00000007d713b880,0x00000007d8ed0000)
  from space 5184K, 0% used [0x00000007d93e0000,0x00000007d93e0000,0x00000007d98f0000)
  to   space 5184K, 0% used [0x00000007d8ed0000,0x00000007d8ed0000,0x00000007d93e0000)
 PSOldGen        total 83968K, used 0K [0x0000000785000000, 0x000000078a200000, 0x00000007d7000000)
  object space 83968K, 0% used [0x0000000785000000,0x0000000785000000,0x000000078a200000)
 PSPermGen       total 21248K, used 3336K [0x000000077fe00000, 0x00000007812c0000, 0x0000000785000000)
  object space 21248K, 15% used [0x000000077fe00000,0x0000000780142160,0x00000007812c0000)

Code Cache  [0x00007fe0b4eec000, 0x00007fe0b515c000, 0x00007fe0b7eec000)
 total_blobs=153 nmethods=0 adapters=129 free_code_cache=49950848 largest_free_block=384

Dynamic libraries:
40000000-40009000 r-xp 00000000 08:06 1164130                            /usr/lib/jvm/java-6-sun-1.6.0.26/jre/bin/java
40108000-4010a000 rwxp 00008000 08:06 1164130                            /usr/lib/jvm/java-6-sun-1.6.0.26/jre/bin/java
41265000-41286000 rwxp 00000000 00:00 0                                  [heap]
77fe00000-7812c0000 rwxp 00000000 00:00 0 
7812c0000-785000000 rwxp 00000000 00:00 0 
785000000-78a200000 rwxp 00000000 00:00 0 
78a200000-7d7000000 rwxp 00000000 00:00 0 
7d7000000-7d98f0000 rwxp 00000000 00:00 0 
7d98f0000-800000000 rwxp 00000000 00:00 0 
7fe064000000-7fe064021000 rwxp 00000000 00:00 0 
7fe064021000-7fe068000000 ---p 00000000 00:00 0 
7fe068000000-7fe068021000 rwxp 00000000 00:00 0 
7fe068021000-7fe06c000000 ---p 00000000 00:00 0 
7fe06c000000-7fe06c021000 rwxp 00000000 00:00 0 
7fe06c021000-7fe070000000 ---p 00000000 00:00 0 
7fe070000000-7fe070021000 rwxp 00000000 00:00 0 
7fe070021000-7fe074000000 ---p 00000000 00:00 0 
7fe074000000-7fe074021000 rwxp 00000000 00:00 0 
7fe074021000-7fe078000000 ---p 00000000 00:00 0 
7fe078000000-7fe078021000 rwxp 00000000 00:00 0 
7fe078021000-7fe07c000000 ---p 00000000 00:00 0 
7fe07c000000-7fe07c021000 rwxp 00000000 00:00 0 
7fe07c021000-7fe080000000 ---p 00000000 00:00 0 
7fe080000000-7fe080024000 rwxp 00000000 00:00 0 
7fe080024000-7fe084000000 ---p 00000000 00:00 0 
7fe084000000-7fe084021000 rwxp 00000000 00:00 0 
7fe084021000-7fe088000000 ---p 00000000 00:00 0 
7fe088000000-7fe088021000 rwxp 00000000 00:00 0 
7fe088021000-7fe08c000000 ---p 00000000 00:00 0 
7fe08c000000-7fe08c021000 rwxp 00000000 00:00 0 
7fe08c021000-7fe090000000 ---p 00000000 00:00 0 
7fe090000000-7fe090021000 rwxp 00000000 00:00 0 
7fe090021000-7fe094000000 ---p 00000000 00:00 0 
7fe096950000-7fe096951000 ---p 00000000 00:00 0 
7fe096951000-7fe096a51000 rwxp 00000000 00:00 0 
7fe096a51000-7fe096a54000 ---p 00000000 00:00 0 
7fe096a54000-7fe096b52000 rwxp 00000000 00:00 0 
7fe096b52000-7fe096b55000 ---p 00000000 00:00 0 
7fe096b55000-7fe096c53000 rwxp 00000000 00:00 0 
7fe096c53000-7fe096c56000 ---p 00000000 00:00 0 
7fe096c56000-7fe096d54000 rwxp 00000000 00:00 0 
7fe096d54000-7fe096d57000 ---p 00000000 00:00 0 
7fe096d57000-7fe096e55000 rwxp 00000000 00:00 0 
7fe096e55000-7fe096e58000 ---p 00000000 00:00 0 
7fe096e58000-7fe096f56000 rwxp 00000000 00:00 0 
7fe096f56000-7fe096f59000 ---p 00000000 00:00 0 
7fe096f59000-7fe097057000 rwxp 00000000 00:00 0 
7fe097057000-7fe09705a000 r-xp 00000000 08:06 1164233                    /usr/lib/jvm/java-6-sun-1.6.0.26/jre/lib/amd64/libdt_socket.so
7fe09705a000-7fe097159000 ---p 00003000 08:06 1164233                    /usr/lib/jvm/java-6-sun-1.6.0.26/jre/lib/amd64/libdt_socket.so
7fe097159000-7fe09715b000 rwxp 00002000 08:06 1164233                    /usr/lib/jvm/java-6-sun-1.6.0.26/jre/lib/amd64/libdt_socket.so
7fe09715b000-7fe09715e000 ---p 00000000 00:00 0 
7fe09715e000-7fe09725c000 rwxp 00000000 00:00 0 
7fe09725c000-7fe09725f000 ---p 00000000 00:00 0 
7fe09725f000-7fe09735d000 rwxp 00000000 00:00 0 
7fe09735d000-7fe097360000 ---p 00000000 00:00 0 
7fe097360000-7fe09745e000 rwxp 00000000 00:00 0 
7fe09745e000-7fe09745f000 ---p 00000000 00:00 0 
7fe09745f000-7fe097e68000 rwxp 00000000 00:00 0 
7fe097e68000-7fe098000000 r-xs 03029000 08:06 1164312                    /usr/lib/jvm/java-6-sun-1.6.0.26/jre/lib/rt.jar
7fe098000000-7fe098021000 rwxp 00000000 00:00 0 
7fe098021000-7fe09c000000 ---p 00000000 00:00 0 
7fe09c000000-7fe09c021000 rwxp 00000000 00:00 0 
7fe09c021000-7fe0a0000000 ---p 00000000 00:00 0 
7fe0a0000000-7fe0a0021000 rwxp 00000000 00:00 0 
7fe0a0021000-7fe0a4000000 ---p 00000000 00:00 0 
7fe0a4000000-7fe0a4021000 rwxp 00000000 00:00 0 
7fe0a4021000-7fe0a8000000 ---p 00000000 00:00 0 
7fe0a8000000-7fe0a8021000 rwxp 00000000 00:00 0 
7fe0a8021000-7fe0ac000000 ---p 00000000 00:00 0 
7fe0ac000000-7fe0ac021000 rwxp 00000000 00:00 0 
7fe0ac021000-7fe0b0000000 ---p 00000000 00:00 0 
7fe0b0000000-7fe0b0021000 rwxp 00000000 00:00 0 
7fe0b0021000-7fe0b4000000 ---p 00000000 00:00 0 
7fe0b4052000-7fe0b4053000 ---p 00000000 00:00 0 
7fe0b4053000-7fe0b4153000 rwxp 00000000 00:00 0 
7fe0b4153000-7fe0b4154000 ---p 00000000 00:00 0 
7fe0b4154000-7fe0b4254000 rwxp 00000000 00:00 0 
7fe0b4254000-7fe0b4255000 ---p 00000000 00:00 0 
7fe0b4255000-7fe0b4355000 rwxp 00000000 00:00 0 
7fe0b4355000-7fe0b4356000 ---p 00000000 00:00 0 
7fe0b4356000-7fe0b4456000 rwxp 00000000 00:00 0 
7fe0b4456000-7fe0b4457000 ---p 00000000 00:00 0 
7fe0b4457000-7fe0b4557000 rwxp 00000000 00:00 0 
7fe0b4557000-7fe0b4558000 ---p 00000000 00:00 0 
7fe0b4558000-7fe0b4658000 rwxp 00000000 00:00 0 
7fe0b4658000-7fe0b4659000 ---p 00000000 00:00 0 
7fe0b4659000-7fe0b4759000 rwxp 00000000 00:00 0 
7fe0b4759000-7fe0b475a000 ---p 00000000 00:00 0 
7fe0b475a000-7fe0b4883000 rwxp 00000000 00:00 0 
7fe0b4883000-7fe0b4aea000 rwxp 00000000 00:00 0 
7fe0b4aea000-7fe0b4af5000 rwxp 00000000 00:00 0 
7fe0b4af5000-7fe0b4b13000 rwxp 00000000 00:00 0 
7fe0b4b13000-7fe0b4b3c000 rwxp 00000000 00:00 0 
7fe0b4b3c000-7fe0b4da3000 rwxp 00000000 00:00 0 
7fe0b4da3000-7fe0b4db8000 rwxp 00000000 00:00 0 
7fe0b4db8000-7fe0b4eeb000 rwxp 00000000 00:00 0 
7fe0b4eeb000-7fe0b515c000 rwxp 00000000 00:00 0 
7fe0b515c000-7fe0b7eec000 rwxp 00000000 00:00 0 
7fe0b7eec000-7fe0b7efa000 r-xp 00000000 08:06 1164270                    /usr/lib/jvm/java-6-sun-1.6.0.26/jre/lib/amd64/libzip.so
7fe0b7efa000-7fe0b7ffc000 ---p 0000e000 08:06 1164270                    /usr/lib/jvm/java-6-sun-1.6.0.26/jre/lib/amd64/libzip.so
7fe0b7ffc000-7fe0b7fff000 rwxp 00010000 08:06 1164270                    /usr/lib/jvm/java-6-sun-1.6.0.26/jre/lib/amd64/libzip.so
7fe0b7fff000-7fe0b8000000 rwxp 00000000 00:00 0 
7fe0b8000000-7fe0b80d8000 rwxp 00000000 00:00 0 
7fe0b80d8000-7fe0bc000000 ---p 00000000 00:00 0 
7fe0bc001000-7fe0bc068000 rwxp 00000000 00:00 0 
7fe0bc068000-7fe0bc086000 rwxp 00000000 00:00 0 
7fe0bc086000-7fe0bc092000 r-xp 00000000 08:06 17096728                   /lib/x86_64-linux-gnu/libnss_files-2.15.so
7fe0bc092000-7fe0bc291000 ---p 0000c000 08:06 17096728                   /lib/x86_64-linux-gnu/libnss_files-2.15.so
7fe0bc291000-7fe0bc292000 r-xp 0000b000 08:06 17096728                   /lib/x86_64-linux-gnu/libnss_files-2.15.so
7fe0bc292000-7fe0bc293000 rwxp 0000c000 08:06 17096728                   /lib/x86_64-linux-gnu/libnss_files-2.15.so
7fe0bc293000-7fe0bc29d000 r-xp 00000000 08:06 17096732                   /lib/x86_64-linux-gnu/libnss_nis-2.15.so
7fe0bc29d000-7fe0bc49d000 ---p 0000a000 08:06 17096732                   /lib/x86_64-linux-gnu/libnss_nis-2.15.so
7fe0bc49d000-7fe0bc49e000 r-xp 0000a000 08:06 17096732                   /lib/x86_64-linux-gnu/libnss_nis-2.15.so
7fe0bc49e000-7fe0bc49f000 rwxp 0000b000 08:06 17096732                   /lib/x86_64-linux-gnu/libnss_nis-2.15.so
7fe0bc49f000-7fe0bc4a7000 r-xp 00000000 08:06 17096726                   /lib/x86_64-linux-gnu/libnss_compat-2.15.so
7fe0bc4a7000-7fe0bc6a6000 ---p 00008000 08:06 17096726                   /lib/x86_64-linux-gnu/libnss_compat-2.15.so
7fe0bc6a6000-7fe0bc6a7000 r-xp 00007000 08:06 17096726                   /lib/x86_64-linux-gnu/libnss_compat-2.15.so
7fe0bc6a7000-7fe0bc6a8000 rwxp 00008000 08:06 17096726                   /lib/x86_64-linux-gnu/libnss_compat-2.15.so
7fe0bc6a8000-7fe0bc974000 r-xp 00000000 08:06 41301                      /usr/lib/locale/locale-archive
7fe0bc974000-7fe0bc977000 r-xp 00000000 08:06 1164258                    /usr/lib/jvm/java-6-sun-1.6.0.26/jre/lib/amd64/libnpt.so
7fe0bc977000-7fe0bca76000 ---p 00003000 08:06 1164258                    /usr/lib/jvm/java-6-sun-1.6.0.26/jre/lib/amd64/libnpt.so
7fe0bca76000-7fe0bca77000 rwxp 00002000 08:06 1164258                    /usr/lib/jvm/java-6-sun-1.6.0.26/jre/lib/amd64/libnpt.so
7fe0bca77000-7fe0bcaad000 r-xp 00000000 08:06 1164257                    /usr/lib/jvm/java-6-sun-1.6.0.26/jre/lib/amd64/libjdwp.so
7fe0bcaad000-7fe0bcbac000 ---p 00036000 08:06 1164257                    /usr/lib/jvm/java-6-sun-1.6.0.26/jre/lib/amd64/libjdwp.so
7fe0bcbac000-7fe0bcbb6000 rwxp 00035000 08:06 1164257                    /usr/lib/jvm/java-6-sun-1.6.0.26/jre/lib/amd64/libjdwp.so
7fe0bcbb6000-7fe0bcbcd000 r-xp 00000000 08:06 17096756                   /lib/x86_64-linux-gnu/libnsl-2.15.so
7fe0bcbcd000-7fe0bcdcc000 ---p 00017000 08:06 17096756                   /lib/x86_64-linux-gnu/libnsl-2.15.so
7fe0bcdcc000-7fe0bcdcd000 r-xp 00016000 08:06 17096756                   /lib/x86_64-linux-gnu/libnsl-2.15.so
7fe0bcdcd000-7fe0bcdce000 rwxp 00017000 08:06 17096756                   /lib/x86_64-linux-gnu/libnsl-2.15.so
7fe0bcdce000-7fe0bcdd0000 rwxp 00000000 00:00 0 
7fe0bcdd0000-7fe0bcdf9000 r-xp 00000000 08:06 1164269                    /usr/lib/jvm/java-6-sun-1.6.0.26/jre/lib/amd64/libjava.so
7fe0bcdf9000-7fe0bcef8000 ---p 00029000 08:06 1164269                    /usr/lib/jvm/java-6-sun-1.6.0.26/jre/lib/amd64/libjava.so
7fe0bcef8000-7fe0bceff000 rwxp 00028000 08:06 1164269                    /usr/lib/jvm/java-6-sun-1.6.0.26/jre/lib/amd64/libjava.so
7fe0bceff000-7fe0bcf0c000 r-xp 00000000 08:06 1164247                    /usr/lib/jvm/java-6-sun-1.6.0.26/jre/lib/amd64/libverify.so
7fe0bcf0c000-7fe0bd00b000 ---p 0000d000 08:06 1164247                    /usr/lib/jvm/java-6-sun-1.6.0.26/jre/lib/amd64/libverify.so
7fe0bd00b000-7fe0bd00e000 rwxp 0000c000 08:06 1164247                    /usr/lib/jvm/java-6-sun-1.6.0.26/jre/lib/amd64/libverify.so
7fe0bd00e000-7fe0bd015000 r-xp 00000000 08:06 17096731                   /lib/x86_64-linux-gnu/librt-2.15.so
7fe0bd015000-7fe0bd214000 ---p 00007000 08:06 17096731                   /lib/x86_64-linux-gnu/librt-2.15.so
7fe0bd214000-7fe0bd215000 r-xp 00006000 08:06 17096731                   /lib/x86_64-linux-gnu/librt-2.15.so
7fe0bd215000-7fe0bd216000 rwxp 00007000 08:06 17096731                   /lib/x86_64-linux-gnu/librt-2.15.so
7fe0bd216000-7fe0bd219000 ---p 00000000 00:00 0 
7fe0bd219000-7fe0bd317000 rwxp 00000000 00:00 0 
7fe0bd317000-7fe0bd412000 r-xp 00000000 08:06 17096735                   /lib/x86_64-linux-gnu/libm-2.15.so
7fe0bd412000-7fe0bd611000 ---p 000fb000 08:06 17096735                   /lib/x86_64-linux-gnu/libm-2.15.so
7fe0bd611000-7fe0bd612000 r-xp 000fa000 08:06 17096735                   /lib/x86_64-linux-gnu/libm-2.15.so
7fe0bd612000-7fe0bd613000 rwxp 000fb000 08:06 17096735                   /lib/x86_64-linux-gnu/libm-2.15.so
7fe0bd613000-7fe0bdf2d000 r-xp 00000000 08:06 1164273                    /usr/lib/jvm/java-6-sun-1.6.0.26/jre/lib/amd64/server/libjvm.so
7fe0bdf2d000-7fe0be02f000 ---p 0091a000 08:06 1164273                    /usr/lib/jvm/java-6-sun-1.6.0.26/jre/lib/amd64/server/libjvm.so
7fe0be02f000-7fe0be1e4000 rwxp 0091c000 08:06 1164273                    /usr/lib/jvm/java-6-sun-1.6.0.26/jre/lib/amd64/server/libjvm.so
7fe0be1e4000-7fe0be21e000 rwxp 00000000 00:00 0 
7fe0be21e000-7fe0be3d3000 r-xp 00000000 08:06 17096724                   /lib/x86_64-linux-gnu/libc-2.15.so
7fe0be3d3000-7fe0be5d3000 ---p 001b5000 08:06 17096724                   /lib/x86_64-linux-gnu/libc-2.15.so
7fe0be5d3000-7fe0be5d7000 r-xp 001b5000 08:06 17096724                   /lib/x86_64-linux-gnu/libc-2.15.so
7fe0be5d7000-7fe0be5d9000 rwxp 001b9000 08:06 17096724                   /lib/x86_64-linux-gnu/libc-2.15.so
7fe0be5d9000-7fe0be5de000 rwxp 00000000 00:00 0 
7fe0be5de000-7fe0be5e0000 r-xp 00000000 08:06 17096751                   /lib/x86_64-linux-gnu/libdl-2.15.so
7fe0be5e0000-7fe0be7e0000 ---p 00002000 08:06 17096751                   /lib/x86_64-linux-gnu/libdl-2.15.so
7fe0be7e0000-7fe0be7e1000 r-xp 00002000 08:06 17096751                   /lib/x86_64-linux-gnu/libdl-2.15.so
7fe0be7e1000-7fe0be7e2000 rwxp 00003000 08:06 17096751                   /lib/x86_64-linux-gnu/libdl-2.15.so
7fe0be7e2000-7fe0be7fa000 r-xp 00000000 08:06 17096733                   /lib/x86_64-linux-gnu/libpthread-2.15.so
7fe0be7fa000-7fe0be9f9000 ---p 00018000 08:06 17096733                   /lib/x86_64-linux-gnu/libpthread-2.15.so
7fe0be9f9000-7fe0be9fa000 r-xp 00017000 08:06 17096733                   /lib/x86_64-linux-gnu/libpthread-2.15.so
7fe0be9fa000-7fe0be9fb000 rwxp 00018000 08:06 17096733                   /lib/x86_64-linux-gnu/libpthread-2.15.so
7fe0be9fb000-7fe0be9ff000 rwxp 00000000 00:00 0 
7fe0be9ff000-7fe0bea21000 r-xp 00000000 08:06 17096736                   /lib/x86_64-linux-gnu/ld-2.15.so
7fe0bea30000-7fe0bea3a000 rwxp 00000000 00:00 0 
7fe0bea3a000-7fe0beaf0000 rwxp 00000000 00:00 0 
7fe0beaf0000-7fe0beaf3000 rwxp 00000000 00:00 0 
7fe0beaf3000-7fe0beafa000 r-xp 00000000 08:06 1164244                    /usr/lib/jvm/java-6-sun-1.6.0.26/jre/lib/amd64/jli/libjli.so
7fe0beafa000-7fe0bebfb000 ---p 00007000 08:06 1164244                    /usr/lib/jvm/java-6-sun-1.6.0.26/jre/lib/amd64/jli/libjli.so
7fe0bebfb000-7fe0bebfd000 rwxp 00008000 08:06 1164244                    /usr/lib/jvm/java-6-sun-1.6.0.26/jre/lib/amd64/jli/libjli.so
7fe0bebfd000-7fe0bebfe000 rwxp 00000000 00:00 0 
7fe0bec15000-7fe0bec1d000 rwxs 00000000 08:06 16892161                   /tmp/hsperfdata_davidg/4034
7fe0bec1d000-7fe0bec1e000 rwxp 00000000 00:00 0 
7fe0bec1e000-7fe0bec1f000 r-xp 00000000 00:00 0 
7fe0bec1f000-7fe0bec21000 rwxp 00000000 00:00 0 
7fe0bec21000-7fe0bec22000 r-xp 00022000 08:06 17096736                   /lib/x86_64-linux-gnu/ld-2.15.so
7fe0bec22000-7fe0bec24000 rwxp 00023000 08:06 17096736                   /lib/x86_64-linux-gnu/ld-2.15.so
7fff0f69e000-7fff0f6bf000 rwxp 00000000 00:00 0                          [stack]
7fff0f6cb000-7fff0f6cc000 r-xp 00000000 00:00 0                          [vdso]
ffffffffff600000-ffffffffff601000 r-xp 00000000 00:00 0                  [vsyscall]

VM Arguments:
jvm_args: -agentlib:jdwp=transport=dt_socket,suspend=y,address=localhost:40644 -Dfile.encoding=UTF-8 
java_command: src.core.MainBoardCellsCounter
Launcher Type: SUN_STANDARD

Environment Variables:
PATH=/usr/lib/lightdm/lightdm:/usr/local/sbin:/usr/local/bin:/usr/sbin:/usr/bin:/sbin:/bin:/usr/games
LD_LIBRARY_PATH=/usr/lib/jvm/java-6-sun-1.6.0.26/jre/lib/amd64/server:/usr/lib/jvm/java-6-sun-1.6.0.26/jre/lib/amd64:/usr/lib/jvm/java-6-sun-1.6.0.26/jre/../lib/amd64:/usr/lib/jvm/java-6-openjdk-amd64/jre/lib/amd64/server:/usr/lib/jvm/java-6-openjdk-amd64/jre/lib/amd64:/usr/lib/jvm/java-6-openjdk-amd64/jre/../lib/amd64
SHELL=/bin/bash
DISPLAY=:0

Signal Handlers:
SIGSEGV: [libjvm.so+0x85f800], sa_mask[0]=0x7ffbfeff, sa_flags=0x10000004
SIGBUS: [libjvm.so+0x85f800], sa_mask[0]=0x7ffbfeff, sa_flags=0x10000004
SIGFPE: [libjvm.so+0x70e300], sa_mask[0]=0x7ffbfeff, sa_flags=0x10000004
SIGPIPE: [libjvm.so+0x70e300], sa_mask[0]=0x7ffbfeff, sa_flags=0x10000004
SIGXFSZ: [libjvm.so+0x70e300], sa_mask[0]=0x7ffbfeff, sa_flags=0x10000004
SIGILL: [libjvm.so+0x70e300], sa_mask[0]=0x7ffbfeff, sa_flags=0x10000004
SIGUSR1: SIG_DFL, sa_mask[0]=0x00000000, sa_flags=0x00000000
SIGUSR2: [libjvm.so+0x711110], sa_mask[0]=0x00000004, sa_flags=0x10000004
SIGHUP: [libjvm.so+0x710d10], sa_mask[0]=0x7ffbfeff, sa_flags=0x10000004
SIGINT: [libjvm.so+0x710d10], sa_mask[0]=0x7ffbfeff, sa_flags=0x10000004
SIGTERM: [libjvm.so+0x710d10], sa_mask[0]=0x7ffbfeff, sa_flags=0x10000004
SIGQUIT: [libjvm.so+0x710d10], sa_mask[0]=0x7ffbfeff, sa_flags=0x10000004


---------------  S Y S T E M  ---------------

OS:wheezy/sid

uname:Linux 3.2.0-61-generic #93-Ubuntu SMP Fri May 2 21:31:50 UTC 2014 x86_64
libc:glibc 2.15 NPTL 2.15 
rlimit: STACK 8192k, CORE 0k, NPROC 62793, NOFILE 4096, AS infinity
load average:1.92 0.53 0.26

/proc/meminfo:
MemTotal:        8055140 kB
MemFree:         6148480 kB
Buffers:          176172 kB
Cached:           703268 kB
SwapCached:            0 kB
Active:          1074824 kB
Inactive:         603916 kB
Active(anon):     800316 kB
Inactive(anon):   142704 kB
Active(file):     274508 kB
Inactive(file):   461212 kB
Unevictable:           0 kB
Mlocked:               0 kB
SwapTotal:             0 kB
SwapFree:              0 kB
Dirty:              1360 kB
Writeback:             0 kB
AnonPages:        798796 kB
Mapped:           152656 kB
Shmem:            143684 kB
Slab:              72176 kB
SReclaimable:      39356 kB
SUnreclaim:        32820 kB
KernelStack:        4368 kB
PageTables:        25324 kB
NFS_Unstable:          0 kB
Bounce:                0 kB
WritebackTmp:          0 kB
CommitLimit:     4027568 kB
Committed_AS:    2912800 kB
VmallocTotal:   34359738367 kB
VmallocUsed:      371452 kB
VmallocChunk:   34359356412 kB
HardwareCorrupted:     0 kB
AnonHugePages:         0 kB
HugePages_Total:       0
HugePages_Free:        0
HugePages_Rsvd:        0
HugePages_Surp:        0
Hugepagesize:       2048 kB
DirectMap4k:       75776 kB
DirectMap2M:     8198144 kB


CPU:total 8 (4 cores per cpu, 2 threads per core) family 6 model 42 stepping 7, cmov, cx8, fxsr, mmx, sse, sse2, sse3, ssse3, sse4.1, sse4.2, popcnt, ht

/proc/cpuinfo:
processor	: 0
vendor_id	: GenuineIntel
cpu family	: 6
model		: 42
model name	: Intel(R) Core(TM) i7-2720QM CPU @ 2.20GHz
stepping	: 7
microcode	: 0x28
cpu MHz		: 800.000
cache size	: 6144 KB
physical id	: 0
siblings	: 8
core id		: 0
cpu cores	: 4
apicid		: 0
initial apicid	: 0
fpu		: yes
fpu_exception	: yes
cpuid level	: 13
wp		: yes
flags		: fpu vme de pse tsc msr pae mce cx8 apic sep mtrr pge mca cmov pat pse36 clflush dts acpi mmx fxsr sse sse2 ss ht tm pbe syscall nx rdtscp lm constant_tsc arch_perfmon pebs bts rep_good nopl xtopology nonstop_tsc aperfmperf pni pclmulqdq dtes64 monitor ds_cpl vmx smx est tm2 ssse3 cx16 xtpr pdcm pcid sse4_1 sse4_2 x2apic popcnt tsc_deadline_timer aes xsave avx lahf_lm ida arat epb xsaveopt pln pts dtherm tpr_shadow vnmi flexpriority ept vpid
bogomips	: 4390.09
clflush size	: 64
cache_alignment	: 64
address sizes	: 36 bits physical, 48 bits virtual
power management:

processor	: 1
vendor_id	: GenuineIntel
cpu family	: 6
model		: 42
model name	: Intel(R) Core(TM) i7-2720QM CPU @ 2.20GHz
stepping	: 7
microcode	: 0x28
cpu MHz		: 800.000
cache size	: 6144 KB
physical id	: 0
siblings	: 8
core id		: 1
cpu cores	: 4
apicid		: 2
initial apicid	: 2
fpu		: yes
fpu_exception	: yes
cpuid level	: 13
wp		: yes
flags		: fpu vme de pse tsc msr pae mce cx8 apic sep mtrr pge mca cmov pat pse36 clflush dts acpi mmx fxsr sse sse2 ss ht tm pbe syscall nx rdtscp lm constant_tsc arch_perfmon pebs bts rep_good nopl xtopology nonstop_tsc aperfmperf pni pclmulqdq dtes64 monitor ds_cpl vmx smx est tm2 ssse3 cx16 xtpr pdcm pcid sse4_1 sse4_2 x2apic popcnt tsc_deadline_timer aes xsave avx lahf_lm ida arat epb xsaveopt pln pts dtherm tpr_shadow vnmi flexpriority ept vpid
bogomips	: 4389.83
clflush size	: 64
cache_alignment	: 64
address sizes	: 36 bits physical, 48 bits virtual
power management:

processor	: 2
vendor_id	: GenuineIntel
cpu family	: 6
model		: 42
model name	: Intel(R) Core(TM) i7-2720QM CPU @ 2.20GHz
stepping	: 7
microcode	: 0x28
cpu MHz		: 800.000
cache size	: 6144 KB
physical id	: 0
siblings	: 8
core id		: 2
cpu cores	: 4
apicid		: 4
initial apicid	: 4
fpu		: yes
fpu_exception	: yes
cpuid level	: 13
wp		: yes
flags		: fpu vme de pse tsc msr pae mce cx8 apic sep mtrr pge mca cmov pat pse36 clflush dts acpi mmx fxsr sse sse2 ss ht tm pbe syscall nx rdtscp lm constant_tsc arch_perfmon pebs bts rep_good nopl xtopology nonstop_tsc aperfmperf pni pclmulqdq dtes64 monitor ds_cpl vmx smx est tm2 ssse3 cx16 xtpr pdcm pcid sse4_1 sse4_2 x2apic popcnt tsc_deadline_timer aes xsave avx lahf_lm ida arat epb xsaveopt pln pts dtherm tpr_shadow vnmi flexpriority ept vpid
bogomips	: 4389.84
clflush size	: 64
cache_alignment	: 64
address sizes	: 36 bits physical, 48 bits virtual
power management:

processor	: 3
vendor_id	: GenuineIntel
cpu family	: 6
model		: 42
model name	: Intel(R) Core(TM) i7-2720QM CPU @ 2.20GHz
stepping	: 7
microcode	: 0x28
cpu MHz		: 800.000
cache size	: 6144 KB
physical id	: 0
siblings	: 8
core id		: 3
cpu cores	: 4
apicid		: 6
initial apicid	: 6
fpu		: yes
fpu_exception	: yes
cpuid level	: 13
wp		: yes
flags		: fpu vme de pse tsc msr pae mce cx8 apic sep mtrr pge mca cmov pat pse36 clflush dts acpi mmx fxsr sse sse2 ss ht tm pbe syscall nx rdtscp lm constant_tsc arch_perfmon pebs bts rep_good nopl xtopology nonstop_tsc aperfmperf pni pclmulqdq dtes64 monitor ds_cpl vmx smx est tm2 ssse3 cx16 xtpr pdcm pcid sse4_1 sse4_2 x2apic popcnt tsc_deadline_timer aes xsave avx lahf_lm ida arat epb xsaveopt pln pts dtherm tpr_shadow vnmi flexpriority ept vpid
bogomips	: 4389.83
clflush size	: 64
cache_alignment	: 64
address sizes	: 36 bits physical, 48 bits virtual
power management:

processor	: 4
vendor_id	: GenuineIntel
cpu family	: 6
model		: 42
model name	: Intel(R) Core(TM) i7-2720QM CPU @ 2.20GHz
stepping	: 7
microcode	: 0x28
cpu MHz		: 800.000
cache size	: 6144 KB
physical id	: 0
siblings	: 8
core id		: 0
cpu cores	: 4
apicid		: 1
initial apicid	: 1
fpu		: yes
fpu_exception	: yes
cpuid level	: 13
wp		: yes
flags		: fpu vme de pse tsc msr pae mce cx8 apic sep mtrr pge mca cmov pat pse36 clflush dts acpi mmx fxsr sse sse2 ss ht tm pbe syscall nx rdtscp lm constant_tsc arch_perfmon pebs bts rep_good nopl xtopology nonstop_tsc aperfmperf pni pclmulqdq dtes64 monitor ds_cpl vmx smx est tm2 ssse3 cx16 xtpr pdcm pcid sse4_1 sse4_2 x2apic popcnt tsc_deadline_timer aes xsave avx lahf_lm ida arat epb xsaveopt pln pts dtherm tpr_shadow vnmi flexpriority ept vpid
bogomips	: 4389.83
clflush size	: 64
cache_alignment	: 64
address sizes	: 36 bits physical, 48 bits virtual
power management:

processor	: 5
vendor_id	: GenuineIntel
cpu family	: 6
model		: 42
model name	: Intel(R) Core(TM) i7-2720QM CPU @ 2.20GHz
stepping	: 7
microcode	: 0x28
cpu MHz		: 800.000
cache size	: 6144 KB
physical id	: 0
siblings	: 8
core id		: 1
cpu cores	: 4
apicid		: 3
initial apicid	: 3
fpu		: yes
fpu_exception	: yes
cpuid level	: 13
wp		: yes
flags		: fpu vme de pse tsc msr pae mce cx8 apic sep mtrr pge mca cmov pat pse36 clflush dts acpi mmx fxsr sse sse2 ss ht tm pbe syscall nx rdtscp lm constant_tsc arch_perfmon pebs bts rep_good nopl xtopology nonstop_tsc aperfmperf pni pclmulqdq dtes64 monitor ds_cpl vmx smx est tm2 ssse3 cx16 xtpr pdcm pcid sse4_1 sse4_2 x2apic popcnt tsc_deadline_timer aes xsave avx lahf_lm ida arat epb xsaveopt pln pts dtherm tpr_shadow vnmi flexpriority ept vpid
bogomips	: 4389.84
clflush size	: 64
cache_alignment	: 64
address sizes	: 36 bits physical, 48 bits virtual
power management:

processor	: 6
vendor_id	: GenuineIntel
cpu family	: 6
model		: 42
model name	: Intel(R) Core(TM) i7-2720QM CPU @ 2.20GHz
stepping	: 7
microcode	: 0x28
cpu MHz		: 800.000
cache size	: 6144 KB
physical id	: 0
siblings	: 8
core id		: 2
cpu cores	: 4
apicid		: 5
initial apicid	: 5
fpu		: yes
fpu_exception	: yes
cpuid level	: 13
wp		: yes
flags		: fpu vme de pse tsc msr pae mce cx8 apic sep mtrr pge mca cmov pat pse36 clflush dts acpi mmx fxsr sse sse2 ss ht tm pbe syscall nx rdtscp lm constant_tsc arch_perfmon pebs bts rep_good nopl xtopology nonstop_tsc aperfmperf pni pclmulqdq dtes64 monitor ds_cpl vmx smx est tm2 ssse3 cx16 xtpr pdcm pcid sse4_1 sse4_2 x2apic popcnt tsc_deadline_timer aes xsave avx lahf_lm ida arat epb xsaveopt pln pts dtherm tpr_shadow vnmi flexpriority ept vpid
bogomips	: 4389.82
clflush size	: 64
cache_alignment	: 64
address sizes	: 36 bits physical, 48 bits virtual
power management:

processor	: 7
vendor_id	: GenuineIntel
cpu family	: 6
model		: 42
model name	: Intel(R) Core(TM) i7-2720QM CPU @ 2.20GHz
stepping	: 7
microcode	: 0x28
cpu MHz		: 800.000
cache size	: 6144 KB
physical id	: 0
siblings	: 8
core id		: 3
cpu cores	: 4
apicid		: 7
initial apicid	: 7
fpu		: yes
fpu_exception	: yes
cpuid level	: 13
wp		: yes
flags		: fpu vme de pse tsc msr pae mce cx8 apic sep mtrr pge mca cmov pat pse36 clflush dts acpi mmx fxsr sse sse2 ss ht tm pbe syscall nx rdtscp lm constant_tsc arch_perfmon pebs bts rep_good nopl xtopology nonstop_tsc aperfmperf pni pclmulqdq dtes64 monitor ds_cpl vmx smx est tm2 ssse3 cx16 xtpr pdcm pcid sse4_1 sse4_2 x2apic popcnt tsc_deadline_timer aes xsave avx lahf_lm ida arat epb xsaveopt pln pts dtherm tpr_shadow vnmi flexpriority ept vpid
bogomips	: 4389.83
clflush size	: 64
cache_alignment	: 64
address sizes	: 36 bits physical, 48 bits virtual
power management:



Memory: 4k page, physical 8055140k(6148480k free), swap 0k(0k free)

vm_info: Java HotSpot(TM) 64-Bit Server VM (20.1-b02) for linux-amd64 JRE (1.6.0_26-b03), built on May  4 2011 01:13:47 by "java_re" with gcc 3.2.2 (SuSE Linux)

time: Thu Sep 11 16:09:08 2014
elapsed time: 8443 seconds

